\BOOKMARK [0][-]{first page.0}{First Page}{}% 1
\BOOKMARK [0][-]{contents.0}{Contents}{}% 2
\BOOKMARK [1][-]{section.1}{Abbreviations}{contents.0}% 3
\BOOKMARK [1][-]{section.2}{What you need}{contents.0}% 4
\BOOKMARK [1][-]{section.3}{Structure of Play}{contents.0}% 5
\BOOKMARK [2][-]{subsection.3.1}{Placement of terrain and units}{section.3}% 6
\BOOKMARK [2][-]{subsection.3.2}{Action Phase}{section.3}% 7
\BOOKMARK [3][-]{subsubsection.3.2.1}{Possible Actions}{subsection.3.2}% 8
\BOOKMARK [3][-]{subsubsection.3.2.2}{Rules of Sight}{subsection.3.2}% 9
\BOOKMARK [3][-]{subsubsection.3.2.3}{Initiating Melee Combat}{subsection.3.2}% 10
\BOOKMARK [3][-]{subsubsection.3.2.4}{Reactions to being attacked in Melee Combat}{subsection.3.2}% 11
\BOOKMARK [3][-]{subsubsection.3.2.5}{Being bound by Melee Combat}{subsection.3.2}% 12
\BOOKMARK [3][-]{subsubsection.3.2.6}{Shooting}{subsection.3.2}% 13
\BOOKMARK [3][-]{subsubsection.3.2.7}{Suppressive Fire}{subsection.3.2}% 14
\BOOKMARK [2][-]{subsection.3.3}{Melee Phase}{section.3}% 15
\BOOKMARK [1][-]{section.4}{Shooting, Hitting, Wounding, Saving, Killing and other related fun}{contents.0}% 16
\BOOKMARK [2][-]{subsection.4.1}{The Shooty Part}{section.4}% 17
\BOOKMARK [3][-]{subsubsection.4.1.1}{Amount of Shots Fired}{subsection.4.1}% 18
\BOOKMARK [3][-]{subsubsection.4.1.2}{Shooting Area of Effect Weapons}{subsection.4.1}% 19
\BOOKMARK [3][-]{subsubsection.4.1.3}{Indirect Fire}{subsection.4.1}% 20
\BOOKMARK [2][-]{subsection.4.2}{Hitting those Shots from afar}{section.4}% 21
\BOOKMARK [2][-]{subsection.4.3}{Hitting in Melee Combat}{section.4}% 22
\BOOKMARK [2][-]{subsection.4.4}{Saving Rolls}{section.4}% 23
\BOOKMARK [3][-]{subsubsection.4.4.1}{Pre-Wound Saves}{subsection.4.4}% 24
\BOOKMARK [3][-]{subsubsection.4.4.2}{Post-Wound Saves}{subsection.4.4}% 25
\BOOKMARK [3][-]{subsubsection.4.4.3}{Multiple Saves}{subsection.4.4}% 26
\BOOKMARK [3][-]{subsubsection.4.4.4}{Shield Negation}{subsection.4.4}% 27
\BOOKMARK [2][-]{subsection.4.5}{Converting your Hits into Wounds}{section.4}% 28
\BOOKMARK [2][-]{subsection.4.6}{Re-Rolls}{section.4}% 29
\BOOKMARK [1][-]{section.5}{Morale}{contents.0}% 30
\BOOKMARK [1][-]{section.6}{Stats, Attributes and Making Your Own Soldiers and Units}{contents.0}% 31
\BOOKMARK [1][-]{section.7}{Equipment}{contents.0}% 32
\BOOKMARK [1][-]{section.8}{Weaponry}{contents.0}% 33
\BOOKMARK [1][-]{section.9}{Abilities}{contents.0}% 34
\BOOKMARK [1][-]{section.10}{Vehicles}{contents.0}% 35
\BOOKMARK [1][-]{section.11}{Heavy Weapon Teams}{contents.0}% 36
\BOOKMARK [1][-]{section.12}{Flying Units}{contents.0}% 37
\BOOKMARK [1][-]{section.13}{Army Composition}{contents.0}% 38
\BOOKMARK [1][-]{section.14}{How To Win The Game}{contents.0}% 39
\BOOKMARK [1][-]{section.15}{Terrain Characteristics}{contents.0}% 40
\BOOKMARK [2][-]{subsection.15.1}{Terrain, Cover and Explosions}{section.15}% 41
\BOOKMARK [2][-]{subsection.15.2}{Climbing and Jumping}{section.15}% 42
\BOOKMARK [1][-]{section.16}{Appendix}{contents.0}% 43
