This is pdfTeX, Version 3.14159265-2.6-1.40.17 (MiKTeX 2.9) (preloaded format=pdflatex 2016.6.2)  12 OCT 2016 15:12
entering extended mode
**./BetweenTwoSuns.tex
(BetweenTwoSuns.tex
LaTeX2e <2016/03/31>
Babel <3.9r> and hyphenation patterns for 75 language(s) loaded.
("C:\Program Files (x86)\MiKTeX 2.9\tex\latex\base\article.cls"
Document Class: article 2014/09/29 v1.4h Standard LaTeX document class
("C:\Program Files (x86)\MiKTeX 2.9\tex\latex\base\size11.clo"
File: size11.clo 2014/09/29 v1.4h Standard LaTeX file (size option)
)
\c@part=\count79
\c@section=\count80
\c@subsection=\count81
\c@subsubsection=\count82
\c@paragraph=\count83
\c@subparagraph=\count84
\c@figure=\count85
\c@table=\count86
\abovecaptionskip=\skip41
\belowcaptionskip=\skip42
\bibindent=\dimen102
) (libs.tex
("C:\Program Files (x86)\MiKTeX 2.9\tex\latex\titlesec\titlesec.sty"
Package: titlesec 2016/03/21 v2.10.2 Sectioning titles
\ttl@box=\box26
\beforetitleunit=\skip43
\aftertitleunit=\skip44
\ttl@plus=\dimen103
\ttl@minus=\dimen104
\ttl@toksa=\toks14
\titlewidth=\dimen105
\titlewidthlast=\dimen106
\titlewidthfirst=\dimen107
)
("C:\Program Files (x86)\MiKTeX 2.9\tex\latex\tools\array.sty"
Package: array 2014/10/28 v2.4c Tabular extension package (FMi)
\col@sep=\dimen108
\extrarowheight=\dimen109
\NC@list=\toks15
\extratabsurround=\skip45
\backup@length=\skip46
)
("C:\Program Files (x86)\MiKTeX 2.9\tex\latex\ltxmisc\varwidth.sty"
Package: varwidth 2009/03/30 ver 0.92;  Variable-width minipages
\@vwid@box=\box27
\sift@deathcycles=\count87
\@vwid@loff=\dimen110
\@vwid@roff=\dimen111
)
("C:\Program Files (x86)\MiKTeX 2.9\tex\latex\caption\caption.sty"
Package: caption 2016/02/21 v3.3-144 Customizing captions (AR)

("C:\Program Files (x86)\MiKTeX 2.9\tex\latex\caption\caption3.sty"
Package: caption3 2016/05/22 v1.7-166 caption3 kernel (AR)
Package caption3 Info: TeX engine: e-TeX on input line 67.

("C:\Program Files (x86)\MiKTeX 2.9\tex\latex\graphics\keyval.sty"
Package: keyval 2014/10/28 v1.15 key=value parser (DPC)
\KV@toks@=\toks16
)
\captionmargin=\dimen112
\captionmargin@=\dimen113
\captionwidth=\dimen114
\caption@tempdima=\dimen115
\caption@indent=\dimen116
\caption@parindent=\dimen117
\caption@hangindent=\dimen118
)
\c@ContinuedFloat=\count88
)
("C:\Program Files (x86)\MiKTeX 2.9\tex\latex\adjustbox\adjustbox.sty"
Package: adjustbox 2012/05/21 v1.0 Adjusting TeX boxes (trim, clip, ...)

("C:\Program Files (x86)\MiKTeX 2.9\tex\latex\xkeyval\xkeyval.sty"
Package: xkeyval 2014/12/03 v2.7a package option processing (HA)

("C:\Program Files (x86)\MiKTeX 2.9\tex\generic\xkeyval\xkeyval.tex"
("C:\Program Files (x86)\MiKTeX 2.9\tex\generic\xkeyval\xkvutils.tex"
\XKV@toks=\toks17
\XKV@tempa@toks=\toks18
)
\XKV@depth=\count89
File: xkeyval.tex 2014/12/03 v2.7a key=value parser (HA)
))
("C:\Program Files (x86)\MiKTeX 2.9\tex\latex\adjustbox\adjcalc.sty"
Package: adjcalc 2012/05/16 v1.1 Provides advanced setlength with multiple back
-ends (calc, etex, pgfmath)
)
("C:\Program Files (x86)\MiKTeX 2.9\tex\latex\adjustbox\trimclip.sty"
Package: trimclip 2012/05/16 v1.0 Trim and clip general TeX material

("C:\Program Files (x86)\MiKTeX 2.9\tex\latex\graphics\graphicx.sty"
Package: graphicx 2014/10/28 v1.0g Enhanced LaTeX Graphics (DPC,SPQR)

("C:\Program Files (x86)\MiKTeX 2.9\tex\latex\graphics\graphics.sty"
Package: graphics 2016/05/09 v1.0r Standard LaTeX Graphics (DPC,SPQR)

("C:\Program Files (x86)\MiKTeX 2.9\tex\latex\graphics\trig.sty"
Package: trig 2016/01/03 v1.10 sin cos tan (DPC)
)
("C:\Program Files (x86)\MiKTeX 2.9\tex\latex\00miktex\graphics.cfg"
File: graphics.cfg 2016/01/02 v1.10 sample graphics configuration
)
Package graphics Info: Driver file: pdftex.def on input line 96.

("C:\Program Files (x86)\MiKTeX 2.9\tex\latex\pdftex-def\pdftex.def"
File: pdftex.def 2011/05/27 v0.06d Graphics/color for pdfTeX

("C:\Program Files (x86)\MiKTeX 2.9\tex\generic\oberdiek\infwarerr.sty"
Package: infwarerr 2016/05/16 v1.4 Providing info/warning/error messages (HO)
)
("C:\Program Files (x86)\MiKTeX 2.9\tex\generic\oberdiek\ltxcmds.sty"
Package: ltxcmds 2016/05/16 v1.23 LaTeX kernel commands for general use (HO)
)
\Gread@gobject=\count90
))
\Gin@req@height=\dimen119
\Gin@req@width=\dimen120
)
("C:\Program Files (x86)\MiKTeX 2.9\tex\latex\collectbox\collectbox.sty"
Package: collectbox 2012/05/17 v0.4b Collect macro arguments as boxes
\collectedbox=\box28
)
\tc@llx=\dimen121
\tc@lly=\dimen122
\tc@urx=\dimen123
\tc@ury=\dimen124
Package trimclip Info: Using driver 'tc-pdftex.def'.

("C:\Program Files (x86)\MiKTeX 2.9\tex\latex\adjustbox\tc-pdftex.def"
File: tc-pdftex.def 2012/05/13 v1.0 Clipping driver for pdftex
))
\adjbox@Width=\dimen125
\adjbox@Height=\dimen126
\adjbox@Depth=\dimen127
\adjbox@Totalheight=\dimen128

("C:\Program Files (x86)\MiKTeX 2.9\tex\latex\ifoddpage\ifoddpage.sty"
Package: ifoddpage 2016/04/23 v1.1 Conditionals for odd/even page detection
\c@checkoddpage=\count91
))
("C:\Program Files (x86)\MiKTeX 2.9\tex\latex\tools\longtable.sty"
Package: longtable 2014/10/28 v4.11 Multi-page Table package (DPC)
\LTleft=\skip47
\LTright=\skip48
\LTpre=\skip49
\LTpost=\skip50
\LTchunksize=\count92
\LTcapwidth=\dimen129
\LT@head=\box29
\LT@firsthead=\box30
\LT@foot=\box31
\LT@lastfoot=\box32
\LT@cols=\count93
\LT@rows=\count94
\c@LT@tables=\count95
\c@LT@chunks=\count96
\LT@p@ftn=\toks19
)
("C:\Program Files (x86)\MiKTeX 2.9\tex\latex\tabulary\tabulary.sty"
Package: tabulary 2014/06/11 v0.10 tabulary package (DPC)
\TY@count=\count97
\TY@linewidth=\dimen130
\tymin=\dimen131
\tymax=\dimen132
\TY@tablewidth=\dimen133
)
("C:\Program Files (x86)\MiKTeX 2.9\tex\latex\geometry\geometry.sty"
Package: geometry 2010/09/12 v5.6 Page Geometry

("C:\Program Files (x86)\MiKTeX 2.9\tex\generic\oberdiek\ifpdf.sty"
Package: ifpdf 2016/05/14 v3.1 Provides the ifpdf switch
)
("C:\Program Files (x86)\MiKTeX 2.9\tex\generic\oberdiek\ifvtex.sty"
Package: ifvtex 2016/05/16 v1.6 Detect VTeX and its facilities (HO)
Package ifvtex Info: VTeX not detected.
)
("C:\Program Files (x86)\MiKTeX 2.9\tex\generic\ifxetex\ifxetex.sty"
Package: ifxetex 2010/09/12 v0.6 Provides ifxetex conditional
)
\Gm@cnth=\count98
\Gm@cntv=\count99
\c@Gm@tempcnt=\count100
\Gm@bindingoffset=\dimen134
\Gm@wd@mp=\dimen135
\Gm@odd@mp=\dimen136
\Gm@even@mp=\dimen137
\Gm@layoutwidth=\dimen138
\Gm@layoutheight=\dimen139
\Gm@layouthoffset=\dimen140
\Gm@layoutvoffset=\dimen141
\Gm@dimlist=\toks20

("C:\Program Files (x86)\MiKTeX 2.9\tex\latex\geometry\geometry.cfg"))
("C:\Program Files (x86)\MiKTeX 2.9\tex\latex\xcolor\xcolor.sty"
Package: xcolor 2016/05/11 v2.12 LaTeX color extensions (UK)

("C:\Program Files (x86)\MiKTeX 2.9\tex\latex\00miktex\color.cfg"
File: color.cfg 2016/01/02 v1.6 sample color configuration
)
Package xcolor Info: Driver file: pdftex.def on input line 225.

("C:\Program Files (x86)\MiKTeX 2.9\tex\latex\colortbl\colortbl.sty"
Package: colortbl 2012/02/13 v1.0a Color table columns (DPC)
\everycr=\toks21
\minrowclearance=\skip51
)
\rownum=\count101
Package xcolor Info: Model `cmy' substituted by `cmy0' on input line 1348.
Package xcolor Info: Model `hsb' substituted by `rgb' on input line 1352.
Package xcolor Info: Model `RGB' extended on input line 1364.
Package xcolor Info: Model `HTML' substituted by `rgb' on input line 1366.
Package xcolor Info: Model `Hsb' substituted by `hsb' on input line 1367.
Package xcolor Info: Model `tHsb' substituted by `hsb' on input line 1368.
Package xcolor Info: Model `HSB' substituted by `hsb' on input line 1369.
Package xcolor Info: Model `Gray' substituted by `gray' on input line 1370.
Package xcolor Info: Model `wave' substituted by `hsb' on input line 1371.

("C:\Program Files (x86)\MiKTeX 2.9\tex\latex\graphics\dvipsnam.def"
File: dvipsnam.def 2015/12/30 v3.0k Driver-dependent file (DPC,SPQR)
))
("C:\Program Files (x86)\MiKTeX 2.9\tex\latex\hyperref\hyperref.sty"
Package: hyperref 2016/05/05 v6.83n Hypertext links for LaTeX

("C:\Program Files (x86)\MiKTeX 2.9\tex\generic\oberdiek\hobsub-hyperref.sty"
Package: hobsub-hyperref 2016/05/16 v1.14 Bundle oberdiek, subset hyperref (HO)


("C:\Program Files (x86)\MiKTeX 2.9\tex\generic\oberdiek\hobsub-generic.sty"
Package: hobsub-generic 2016/05/16 v1.14 Bundle oberdiek, subset generic (HO)
Package: hobsub 2016/05/16 v1.14 Construct package bundles (HO)
Package hobsub Info: Skipping package `infwarerr' (already loaded).
Package hobsub Info: Skipping package `ltxcmds' (already loaded).
Package: ifluatex 2016/05/16 v1.4 Provides the ifluatex switch (HO)
Package ifluatex Info: LuaTeX not detected.
Package hobsub Info: Skipping package `ifvtex' (already loaded).
Package: intcalc 2016/05/16 v1.2 Expandable calculations with integers (HO)
Package hobsub Info: Skipping package `ifpdf' (already loaded).
Package: etexcmds 2016/05/16 v1.6 Avoid name clashes with e-TeX commands (HO)
Package etexcmds Info: Could not find \expanded.
(etexcmds)             That can mean that you are not using pdfTeX 1.50 or
(etexcmds)             that some package has redefined \expanded.
(etexcmds)             In the latter case, load this package earlier.
Package: kvsetkeys 2016/05/16 v1.17 Key value parser (HO)
Package: kvdefinekeys 2016/05/16 v1.4 Define keys (HO)
Package: pdftexcmds 2016/05/10 v0.21 Utility functions of pdfTeX for LuaTeX (HO
)
Package pdftexcmds Info: LuaTeX not detected.
Package pdftexcmds Info: \pdf@primitive is available.
Package pdftexcmds Info: \pdf@ifprimitive is available.
Package pdftexcmds Info: \pdfdraftmode found.
Package: pdfescape 2016/05/16 v1.14 Implements pdfTeX's escape features (HO)
Package: bigintcalc 2016/05/16 v1.4 Expandable calculations on big integers (HO
)
Package: bitset 2016/05/16 v1.2 Handle bit-vector datatype (HO)
Package: uniquecounter 2016/05/16 v1.3 Provide unlimited unique counter (HO)
)
Package hobsub Info: Skipping package `hobsub' (already loaded).
Package: letltxmacro 2016/05/16 v1.5 Let assignment for LaTeX macros (HO)
Package: hopatch 2016/05/16 v1.3 Wrapper for package hooks (HO)
Package: xcolor-patch 2016/05/16 xcolor patch
Package: atveryend 2016/05/16 v1.9 Hooks at the very end of document (HO)
Package atveryend Info: \enddocument detected (standard20110627).
Package: atbegshi 2016/05/16 v1.17 At begin shipout hook (HO)
Package: refcount 2016/05/16 v3.5 Data extraction from label references (HO)
Package: hycolor 2016/05/16 v1.8 Color options for hyperref/bookmark (HO)
)
("C:\Program Files (x86)\MiKTeX 2.9\tex\latex\oberdiek\auxhook.sty"
Package: auxhook 2016/05/16 v1.4 Hooks for auxiliary files (HO)
)
("C:\Program Files (x86)\MiKTeX 2.9\tex\latex\oberdiek\kvoptions.sty"
Package: kvoptions 2016/05/16 v3.12 Key value format for package options (HO)
)
\@linkdim=\dimen142
\Hy@linkcounter=\count102
\Hy@pagecounter=\count103

("C:\Program Files (x86)\MiKTeX 2.9\tex\latex\hyperref\pd1enc.def"
File: pd1enc.def 2016/05/05 v6.83n Hyperref: PDFDocEncoding definition (HO)
)
\Hy@SavedSpaceFactor=\count104

("C:\Program Files (x86)\MiKTeX 2.9\tex\latex\00miktex\hyperref.cfg"
File: hyperref.cfg 2002/06/06 v1.2 hyperref configuration of TeXLive
)
Package hyperref Info: Option `colorlinks' set `true' on input line 4322.
Package hyperref Info: Option `bookmarks' set `true' on input line 4322.
Package hyperref Info: Hyper figures OFF on input line 4446.
Package hyperref Info: Link nesting OFF on input line 4451.
Package hyperref Info: Hyper index ON on input line 4454.
Package hyperref Info: Plain pages OFF on input line 4461.
Package hyperref Info: Backreferencing OFF on input line 4466.
Package hyperref Info: Implicit mode ON; LaTeX internals redefined.
Package hyperref Info: Bookmarks ON on input line 4691.
\c@Hy@tempcnt=\count105

("C:\Program Files (x86)\MiKTeX 2.9\tex\latex\url\url.sty"
\Urlmuskip=\muskip10
Package: url 2013/09/16  ver 3.4  Verb mode for urls, etc.
)
LaTeX Info: Redefining \url on input line 5044.
\XeTeXLinkMargin=\dimen143
\Fld@menulength=\count106
\Field@Width=\dimen144
\Fld@charsize=\dimen145
Package hyperref Info: Hyper figures OFF on input line 6298.
Package hyperref Info: Link nesting OFF on input line 6303.
Package hyperref Info: Hyper index ON on input line 6306.
Package hyperref Info: backreferencing OFF on input line 6313.
Package hyperref Info: Link coloring ON on input line 6316.
Package hyperref Info: Link coloring with OCG OFF on input line 6323.
Package hyperref Info: PDF/A mode OFF on input line 6328.
LaTeX Info: Redefining \ref on input line 6368.
LaTeX Info: Redefining \pageref on input line 6372.
\Hy@abspage=\count107
\c@Item=\count108
\c@Hfootnote=\count109
)

Package hyperref Message: Driver (autodetected): hpdftex.

("C:\Program Files (x86)\MiKTeX 2.9\tex\latex\hyperref\hpdftex.def"
File: hpdftex.def 2016/05/05 v6.83n Hyperref driver for pdfTeX
\Fld@listcount=\count110
\c@bookmark@seq@number=\count111

("C:\Program Files (x86)\MiKTeX 2.9\tex\latex\oberdiek\rerunfilecheck.sty"
Package: rerunfilecheck 2016/05/16 v1.8 Rerun checks for auxiliary files (HO)
Package uniquecounter Info: New unique counter `rerunfilecheck' on input line 2
82.
)
\Hy@SectionHShift=\skip52
)
("C:\Program Files (x86)\MiKTeX 2.9\tex\latex\oberdiek\bookmark.sty"
Package: bookmark 2016/05/16 v1.25 PDF bookmarks (HO)

("C:\Program Files (x86)\MiKTeX 2.9\tex\latex\oberdiek\bkm-pdftex.def"
File: bkm-pdftex.def 2016/05/16 v1.25 bookmark driver for pdfTeX (HO)
\BKM@id=\count112
))
("C:\Program Files (x86)\MiKTeX 2.9\tex\latex\background\background.sty"
Package: background 2014/03/04 v2.1 background material

("C:\Program Files (x86)\MiKTeX 2.9\tex\latex\pgf\frontendlayer\tikz.sty"
("C:\Program Files (x86)\MiKTeX 2.9\tex\latex\pgf\basiclayer\pgf.sty"
("C:\Program Files (x86)\MiKTeX 2.9\tex\latex\pgf\utilities\pgfrcs.sty"
("C:\Program Files (x86)\MiKTeX 2.9\tex\generic\pgf\utilities\pgfutil-common.te
x"
\pgfutil@everybye=\toks22
\pgfutil@tempdima=\dimen146
\pgfutil@tempdimb=\dimen147

("C:\Program Files (x86)\MiKTeX 2.9\tex\generic\pgf\utilities\pgfutil-common-li
sts.tex"))
("C:\Program Files (x86)\MiKTeX 2.9\tex\generic\pgf\utilities\pgfutil-latex.def
"
\pgfutil@abb=\box33
 ("C:\Program Files (x86)\MiKTeX 2.9\tex\latex\ms\everyshi.sty"
Package: everyshi 2001/05/15 v3.00 EveryShipout Package (MS)
))
("C:\Program Files (x86)\MiKTeX 2.9\tex\generic\pgf\utilities\pgfrcs.code.tex"
Package: pgfrcs 2015/08/07 v3.0.1a (rcs-revision 1.31)
))
Package: pgf 2015/08/07 v3.0.1a (rcs-revision 1.15)
 ("C:\Program Files (x86)\MiKTeX 2.9\tex\latex\pgf\basiclayer\pgfcore.sty"
("C:\Program Files (x86)\MiKTeX 2.9\tex\latex\pgf\systemlayer\pgfsys.sty"
("C:\Program Files (x86)\MiKTeX 2.9\tex\generic\pgf\systemlayer\pgfsys.code.tex
"
Package: pgfsys 2014/07/09 v3.0.1a (rcs-revision 1.48)
 ("C:\Program Files (x86)\MiKTeX 2.9\tex\generic\pgf\utilities\pgfkeys.code.tex
"
\pgfkeys@pathtoks=\toks23
\pgfkeys@temptoks=\toks24

("C:\Program Files (x86)\MiKTeX 2.9\tex\generic\pgf\utilities\pgfkeysfiltered.c
ode.tex"
\pgfkeys@tmptoks=\toks25
))
\pgf@x=\dimen148
\pgf@y=\dimen149
\pgf@xa=\dimen150
\pgf@ya=\dimen151
\pgf@xb=\dimen152
\pgf@yb=\dimen153
\pgf@xc=\dimen154
\pgf@yc=\dimen155
\w@pgf@writea=\write3
\r@pgf@reada=\read1
\c@pgf@counta=\count113
\c@pgf@countb=\count114
\c@pgf@countc=\count115
\c@pgf@countd=\count116
\t@pgf@toka=\toks26
\t@pgf@tokb=\toks27
\t@pgf@tokc=\toks28

("C:\Program Files (x86)\MiKTeX 2.9\tex\generic\pgf\systemlayer\pgf.cfg"
File: pgf.cfg 2008/05/14  (rcs-revision 1.7)
)
Driver file for pgf: pgfsys-pdftex.def

("C:\Program Files (x86)\MiKTeX 2.9\tex\generic\pgf\systemlayer\pgfsys-pdftex.d
ef"
File: pgfsys-pdftex.def 2014/10/11  (rcs-revision 1.35)

("C:\Program Files (x86)\MiKTeX 2.9\tex\generic\pgf\systemlayer\pgfsys-common-p
df.def"
File: pgfsys-common-pdf.def 2013/10/10  (rcs-revision 1.13)
)))
("C:\Program Files (x86)\MiKTeX 2.9\tex\generic\pgf\systemlayer\pgfsyssoftpath.
code.tex"
File: pgfsyssoftpath.code.tex 2013/09/09  (rcs-revision 1.9)
\pgfsyssoftpath@smallbuffer@items=\count117
\pgfsyssoftpath@bigbuffer@items=\count118
)
("C:\Program Files (x86)\MiKTeX 2.9\tex\generic\pgf\systemlayer\pgfsysprotocol.
code.tex"
File: pgfsysprotocol.code.tex 2006/10/16  (rcs-revision 1.4)
))
("C:\Program Files (x86)\MiKTeX 2.9\tex\generic\pgf\basiclayer\pgfcore.code.tex
"
Package: pgfcore 2010/04/11 v3.0.1a (rcs-revision 1.7)
 ("C:\Program Files (x86)\MiKTeX 2.9\tex\generic\pgf\math\pgfmath.code.tex"
("C:\Program Files (x86)\MiKTeX 2.9\tex\generic\pgf\math\pgfmathcalc.code.tex"
("C:\Program Files (x86)\MiKTeX 2.9\tex\generic\pgf\math\pgfmathutil.code.tex")
("C:\Program Files (x86)\MiKTeX 2.9\tex\generic\pgf\math\pgfmathparser.code.tex
"
\pgfmath@dimen=\dimen156
\pgfmath@count=\count119
\pgfmath@box=\box34
\pgfmath@toks=\toks29
\pgfmath@stack@operand=\toks30
\pgfmath@stack@operation=\toks31
)
("C:\Program Files (x86)\MiKTeX 2.9\tex\generic\pgf\math\pgfmathfunctions.code.
tex"
("C:\Program Files (x86)\MiKTeX 2.9\tex\generic\pgf\math\pgfmathfunctions.basic
.code.tex")
("C:\Program Files (x86)\MiKTeX 2.9\tex\generic\pgf\math\pgfmathfunctions.trigo
nometric.code.tex")
("C:\Program Files (x86)\MiKTeX 2.9\tex\generic\pgf\math\pgfmathfunctions.rando
m.code.tex")
("C:\Program Files (x86)\MiKTeX 2.9\tex\generic\pgf\math\pgfmathfunctions.compa
rison.code.tex")
("C:\Program Files (x86)\MiKTeX 2.9\tex\generic\pgf\math\pgfmathfunctions.base.
code.tex")
("C:\Program Files (x86)\MiKTeX 2.9\tex\generic\pgf\math\pgfmathfunctions.round
.code.tex")
("C:\Program Files (x86)\MiKTeX 2.9\tex\generic\pgf\math\pgfmathfunctions.misc.
code.tex")
("C:\Program Files (x86)\MiKTeX 2.9\tex\generic\pgf\math\pgfmathfunctions.integ
erarithmetics.code.tex")))
("C:\Program Files (x86)\MiKTeX 2.9\tex\generic\pgf\math\pgfmathfloat.code.tex"
\c@pgfmathroundto@lastzeros=\count120
))
("C:\Program Files (x86)\MiKTeX 2.9\tex\generic\pgf\basiclayer\pgfcorepoints.co
de.tex"
File: pgfcorepoints.code.tex 2013/10/07  (rcs-revision 1.27)
\pgf@picminx=\dimen157
\pgf@picmaxx=\dimen158
\pgf@picminy=\dimen159
\pgf@picmaxy=\dimen160
\pgf@pathminx=\dimen161
\pgf@pathmaxx=\dimen162
\pgf@pathminy=\dimen163
\pgf@pathmaxy=\dimen164
\pgf@xx=\dimen165
\pgf@xy=\dimen166
\pgf@yx=\dimen167
\pgf@yy=\dimen168
\pgf@zx=\dimen169
\pgf@zy=\dimen170
)
("C:\Program Files (x86)\MiKTeX 2.9\tex\generic\pgf\basiclayer\pgfcorepathconst
ruct.code.tex"
File: pgfcorepathconstruct.code.tex 2013/10/07  (rcs-revision 1.29)
\pgf@path@lastx=\dimen171
\pgf@path@lasty=\dimen172
)
("C:\Program Files (x86)\MiKTeX 2.9\tex\generic\pgf\basiclayer\pgfcorepathusage
.code.tex"
File: pgfcorepathusage.code.tex 2014/11/02  (rcs-revision 1.24)
\pgf@shorten@end@additional=\dimen173
\pgf@shorten@start@additional=\dimen174
)
("C:\Program Files (x86)\MiKTeX 2.9\tex\generic\pgf\basiclayer\pgfcorescopes.co
de.tex"
File: pgfcorescopes.code.tex 2015/05/08  (rcs-revision 1.46)
\pgfpic=\box35
\pgf@hbox=\box36
\pgf@layerbox@main=\box37
\pgf@picture@serial@count=\count121
)
("C:\Program Files (x86)\MiKTeX 2.9\tex\generic\pgf\basiclayer\pgfcoregraphicst
ate.code.tex"
File: pgfcoregraphicstate.code.tex 2014/11/02  (rcs-revision 1.12)
\pgflinewidth=\dimen175
)
("C:\Program Files (x86)\MiKTeX 2.9\tex\generic\pgf\basiclayer\pgfcoretransform
ations.code.tex"
File: pgfcoretransformations.code.tex 2015/08/07  (rcs-revision 1.20)
\pgf@pt@x=\dimen176
\pgf@pt@y=\dimen177
\pgf@pt@temp=\dimen178
)
("C:\Program Files (x86)\MiKTeX 2.9\tex\generic\pgf\basiclayer\pgfcorequick.cod
e.tex"
File: pgfcorequick.code.tex 2008/10/09  (rcs-revision 1.3)
)
("C:\Program Files (x86)\MiKTeX 2.9\tex\generic\pgf\basiclayer\pgfcoreobjects.c
ode.tex"
File: pgfcoreobjects.code.tex 2006/10/11  (rcs-revision 1.2)
)
("C:\Program Files (x86)\MiKTeX 2.9\tex\generic\pgf\basiclayer\pgfcorepathproce
ssing.code.tex"
File: pgfcorepathprocessing.code.tex 2013/09/09  (rcs-revision 1.9)
)
("C:\Program Files (x86)\MiKTeX 2.9\tex\generic\pgf\basiclayer\pgfcorearrows.co
de.tex"
File: pgfcorearrows.code.tex 2015/05/14  (rcs-revision 1.43)
\pgfarrowsep=\dimen179
)
("C:\Program Files (x86)\MiKTeX 2.9\tex\generic\pgf\basiclayer\pgfcoreshade.cod
e.tex"
File: pgfcoreshade.code.tex 2013/07/15  (rcs-revision 1.15)
\pgf@max=\dimen180
\pgf@sys@shading@range@num=\count122
)
("C:\Program Files (x86)\MiKTeX 2.9\tex\generic\pgf\basiclayer\pgfcoreimage.cod
e.tex"
File: pgfcoreimage.code.tex 2013/07/15  (rcs-revision 1.18)

("C:\Program Files (x86)\MiKTeX 2.9\tex\generic\pgf\basiclayer\pgfcoreexternal.
code.tex"
File: pgfcoreexternal.code.tex 2014/07/09  (rcs-revision 1.21)
\pgfexternal@startupbox=\box38
))
("C:\Program Files (x86)\MiKTeX 2.9\tex\generic\pgf\basiclayer\pgfcorelayers.co
de.tex"
File: pgfcorelayers.code.tex 2013/07/18  (rcs-revision 1.7)
)
("C:\Program Files (x86)\MiKTeX 2.9\tex\generic\pgf\basiclayer\pgfcoretranspare
ncy.code.tex"
File: pgfcoretransparency.code.tex 2013/09/30  (rcs-revision 1.5)
)
("C:\Program Files (x86)\MiKTeX 2.9\tex\generic\pgf\basiclayer\pgfcorepatterns.
code.tex"
File: pgfcorepatterns.code.tex 2013/11/07  (rcs-revision 1.5)
)))
("C:\Program Files (x86)\MiKTeX 2.9\tex\generic\pgf\modules\pgfmoduleshapes.cod
e.tex"
File: pgfmoduleshapes.code.tex 2014/03/21  (rcs-revision 1.35)
\pgfnodeparttextbox=\box39
)
("C:\Program Files (x86)\MiKTeX 2.9\tex\generic\pgf\modules\pgfmoduleplot.code.
tex"
File: pgfmoduleplot.code.tex 2015/08/03  (rcs-revision 1.13)
)
("C:\Program Files (x86)\MiKTeX 2.9\tex\latex\pgf\compatibility\pgfcomp-version
-0-65.sty"
Package: pgfcomp-version-0-65 2007/07/03 v3.0.1a (rcs-revision 1.7)
\pgf@nodesepstart=\dimen181
\pgf@nodesepend=\dimen182
)
("C:\Program Files (x86)\MiKTeX 2.9\tex\latex\pgf\compatibility\pgfcomp-version
-1-18.sty"
Package: pgfcomp-version-1-18 2007/07/23 v3.0.1a (rcs-revision 1.1)
))
("C:\Program Files (x86)\MiKTeX 2.9\tex\latex\pgf\utilities\pgffor.sty"
("C:\Program Files (x86)\MiKTeX 2.9\tex\latex\pgf\utilities\pgfkeys.sty"
("C:\Program Files (x86)\MiKTeX 2.9\tex\generic\pgf\utilities\pgfkeys.code.tex"
)) ("C:\Program Files (x86)\MiKTeX 2.9\tex\latex\pgf\math\pgfmath.sty"
("C:\Program Files (x86)\MiKTeX 2.9\tex\generic\pgf\math\pgfmath.code.tex"))
("C:\Program Files (x86)\MiKTeX 2.9\tex\generic\pgf\utilities\pgffor.code.tex"
Package: pgffor 2013/12/13 v3.0.1a (rcs-revision 1.25)

("C:\Program Files (x86)\MiKTeX 2.9\tex\generic\pgf\math\pgfmath.code.tex")
\pgffor@iter=\dimen183
\pgffor@skip=\dimen184
\pgffor@stack=\toks32
\pgffor@toks=\toks33
))
("C:\Program Files (x86)\MiKTeX 2.9\tex\generic\pgf\frontendlayer\tikz\tikz.cod
e.tex"
Package: tikz 2015/08/07 v3.0.1a (rcs-revision 1.151)

("C:\Program Files (x86)\MiKTeX 2.9\tex\generic\pgf\libraries\pgflibraryplothan
dlers.code.tex"
File: pgflibraryplothandlers.code.tex 2013/08/31 v3.0.1a (rcs-revision 1.20)
\pgf@plot@mark@count=\count123
\pgfplotmarksize=\dimen185
)
\tikz@lastx=\dimen186
\tikz@lasty=\dimen187
\tikz@lastxsaved=\dimen188
\tikz@lastysaved=\dimen189
\tikzleveldistance=\dimen190
\tikzsiblingdistance=\dimen191
\tikz@figbox=\box40
\tikz@figbox@bg=\box41
\tikz@tempbox=\box42
\tikz@tempbox@bg=\box43
\tikztreelevel=\count124
\tikznumberofchildren=\count125
\tikznumberofcurrentchild=\count126
\tikz@fig@count=\count127

("C:\Program Files (x86)\MiKTeX 2.9\tex\generic\pgf\modules\pgfmodulematrix.cod
e.tex"
File: pgfmodulematrix.code.tex 2013/09/17  (rcs-revision 1.8)
\pgfmatrixcurrentrow=\count128
\pgfmatrixcurrentcolumn=\count129
\pgf@matrix@numberofcolumns=\count130
)
\tikz@expandcount=\count131

("C:\Program Files (x86)\MiKTeX 2.9\tex\generic\pgf\frontendlayer\tikz\librarie
s\tikzlibrarytopaths.code.tex"
File: tikzlibrarytopaths.code.tex 2008/06/17 v3.0.1a (rcs-revision 1.2)
)))
("C:\Program Files (x86)\MiKTeX 2.9\tex\latex\everypage\everypage.sty"
Package: everypage 2007/06/20 1.1 Hooks to run on every page
)
("C:\Program Files (x86)\MiKTeX 2.9\tex\latex\tools\afterpage.sty"
Package: afterpage 2014/10/28 v1.08 After-Page Package (DPC)
\AP@output=\toks34
\AP@partial=\box44
\AP@footins=\box45
))
("C:\Program Files (x86)\MiKTeX 2.9\tex\latex\antt\anttor.sty"
Package: anttor 2005/10/03 v.1.2 anttor (Antykwa Torunska) package (MW)
)
("C:\Program Files (x86)\MiKTeX 2.9\tex\latex\base\inputenc.sty"
Package: inputenc 2015/03/17 v1.2c Input encoding file
\inpenc@prehook=\toks35
\inpenc@posthook=\toks36

("C:\Program Files (x86)\MiKTeX 2.9\tex\latex\base\utf8.def"
File: utf8.def 2016/02/28 v1.1s UTF-8 support for inputenc
Now handling font encoding OML ...
... no UTF-8 mapping file for font encoding OML
Now handling font encoding T1 ...
... processing UTF-8 mapping file for font encoding T1

("C:\Program Files (x86)\MiKTeX 2.9\tex\latex\base\t1enc.dfu"
File: t1enc.dfu 2016/02/28 v1.1s UTF-8 support for inputenc
   defining Unicode char U+00A0 (decimal 160)
   defining Unicode char U+00A1 (decimal 161)
   defining Unicode char U+00A3 (decimal 163)
   defining Unicode char U+00AB (decimal 171)
   defining Unicode char U+00AD (decimal 173)
   defining Unicode char U+00BB (decimal 187)
   defining Unicode char U+00BF (decimal 191)
   defining Unicode char U+00C0 (decimal 192)
   defining Unicode char U+00C1 (decimal 193)
   defining Unicode char U+00C2 (decimal 194)
   defining Unicode char U+00C3 (decimal 195)
   defining Unicode char U+00C4 (decimal 196)
   defining Unicode char U+00C5 (decimal 197)
   defining Unicode char U+00C6 (decimal 198)
   defining Unicode char U+00C7 (decimal 199)
   defining Unicode char U+00C8 (decimal 200)
   defining Unicode char U+00C9 (decimal 201)
   defining Unicode char U+00CA (decimal 202)
   defining Unicode char U+00CB (decimal 203)
   defining Unicode char U+00CC (decimal 204)
   defining Unicode char U+00CD (decimal 205)
   defining Unicode char U+00CE (decimal 206)
   defining Unicode char U+00CF (decimal 207)
   defining Unicode char U+00D0 (decimal 208)
   defining Unicode char U+00D1 (decimal 209)
   defining Unicode char U+00D2 (decimal 210)
   defining Unicode char U+00D3 (decimal 211)
   defining Unicode char U+00D4 (decimal 212)
   defining Unicode char U+00D5 (decimal 213)
   defining Unicode char U+00D6 (decimal 214)
   defining Unicode char U+00D8 (decimal 216)
   defining Unicode char U+00D9 (decimal 217)
   defining Unicode char U+00DA (decimal 218)
   defining Unicode char U+00DB (decimal 219)
   defining Unicode char U+00DC (decimal 220)
   defining Unicode char U+00DD (decimal 221)
   defining Unicode char U+00DE (decimal 222)
   defining Unicode char U+00DF (decimal 223)
   defining Unicode char U+00E0 (decimal 224)
   defining Unicode char U+00E1 (decimal 225)
   defining Unicode char U+00E2 (decimal 226)
   defining Unicode char U+00E3 (decimal 227)
   defining Unicode char U+00E4 (decimal 228)
   defining Unicode char U+00E5 (decimal 229)
   defining Unicode char U+00E6 (decimal 230)
   defining Unicode char U+00E7 (decimal 231)
   defining Unicode char U+00E8 (decimal 232)
   defining Unicode char U+00E9 (decimal 233)
   defining Unicode char U+00EA (decimal 234)
   defining Unicode char U+00EB (decimal 235)
   defining Unicode char U+00EC (decimal 236)
   defining Unicode char U+00ED (decimal 237)
   defining Unicode char U+00EE (decimal 238)
   defining Unicode char U+00EF (decimal 239)
   defining Unicode char U+00F0 (decimal 240)
   defining Unicode char U+00F1 (decimal 241)
   defining Unicode char U+00F2 (decimal 242)
   defining Unicode char U+00F3 (decimal 243)
   defining Unicode char U+00F4 (decimal 244)
   defining Unicode char U+00F5 (decimal 245)
   defining Unicode char U+00F6 (decimal 246)
   defining Unicode char U+00F8 (decimal 248)
   defining Unicode char U+00F9 (decimal 249)
   defining Unicode char U+00FA (decimal 250)
   defining Unicode char U+00FB (decimal 251)
   defining Unicode char U+00FC (decimal 252)
   defining Unicode char U+00FD (decimal 253)
   defining Unicode char U+00FE (decimal 254)
   defining Unicode char U+00FF (decimal 255)
   defining Unicode char U+0100 (decimal 256)
   defining Unicode char U+0101 (decimal 257)
   defining Unicode char U+0102 (decimal 258)
   defining Unicode char U+0103 (decimal 259)
   defining Unicode char U+0104 (decimal 260)
   defining Unicode char U+0105 (decimal 261)
   defining Unicode char U+0106 (decimal 262)
   defining Unicode char U+0107 (decimal 263)
   defining Unicode char U+0108 (decimal 264)
   defining Unicode char U+0109 (decimal 265)
   defining Unicode char U+010A (decimal 266)
   defining Unicode char U+010B (decimal 267)
   defining Unicode char U+010C (decimal 268)
   defining Unicode char U+010D (decimal 269)
   defining Unicode char U+010E (decimal 270)
   defining Unicode char U+010F (decimal 271)
   defining Unicode char U+0110 (decimal 272)
   defining Unicode char U+0111 (decimal 273)
   defining Unicode char U+0112 (decimal 274)
   defining Unicode char U+0113 (decimal 275)
   defining Unicode char U+0114 (decimal 276)
   defining Unicode char U+0115 (decimal 277)
   defining Unicode char U+0116 (decimal 278)
   defining Unicode char U+0117 (decimal 279)
   defining Unicode char U+0118 (decimal 280)
   defining Unicode char U+0119 (decimal 281)
   defining Unicode char U+011A (decimal 282)
   defining Unicode char U+011B (decimal 283)
   defining Unicode char U+011C (decimal 284)
   defining Unicode char U+011D (decimal 285)
   defining Unicode char U+011E (decimal 286)
   defining Unicode char U+011F (decimal 287)
   defining Unicode char U+0120 (decimal 288)
   defining Unicode char U+0121 (decimal 289)
   defining Unicode char U+0122 (decimal 290)
   defining Unicode char U+0123 (decimal 291)
   defining Unicode char U+0124 (decimal 292)
   defining Unicode char U+0125 (decimal 293)
   defining Unicode char U+0128 (decimal 296)
   defining Unicode char U+0129 (decimal 297)
   defining Unicode char U+012A (decimal 298)
   defining Unicode char U+012B (decimal 299)
   defining Unicode char U+012C (decimal 300)
   defining Unicode char U+012D (decimal 301)
   defining Unicode char U+012E (decimal 302)
   defining Unicode char U+012F (decimal 303)
   defining Unicode char U+0130 (decimal 304)
   defining Unicode char U+0131 (decimal 305)
   defining Unicode char U+0132 (decimal 306)
   defining Unicode char U+0133 (decimal 307)
   defining Unicode char U+0134 (decimal 308)
   defining Unicode char U+0135 (decimal 309)
   defining Unicode char U+0136 (decimal 310)
   defining Unicode char U+0137 (decimal 311)
   defining Unicode char U+0139 (decimal 313)
   defining Unicode char U+013A (decimal 314)
   defining Unicode char U+013B (decimal 315)
   defining Unicode char U+013C (decimal 316)
   defining Unicode char U+013D (decimal 317)
   defining Unicode char U+013E (decimal 318)
   defining Unicode char U+0141 (decimal 321)
   defining Unicode char U+0142 (decimal 322)
   defining Unicode char U+0143 (decimal 323)
   defining Unicode char U+0144 (decimal 324)
   defining Unicode char U+0145 (decimal 325)
   defining Unicode char U+0146 (decimal 326)
   defining Unicode char U+0147 (decimal 327)
   defining Unicode char U+0148 (decimal 328)
   defining Unicode char U+014A (decimal 330)
   defining Unicode char U+014B (decimal 331)
   defining Unicode char U+014C (decimal 332)
   defining Unicode char U+014D (decimal 333)
   defining Unicode char U+014E (decimal 334)
   defining Unicode char U+014F (decimal 335)
   defining Unicode char U+0150 (decimal 336)
   defining Unicode char U+0151 (decimal 337)
   defining Unicode char U+0152 (decimal 338)
   defining Unicode char U+0153 (decimal 339)
   defining Unicode char U+0154 (decimal 340)
   defining Unicode char U+0155 (decimal 341)
   defining Unicode char U+0156 (decimal 342)
   defining Unicode char U+0157 (decimal 343)
   defining Unicode char U+0158 (decimal 344)
   defining Unicode char U+0159 (decimal 345)
   defining Unicode char U+015A (decimal 346)
   defining Unicode char U+015B (decimal 347)
   defining Unicode char U+015C (decimal 348)
   defining Unicode char U+015D (decimal 349)
   defining Unicode char U+015E (decimal 350)
   defining Unicode char U+015F (decimal 351)
   defining Unicode char U+0160 (decimal 352)
   defining Unicode char U+0161 (decimal 353)
   defining Unicode char U+0162 (decimal 354)
   defining Unicode char U+0163 (decimal 355)
   defining Unicode char U+0164 (decimal 356)
   defining Unicode char U+0165 (decimal 357)
   defining Unicode char U+0168 (decimal 360)
   defining Unicode char U+0169 (decimal 361)
   defining Unicode char U+016A (decimal 362)
   defining Unicode char U+016B (decimal 363)
   defining Unicode char U+016C (decimal 364)
   defining Unicode char U+016D (decimal 365)
   defining Unicode char U+016E (decimal 366)
   defining Unicode char U+016F (decimal 367)
   defining Unicode char U+0170 (decimal 368)
   defining Unicode char U+0171 (decimal 369)
   defining Unicode char U+0172 (decimal 370)
   defining Unicode char U+0173 (decimal 371)
   defining Unicode char U+0174 (decimal 372)
   defining Unicode char U+0175 (decimal 373)
   defining Unicode char U+0176 (decimal 374)
   defining Unicode char U+0177 (decimal 375)
   defining Unicode char U+0178 (decimal 376)
   defining Unicode char U+0179 (decimal 377)
   defining Unicode char U+017A (decimal 378)
   defining Unicode char U+017B (decimal 379)
   defining Unicode char U+017C (decimal 380)
   defining Unicode char U+017D (decimal 381)
   defining Unicode char U+017E (decimal 382)
   defining Unicode char U+01CD (decimal 461)
   defining Unicode char U+01CE (decimal 462)
   defining Unicode char U+01CF (decimal 463)
   defining Unicode char U+01D0 (decimal 464)
   defining Unicode char U+01D1 (decimal 465)
   defining Unicode char U+01D2 (decimal 466)
   defining Unicode char U+01D3 (decimal 467)
   defining Unicode char U+01D4 (decimal 468)
   defining Unicode char U+01E2 (decimal 482)
   defining Unicode char U+01E3 (decimal 483)
   defining Unicode char U+01E6 (decimal 486)
   defining Unicode char U+01E7 (decimal 487)
   defining Unicode char U+01E8 (decimal 488)
   defining Unicode char U+01E9 (decimal 489)
   defining Unicode char U+01EA (decimal 490)
   defining Unicode char U+01EB (decimal 491)
   defining Unicode char U+01F0 (decimal 496)
   defining Unicode char U+01F4 (decimal 500)
   defining Unicode char U+01F5 (decimal 501)
   defining Unicode char U+0218 (decimal 536)
   defining Unicode char U+0219 (decimal 537)
   defining Unicode char U+021A (decimal 538)
   defining Unicode char U+021B (decimal 539)
   defining Unicode char U+1E02 (decimal 7682)
   defining Unicode char U+1E03 (decimal 7683)
   defining Unicode char U+200C (decimal 8204)
   defining Unicode char U+2010 (decimal 8208)
   defining Unicode char U+2011 (decimal 8209)
   defining Unicode char U+2012 (decimal 8210)
   defining Unicode char U+2013 (decimal 8211)
   defining Unicode char U+2014 (decimal 8212)
   defining Unicode char U+2015 (decimal 8213)
   defining Unicode char U+2018 (decimal 8216)
   defining Unicode char U+2019 (decimal 8217)
   defining Unicode char U+201A (decimal 8218)
   defining Unicode char U+201C (decimal 8220)
   defining Unicode char U+201D (decimal 8221)
   defining Unicode char U+201E (decimal 8222)
   defining Unicode char U+2030 (decimal 8240)
   defining Unicode char U+2031 (decimal 8241)
   defining Unicode char U+2039 (decimal 8249)
   defining Unicode char U+203A (decimal 8250)
   defining Unicode char U+2423 (decimal 9251)
)
Now handling font encoding OT1 ...
... processing UTF-8 mapping file for font encoding OT1

("C:\Program Files (x86)\MiKTeX 2.9\tex\latex\base\ot1enc.dfu"
File: ot1enc.dfu 2016/02/28 v1.1s UTF-8 support for inputenc
   defining Unicode char U+00A0 (decimal 160)
   defining Unicode char U+00A1 (decimal 161)
   defining Unicode char U+00A3 (decimal 163)
   defining Unicode char U+00AD (decimal 173)
   defining Unicode char U+00B8 (decimal 184)
   defining Unicode char U+00BF (decimal 191)
   defining Unicode char U+00C5 (decimal 197)
   defining Unicode char U+00C6 (decimal 198)
   defining Unicode char U+00D8 (decimal 216)
   defining Unicode char U+00DF (decimal 223)
   defining Unicode char U+00E6 (decimal 230)
   defining Unicode char U+00EC (decimal 236)
   defining Unicode char U+00ED (decimal 237)
   defining Unicode char U+00EE (decimal 238)
   defining Unicode char U+00EF (decimal 239)
   defining Unicode char U+00F8 (decimal 248)
   defining Unicode char U+0131 (decimal 305)
   defining Unicode char U+0141 (decimal 321)
   defining Unicode char U+0142 (decimal 322)
   defining Unicode char U+0152 (decimal 338)
   defining Unicode char U+0153 (decimal 339)
   defining Unicode char U+0174 (decimal 372)
   defining Unicode char U+0175 (decimal 373)
   defining Unicode char U+0176 (decimal 374)
   defining Unicode char U+0177 (decimal 375)
   defining Unicode char U+0218 (decimal 536)
   defining Unicode char U+0219 (decimal 537)
   defining Unicode char U+021A (decimal 538)
   defining Unicode char U+021B (decimal 539)
   defining Unicode char U+2013 (decimal 8211)
   defining Unicode char U+2014 (decimal 8212)
   defining Unicode char U+2018 (decimal 8216)
   defining Unicode char U+2019 (decimal 8217)
   defining Unicode char U+201C (decimal 8220)
   defining Unicode char U+201D (decimal 8221)
)
Now handling font encoding OMS ...
... processing UTF-8 mapping file for font encoding OMS

("C:\Program Files (x86)\MiKTeX 2.9\tex\latex\base\omsenc.dfu"
File: omsenc.dfu 2016/02/28 v1.1s UTF-8 support for inputenc
   defining Unicode char U+00A7 (decimal 167)
   defining Unicode char U+00B6 (decimal 182)
   defining Unicode char U+00B7 (decimal 183)
   defining Unicode char U+2020 (decimal 8224)
   defining Unicode char U+2021 (decimal 8225)
   defining Unicode char U+2022 (decimal 8226)
)
Now handling font encoding OMX ...
... no UTF-8 mapping file for font encoding OMX
Now handling font encoding U ...
... no UTF-8 mapping file for font encoding U
Now handling font encoding PD1 ...
... no UTF-8 mapping file for font encoding PD1
   defining Unicode char U+00A9 (decimal 169)
   defining Unicode char U+00AA (decimal 170)
   defining Unicode char U+00AE (decimal 174)
   defining Unicode char U+00BA (decimal 186)
   defining Unicode char U+02C6 (decimal 710)
   defining Unicode char U+02DC (decimal 732)
   defining Unicode char U+200C (decimal 8204)
   defining Unicode char U+2026 (decimal 8230)
   defining Unicode char U+2122 (decimal 8482)
   defining Unicode char U+2423 (decimal 9251)
))
("C:\Program Files (x86)\MiKTeX 2.9\tex\generic\babel\babel.sty"
Package: babel 2016/04/23 3.9r The Babel package

*************************************
* Local config file bblopts.cfg used
*
("C:\Program Files (x86)\MiKTeX 2.9\tex\latex\arabi\bblopts.cfg"
File: bblopts.cfg 2005/09/08 v0.1 add Arabic and Farsi to "declared" options of
 babel
)
("C:\Program Files (x86)\MiKTeX 2.9\tex\latex\babel-english\english.ldf"
Language: english 2012/08/20 v3.3p English support from the babel system

("C:\Program Files (x86)\MiKTeX 2.9\tex\generic\babel\babel.def"
File: babel.def 2016/04/23 3.9r Babel common definitions
\babel@savecnt=\count132
\U@D=\dimen192
)
\l@canadian = a dialect from \language\l@american 
\l@australian = a dialect from \language\l@british 
\l@newzealand = a dialect from \language\l@british 
))
("C:\Program Files (x86)\MiKTeX 2.9\tex\latex\microtype\microtype.sty"
Package: microtype 2016/05/14 v2.6a Micro-typographical refinements (RS)
\MT@toks=\toks37
\MT@count=\count133
LaTeX Info: Redefining \textls on input line 774.
\MT@outer@kern=\dimen193
LaTeX Info: Redefining \textmicrotypecontext on input line 1310.
\MT@listname@count=\count134

("C:\Program Files (x86)\MiKTeX 2.9\tex\latex\microtype\microtype-pdftex.def"
File: microtype-pdftex.def 2016/05/14 v2.6a Definitions specific to pdftex (RS)

LaTeX Info: Redefining \lsstyle on input line 916.
LaTeX Info: Redefining \lslig on input line 916.
\MT@outer@space=\skip53
)
Package microtype Info: Loading configuration file microtype.cfg.

("C:\Program Files (x86)\MiKTeX 2.9\tex\latex\microtype\microtype.cfg"
File: microtype.cfg 2016/05/14 v2.6a microtype main configuration file (RS)
))
("C:\Program Files (x86)\MiKTeX 2.9\tex\generic\pgf\frontendlayer\tikz\librarie
s\tikzlibrarypatterns.code.tex"
File: tikzlibrarypatterns.code.tex 2008/01/15 v3.0.1a (rcs-revision 1.2)

("C:\Program Files (x86)\MiKTeX 2.9\tex\generic\pgf\libraries\pgflibrarypattern
s.code.tex"
File: pgflibrarypatterns.code.tex 2008/03/03 v3.0.1a (rcs-revision 1.13)
LaTeX Font Info:    Try loading font information for OT1+antt on input line 21.

 ("C:\Program Files (x86)\MiKTeX 2.9\tex\latex\antt\ot1antt.fd"
File: ot1antt.fd 2005/10/05 v1.2 font definition file for OT1/antt (MW)
)))
("C:\Program Files (x86)\MiKTeX 2.9\tex\generic\pgf\frontendlayer\tikz\librarie
s\tikzlibraryshadows.code.tex"
File: tikzlibraryshadows.code.tex 2008/01/13 v3.0.1a (rcs-revision 1.3)

("C:\Program Files (x86)\MiKTeX 2.9\tex\generic\pgf\frontendlayer\tikz\librarie
s\tikzlibraryfadings.code.tex"
File: tikzlibraryfadings.code.tex 2009/11/15 v3.0.1a (rcs-revision 1.2)

("C:\Program Files (x86)\MiKTeX 2.9\tex\generic\pgf\libraries\pgflibraryfadings
.code.tex"
File: pgflibraryfadings.code.tex 2008/02/07 v3.0.1a (rcs-revision 1.3)
))) ("C:\Program Files (x86)\MiKTeX 2.9\tex\latex\psnfss\pifont.sty"
Package: pifont 2005/04/12 PSNFSS-v9.2a Pi font support (SPQR) 
LaTeX Font Info:    Try loading font information for U+pzd on input line 63.

("C:\Program Files (x86)\MiKTeX 2.9\tex\latex\psnfss\upzd.fd"
File: upzd.fd 2001/06/04 font definitions for U/pzd.
)
LaTeX Font Info:    Try loading font information for U+psy on input line 64.

("C:\Program Files (x86)\MiKTeX 2.9\tex\latex\psnfss\upsy.fd"
File: upsy.fd 2001/06/04 font definitions for U/psy.
)))
("C:\Program Files (x86)\MiKTeX 2.9\tex\latex\fourier\fourier-orns.sty"
Package: fourier-orns 2004/01/30 1.1 fourier-ornaments package
)
(colors.tex) (tikzcards.tex)

LaTeX Warning: Unused global option(s):
    [toc=bibliography].

(BetweenTwoSuns.aux)
\openout1 = `BetweenTwoSuns.aux'.

LaTeX Font Info:    Checking defaults for OML/cmm/m/it on input line 18.
LaTeX Font Info:    ... okay on input line 18.
LaTeX Font Info:    Checking defaults for T1/cmr/m/n on input line 18.
LaTeX Font Info:    ... okay on input line 18.
LaTeX Font Info:    Checking defaults for OT1/cmr/m/n on input line 18.
LaTeX Font Info:    ... okay on input line 18.
LaTeX Font Info:    Checking defaults for OMS/cmsy/m/n on input line 18.
LaTeX Font Info:    ... okay on input line 18.
LaTeX Font Info:    Checking defaults for OMX/cmex/m/n on input line 18.
LaTeX Font Info:    ... okay on input line 18.
LaTeX Font Info:    Checking defaults for U/cmr/m/n on input line 18.
LaTeX Font Info:    ... okay on input line 18.
LaTeX Font Info:    Checking defaults for PD1/pdf/m/n on input line 18.
LaTeX Font Info:    ... okay on input line 18.
Package caption Info: Begin \AtBeginDocument code.
Package caption Info: hyperref package is loaded.
Package caption Info: longtable package is loaded.

("C:\Program Files (x86)\MiKTeX 2.9\tex\latex\caption\ltcaption.sty"
Package: ltcaption 2013/06/09 v1.4-94 longtable captions (AR)
)
Package caption Info: End \AtBeginDocument code.

("C:\Program Files (x86)\MiKTeX 2.9\tex\context\base\supp-pdf.mkii"
[Loading MPS to PDF converter (version 2006.09.02).]
\scratchcounter=\count135
\scratchdimen=\dimen194
\scratchbox=\box46
\nofMPsegments=\count136
\nofMParguments=\count137
\everyMPshowfont=\toks38
\MPscratchCnt=\count138
\MPscratchDim=\dimen195
\MPnumerator=\count139
\makeMPintoPDFobject=\count140
\everyMPtoPDFconversion=\toks39
) ("C:\Program Files (x86)\MiKTeX 2.9\tex\latex\oberdiek\epstopdf-base.sty"
Package: epstopdf-base 2016/05/15 v2.6 Base part for package epstopdf

("C:\Program Files (x86)\MiKTeX 2.9\tex\latex\oberdiek\grfext.sty"
Package: grfext 2016/05/16 v1.2 Manage graphics extensions (HO)
)
Package grfext Info: Graphics extension search list:
(grfext)             [.png,.pdf,.jpg,.mps,.jpeg,.jbig2,.jb2,.PNG,.PDF,.JPG,.JPE
G,.JBIG2,.JB2,.eps]
(grfext)             \AppendGraphicsExtensions on input line 456.
)
*geometry* driver: auto-detecting
*geometry* detected driver: pdftex
*geometry* verbose mode - [ preamble ] result:
* driver: pdftex
* paper: a4paper
* layout: <same size as paper>
* layoutoffset:(h,v)=(0.0pt,0.0pt)
* modes: 
* h-part:(L,W,R)=(81.94394pt, 433.62pt, 81.94394pt)
* v-part:(T,H,B)=(106.75473pt, 578.15999pt, 160.13213pt)
* \paperwidth=597.50787pt
* \paperheight=845.04684pt
* \textwidth=433.62pt
* \textheight=578.15999pt
* \oddsidemargin=9.67395pt
* \evensidemargin=9.67395pt
* \topmargin=-2.51526pt
* \headheight=12.0pt
* \headsep=25.0pt
* \topskip=11.0pt
* \footskip=30.0pt
* \marginparwidth=59.0pt
* \marginparsep=10.0pt
* \columnsep=10.0pt
* \skip\footins=10.0pt plus 4.0pt minus 2.0pt
* \hoffset=0.0pt
* \voffset=0.0pt
* \mag=1000
* \@twocolumnfalse
* \@twosidefalse
* \@mparswitchfalse
* \@reversemarginfalse
* (1in=72.27pt=25.4mm, 1cm=28.453pt)

\AtBeginShipoutBox=\box47
Package hyperref Info: Link coloring ON on input line 18.
("C:\Program Files (x86)\MiKTeX 2.9\tex\latex\hyperref\nameref.sty"
Package: nameref 2012/10/27 v2.43 Cross-referencing by name of section

("C:\Program Files (x86)\MiKTeX 2.9\tex\generic\oberdiek\gettitlestring.sty"
Package: gettitlestring 2016/05/16 v1.5 Cleanup title references (HO)
)
\c@section@level=\count141
)
LaTeX Info: Redefining \ref on input line 18.
LaTeX Info: Redefining \pageref on input line 18.
LaTeX Info: Redefining \nameref on input line 18.

ABD: EveryShipout initializing macros
LaTeX Info: Redefining \microtypecontext on input line 18.
Package microtype Info: Generating PDF output.
Package microtype Info: Character protrusion enabled (level 2).
Package microtype Info: Using default protrusion set `alltext'.
Package microtype Info: Automatic font expansion enabled (level 2),
(microtype)             stretch: 20, shrink: 20, step: 1, non-selected.
Package microtype Info: Using default expansion set `basictext'.
Package microtype Info: No adjustment of tracking.
Package microtype Info: No adjustment of interword spacing.
Package microtype Info: No adjustment of character kerning.
Package microtype Info: Loading generic settings for font family
(microtype)             `antt' (encoding: OT1).
(microtype)             For optimal results, create family-specific settings.
(microtype)             See the microtype manual for details.

("C:\Program Files (x86)\MiKTeX 2.9\tex\latex\microtype\mt-cmr.cfg"
File: mt-cmr.cfg 2013/05/19 v2.2 microtype config. file: Computer Modern Roman 
(RS)
)
LaTeX Font Info:    External font `cmex10' loaded for size
(Font)              <12> on input line 25.
LaTeX Font Info:    External font `cmex10' loaded for size
(Font)              <8> on input line 25.
LaTeX Font Info:    External font `cmex10' loaded for size
(Font)              <6> on input line 25.


LaTeX Warning: No \author given.

<Background2.png, id=30, 597.432pt x 845.0772pt>
File: Background2.png Graphic file (type png)
 <use Background2.png>
Package pdftex.def Info: Background2.png used on input line 26.
(pdftex.def)             Requested size: 597.55817pt x 845.04933pt.
 [1

{C:/ProgramData/MiKTeX/2.9/pdftex/config/pdftex.map} <./Background2.png>]
Package microtype Info: Character `013' is missing
(microtype)             in font `OT1/antt/m/sc/10.95'.
(microtype)             Ignoring protrusion settings for this character.

(BetweenTwoSuns.toc
LaTeX Font Info:    External font `cmex10' loaded for size
(Font)              <10.95> on input line 5.
 [2


] [3])
\tf@toc=\write4
\openout4 = `BetweenTwoSuns.toc'.

 [4]

Package caption Warning: \captionsetup{type*=...} or \captionof
(caption)                outside box or environment on input line 31.
See the caption package documentation for explanation.


Package caption Warning: The option `hypcap=true' will be ignored for this
(caption)                particular \caption on input line 31.
See the caption package documentation for explanation.

[5

] [6]
LaTeX Font Info:    Try loading font information for OMS+antt on input line 58.

 ("C:\Program Files (x86)\MiKTeX 2.9\tex\latex\antt\omsantt.fd"
File: omsantt.fd 2005/10/05 v1.2 font definition file for OMS/antt (MW)
)
[7

]
Underfull \hbox (badness 10000) in paragraph at lines 78--80

 []


Package caption Warning: The option `hypcap=true' will be ignored for this
(caption)                particular \caption on input line 84.
See the caption package documentation for explanation.

[8

]
Underfull \hbox (badness 10000) in paragraph at lines 101--104

 []


Underfull \hbox (badness 10000) in paragraph at lines 101--104

 []

[9]
Underfull \hbox (badness 10000) in paragraph at lines 106--109

 []


Underfull \hbox (badness 10000) in paragraph at lines 106--109

 []


Package caption Warning: The option `hypcap=true' will be ignored for this
(caption)                particular \caption on input line 119.
See the caption package documentation for explanation.

[10] [11]
Underfull \hbox (badness 10000) in paragraph at lines 137--141

 []


Package caption Warning: The option `hypcap=true' will be ignored for this
(caption)                particular \caption on input line 157.
See the caption package documentation for explanation.

[12

]
Overfull \hbox (9.98384pt too wide) in alignment at lines 159--171
 [] [] [] 
 []

[13]
Underfull \hbox (badness 10000) in paragraph at lines 174--175

 []


Underfull \hbox (badness 10000) in paragraph at lines 174--175

 []


Underfull \hbox (badness 10000) in paragraph at lines 179--201

 []


Underfull \hbox (badness 10000) in paragraph at lines 179--201

 []


Underfull \hbox (badness 1043) in paragraph at lines 179--201
\OT1/antt/m/n/10.95 (+20) The at-tack-ing model will \OT1/antt/m/it/10.95 (+20)
 set the level \OT1/antt/m/n/10.95 (+20) of each at-tack and de-fend-ing mod-el
s
 []


Underfull \hbox (badness 10000) in paragraph at lines 179--201

 []


Underfull \hbox (badness 10000) in paragraph at lines 179--201

 []


Underfull \hbox (badness 10000) in paragraph at lines 179--201

 []


Underfull \hbox (badness 10000) in paragraph at lines 179--201

 []


Underfull \hbox (badness 10000) in paragraph at lines 179--201

 []


Underfull \hbox (badness 10000) in paragraph at lines 179--201

 []

[14] [15]
Underfull \hbox (badness 10000) in paragraph at lines 213--215

 []


Underfull \hbox (badness 10000) in paragraph at lines 218--220

 []


Underfull \hbox (badness 10000) in paragraph at lines 222--224

 []


Underfull \hbox (badness 10000) in paragraph at lines 226--228

 []

[16]
Underfull \hbox (badness 10000) in paragraph at lines 244--249

 []


Underfull \hbox (badness 10000) in paragraph at lines 244--249

 []


Underfull \hbox (badness 10000) in paragraph at lines 252--261

 []


Underfull \hbox (badness 10000) in paragraph at lines 252--261

 []


Underfull \hbox (badness 10000) in paragraph at lines 252--261

 []


Underfull \hbox (badness 10000) in paragraph at lines 263--277

 []


Underfull \hbox (badness 10000) in paragraph at lines 263--277

 []


Underfull \hbox (badness 10000) in paragraph at lines 263--277

 []


Underfull \hbox (badness 10000) in paragraph at lines 263--277

 []


Underfull \hbox (badness 10000) in paragraph at lines 263--277

 []


Underfull \hbox (badness 10000) in paragraph at lines 263--277

 []


Underfull \hbox (badness 10000) in paragraph at lines 263--277

 []

[17] [18] [19]

Package caption Warning: The option `hypcap=true' will be ignored for this
(caption)                particular \caption on input line 289.
See the caption package documentation for explanation.


Overfull \hbox (3.21655pt too wide) in paragraph at lines 293--294
[]\OT1/antt/b/n/10.95 Training|  
 []


Overfull \hbox (3.58885pt too wide) detected at line 294
[]\OT1/antt/b/n/10.95 Training|  
 []


Underfull \hbox (badness 1014) in paragraph at lines 295--296
[]\OT1/antt/m/n/10.95 (+20) 0|  
 []


Underfull \hbox (badness 1033) in paragraph at lines 296--297
[]\OT1/antt/m/n/10.95 (+20) 1|  
 []


Underfull \hbox (badness 1014) in paragraph at lines 297--298
[]\OT1/antt/m/n/10.95 (+20) 2|  
 []


Underfull \hbox (badness 1014) in paragraph at lines 298--299
[]\OT1/antt/m/n/10.95 (+20) 3|  
 []


Underfull \hbox (badness 1014) in paragraph at lines 299--300
[]\OT1/antt/m/n/10.95 (+20) 0|  
 []


Underfull \hbox (badness 1014) in paragraph at lines 300--301
[]\OT1/antt/m/n/10.95 (+20) 0|  
 []

[20

]

Package caption Warning: The option `hypcap=true' will be ignored for this
(caption)                particular \caption on input line 308.
See the caption package documentation for explanation.


Overfull \hbox (1.11966pt too wide) in paragraph at lines 316--316
 []|\OT1/antt/b/n/10.95 Mov| 
 []


Overfull \hbox (1.11966pt too wide) in paragraph at lines 316--316
 []|\OT1/antt/b/n/10.95 Mov| 
 []


Overfull \hbox (4.59949pt too wide) in paragraph at lines 316--316
 []\OT1/antt/b/n/10.95 ATK| 
 []


Overfull \hbox (3.56792pt too wide) in paragraph at lines 316--316
 []\OT1/antt/b/n/10.95 WP| 
 []


Package caption Warning: The option `hypcap=true' will be ignored for this
(caption)                particular \caption on input line 327.
See the caption package documentation for explanation.


Underfull \hbox (badness 10000) in paragraph at lines 324--327

 []

[21]
Overfull \hbox (1.11966pt too wide) in paragraph at lines 336--336
 []|\OT1/antt/b/n/10.95 Mov| 
 []


Overfull \hbox (1.11966pt too wide) in paragraph at lines 336--336
 []|\OT1/antt/b/n/10.95 Mov| 
 []


Overfull \hbox (4.59949pt too wide) in paragraph at lines 336--336
 []\OT1/antt/b/n/10.95 ATK| 
 []


Overfull \hbox (3.56792pt too wide) in paragraph at lines 336--336
 []\OT1/antt/b/n/10.95 WP| 
 []


Package caption Warning: The option `hypcap=true' will be ignored for this
(caption)                particular \caption on input line 344.
See the caption package documentation for explanation.


Overfull \hbox (1.11966pt too wide) in paragraph at lines 353--353
 []|\OT1/antt/b/n/10.95 Mov| 
 []


Overfull \hbox (1.11966pt too wide) in paragraph at lines 353--353
 []|\OT1/antt/b/n/10.95 Mov| 
 []


Overfull \hbox (4.59949pt too wide) in paragraph at lines 353--353
 []\OT1/antt/b/n/10.95 ATK| 
 []


Overfull \hbox (3.56792pt too wide) in paragraph at lines 353--353
 []\OT1/antt/b/n/10.95 WP| 
 []


Underfull \hbox (badness 10000) in paragraph at lines 358--359

 []

[22]
Underfull \hbox (badness 10000) in paragraph at lines 362--363

 []


Underfull \hbox (badness 10000) in paragraph at lines 362--363

 []


Package caption Warning: The option `hypcap=true' will be ignored for this
(caption)                particular \caption on input line 368.
See the caption package documentation for explanation.


Underfull \hbox (badness 1082) in paragraph at lines 372--373
[]\OT1/antt/b/n/10.95 Rules|  
 []

[23]
Underfull \hbox (badness 10000) in paragraph at lines 394--397

 []


Underfull \hbox (badness 1072) in paragraph at lines 394--397
\OT1/antt/m/n/10.95 (+20) His/Her most im-por-tant abil-ity is that he/she al-l
ows you to freely split your
 []


Underfull \hbox (badness 10000) in paragraph at lines 394--397

 []


Underfull \hbox (badness 10000) in paragraph at lines 394--397

 []

[24]
Underfull \hbox (badness 10000) in paragraph at lines 398--399

 []


Package caption Warning: The option `hypcap=true' will be ignored for this
(caption)                particular \caption on input line 403.
See the caption package documentation for explanation.


Overfull \hbox (1.11966pt too wide) in paragraph at lines 410--410
 []|\OT1/antt/b/n/10.95 Mov| 
 []


Overfull \hbox (1.11966pt too wide) in paragraph at lines 410--410
 []|\OT1/antt/b/n/10.95 Mov| 
 []


Overfull \hbox (4.59949pt too wide) in paragraph at lines 410--410
 []\OT1/antt/b/n/10.95 ATK| 
 []


Overfull \hbox (3.56792pt too wide) in paragraph at lines 410--410
 []\OT1/antt/b/n/10.95 WP| 
 []


Underfull \hbox (badness 10000) in paragraph at lines 410--414
[][]
 []


Underfull \hbox (badness 10000) in paragraph at lines 410--414

 []


Underfull \hbox (badness 10000) in paragraph at lines 410--414

 []


Underfull \hbox (badness 10000) in paragraph at lines 416--417

 []


Underfull \hbox (badness 10000) in paragraph at lines 420--421

 []


Underfull \hbox (badness 10000) in paragraph at lines 420--421

 []

[25] [26]

Package caption Warning: The option `hypcap=true' will be ignored for this
(caption)                particular \caption on input line 431.
See the caption package documentation for explanation.


Overfull \hbox (1.11966pt too wide) in paragraph at lines 439--439
 []|\OT1/antt/b/n/10.95 Mov| 
 []


Overfull \hbox (3.46696pt too wide) in paragraph at lines 439--439
[]|\OT1/antt/m/n/10.95 (-20) Squadleader|  
 []


Overfull \hbox (1.11966pt too wide) in paragraph at lines 439--439
 []|\OT1/antt/b/n/10.95 Mov| 
 []


Overfull \hbox (1.93906pt too wide) in paragraph at lines 439--439
 []\OT1/antt/b/n/10.95 ATK| 
 []


Overfull \hbox (1.35109pt too wide) in paragraph at lines 439--439
 []\OT1/antt/b/n/10.95 WP| 
 []


Overfull \hbox (3.46696pt too wide) in paragraph at lines 439--439
[]|\OT1/antt/m/n/10.95 (-20) Squadleader|  
 []


Overfull \hbox (2.08908pt too wide) in paragraph at lines 439--439
 [][]\OT1/antt/m/n/10.95 (-20) 3[][](+1)[]| 
 []


Overfull \hbox (2.08908pt too wide) in paragraph at lines 439--439
 [][]\OT1/antt/m/n/10.95 (-20) 3[][](+1)[]| 
 []

[27]

Package caption Warning: The option `hypcap=true' will be ignored for this
(caption)                particular \caption on input line 466.
See the caption package documentation for explanation.


Overfull \hbox (5.9494pt too wide) in paragraph at lines 481--482
[] 
 []

[28

] [29]

Package caption Warning: The option `hypcap=true' will be ignored for this
(caption)                particular \caption on input line 486.
See the caption package documentation for explanation.


Overfull \hbox (6.61197pt too wide) in paragraph at lines 500--500
 []|\OT1/antt/m/n/10.95 (-20) 4+/5+/6+| 
 []


Overfull \hbox (2.59196pt too wide) in paragraph at lines 500--500
 []|\OT1/antt/m/n/10.95 (-20) Reflex| 
 []


Overfull \hbox (2.59196pt too wide) in paragraph at lines 500--500
 []|\OT1/antt/m/n/10.95 (-20) Reflex| 
 []


Overfull \hbox (2.59196pt too wide) in paragraph at lines 500--500
 []|\OT1/antt/m/n/10.95 (-20) Reflex| 
 []


Overfull \hbox (1.94807pt too wide) in paragraph at lines 500--500
 []|\OT1/antt/m/n/10.95 (-20) Shield| 
 []


Overfull \hbox (1.94807pt too wide) in paragraph at lines 500--500
 []|\OT1/antt/m/n/10.95 (-20) Shield| 
 []


Overfull \hbox (1.94807pt too wide) in paragraph at lines 500--500
 []|\OT1/antt/m/n/10.95 (-20) Shield| 
 []


Overfull \hbox (6.61197pt too wide) in paragraph at lines 500--500
 []|\OT1/antt/m/n/10.95 (-20) 6+/5+/4+| 
 []


Overfull \hbox (6.61197pt too wide) in paragraph at lines 500--500
 []|\OT1/antt/m/n/10.95 (-20) 4+/5+/6+| 
 []


Overfull \hbox (2.59196pt too wide) in paragraph at lines 500--500
 []|\OT1/antt/m/n/10.95 (-20) Reflex| 
 []


Overfull \hbox (2.59196pt too wide) in paragraph at lines 500--500
 []|\OT1/antt/m/n/10.95 (-20) Reflex| 
 []


Overfull \hbox (2.59196pt too wide) in paragraph at lines 500--500
 []|\OT1/antt/m/n/10.95 (-20) Reflex| 
 []


Overfull \hbox (1.94807pt too wide) in paragraph at lines 500--500
 []|\OT1/antt/m/n/10.95 (-20) Shield| 
 []


Overfull \hbox (1.94807pt too wide) in paragraph at lines 500--500
 []|\OT1/antt/m/n/10.95 (-20) Shield| 
 []


Overfull \hbox (1.94807pt too wide) in paragraph at lines 500--500
 []|\OT1/antt/m/n/10.95 (-20) Shield| 
 []


Overfull \hbox (6.61197pt too wide) in paragraph at lines 500--500
 []|\OT1/antt/m/n/10.95 (-20) 6+/5+/4+| 
 []


Overfull \hbox (28.83774pt too wide) in paragraph at lines 500--501
[] 
 []

[30]

Package caption Warning: The option `hypcap=true' will be ignored for this
(caption)                particular \caption on input line 529.
See the caption package documentation for explanation.


Overfull \hbox (5.755pt too wide) in paragraph at lines 538--538
 []|\OT1/antt/b/n/10.95 Range| 
 []


Overfull \hbox (5.755pt too wide) in paragraph at lines 538--538
 []|\OT1/antt/b/n/10.95 Range| 
 []


Overfull \hbox (3.54698pt too wide) in paragraph at lines 538--538
 []\OT1/antt/b/n/10.95 DP| 
 []


Overfull \hbox (3.26648pt too wide) in paragraph at lines 538--538
 []\OT1/antt/b/n/10.95 SN| 
 []


Overfull \hbox (6.2107pt too wide) in paragraph at lines 538--538
 []\OT1/antt/b/n/10.95 Shots| 
 []


Overfull \hbox (22.18327pt too wide) in paragraph at lines 538--539
[][] 
 []

[31] [32] [33]

Package caption Warning: The option `hypcap=true' will be ignored for this
(caption)                particular \caption on input line 562.
See the caption package documentation for explanation.


Overfull \hbox (5.755pt too wide) in paragraph at lines 575--575
 []|\OT1/antt/b/n/10.95 Range| 
 []


Overfull \hbox (5.755pt too wide) in paragraph at lines 575--575
 []|\OT1/antt/b/n/10.95 Range| 
 []


Overfull \hbox (2.80205pt too wide) in paragraph at lines 575--575
 []\OT1/antt/b/n/10.95 DP| 
 []


Overfull \hbox (2.58046pt too wide) in paragraph at lines 575--575
 []\OT1/antt/b/n/10.95 SN| 
 []


Overfull \hbox (4.90633pt too wide) in paragraph at lines 575--575
 []\OT1/antt/b/n/10.95 Shots| 
 []


Overfull \hbox (12.05579pt too wide) in paragraph at lines 575--576
[] 
 []


Package caption Warning: The option `hypcap=true' will be ignored for this
(caption)                particular \caption on input line 587.
See the caption package documentation for explanation.

[34]
Overfull \hbox (5.755pt too wide) in paragraph at lines 601--601
 []|\OT1/antt/b/n/10.95 Range| 
 []


Overfull \hbox (5.755pt too wide) in paragraph at lines 601--601
 []|\OT1/antt/b/n/10.95 Range| 
 []


Overfull \hbox (3.98361pt too wide) in paragraph at lines 601--601
 []\OT1/antt/b/n/10.95 DP| 
 []


Overfull \hbox (3.66856pt too wide) in paragraph at lines 601--601
 []\OT1/antt/b/n/10.95 SN| 
 []


Overfull \hbox (6.97522pt too wide) in paragraph at lines 601--601
 []\OT1/antt/b/n/10.95 Shots| 
 []


Overfull \hbox (28.12712pt too wide) in paragraph at lines 601--602
[][] 
 []

[35] [36]

Package caption Warning: The option `hypcap=true' will be ignored for this
(caption)                particular \caption on input line 646.
See the caption package documentation for explanation.


Overfull \hbox (2.08678pt too wide) in paragraph at lines 656--656
 []|\OT1/antt/b/n/10.95 Mel.S 
 []


Overfull \hbox (2.08678pt too wide) in paragraph at lines 656--656
 []|\OT1/antt/b/n/10.95 Mel.S 
 []


Overfull \hbox (4.49489pt too wide) in paragraph at lines 656--656
 []\OT1/antt/b/n/10.95 DP| 
 []


Overfull \hbox (4.13942pt too wide) in paragraph at lines 656--656
 []\OT1/antt/b/n/10.95 SN| 
 []


Overfull \hbox (5.79324pt too wide) in paragraph at lines 656--656
 []\OT1/antt/m/n/10.95 (-20) User| 
 []


Overfull \hbox (5.79324pt too wide) in paragraph at lines 656--656
 []\OT1/antt/m/n/10.95 (-20) User| 
 []


Overfull \hbox (5.79324pt too wide) in paragraph at lines 656--656
 []\OT1/antt/m/n/10.95 (-20) User| 
 []


Overfull \hbox (5.19856pt too wide) in paragraph at lines 656--656
[]\OT1/antt/m/n/10.95 (-20) Greatsword|  
 []


Overfull \hbox (5.79324pt too wide) in paragraph at lines 656--656
 []\OT1/antt/m/n/10.95 (-20) User| 
 []


Overfull \hbox (35.05916pt too wide) in paragraph at lines 656--657
[] 
 []

[37]

Package caption Warning: The option `hypcap=true' will be ignored for this
(caption)                particular \caption on input line 668.
See the caption package documentation for explanation.


Overfull \hbox (9.1637pt too wide) in paragraph at lines 679--680
[][] 
 []


Package caption Warning: The option `hypcap=true' will be ignored for this
(caption)                particular \caption on input line 685.
See the caption package documentation for explanation.

[38

] [39]

Package caption Warning: The option `hypcap=true' will be ignored for this
(caption)                particular \caption on input line 711.
See the caption package documentation for explanation.


Overfull \hbox (2.19963pt too wide) in paragraph at lines 715--715
[]\OT1/antt/b/n/10.95 Mov|  
 []


Overfull \hbox (2.19963pt too wide) detected at line 715
[]\OT1/antt/b/n/10.95 Mov|  
 []


Overfull \hbox (4.05414pt too wide) in paragraph at lines 715--715
[]\OT1/antt/b/n/10.95 FP|  
 []


Overfull \hbox (4.05414pt too wide) detected at line 715
[]\OT1/antt/b/n/10.95 FP|  
 []


Overfull \hbox (3.6928pt too wide) in paragraph at lines 715--715
[]\OT1/antt/b/n/10.95 SP|  
 []


Overfull \hbox (3.6928pt too wide) detected at line 715
[]\OT1/antt/b/n/10.95 SP|  
 []


Overfull \hbox (5.17105pt too wide) in paragraph at lines 715--715
[]\OT1/antt/b/n/10.95 BP|  
 []


Overfull \hbox (5.17105pt too wide) detected at line 715
[]\OT1/antt/b/n/10.95 BP|  
 []


Overfull \hbox (6.25508pt too wide) in paragraph at lines 715--715
[]\OT1/antt/b/n/10.95 HP|  
 []


Overfull \hbox (6.25508pt too wide) detected at line 715
[]\OT1/antt/b/n/10.95 HP|  
 []


Overfull \hbox (2.84564pt too wide) in paragraph at lines 715--716
[]\OT1/antt/b/n/10.95 Cost|  
 []


Overfull \hbox (2.84564pt too wide) detected at line 716
[]\OT1/antt/b/n/10.95 Cost|  
 []


Overfull \hbox (5.21822pt too wide) in paragraph at lines 720--720
[]\OT1/antt/m/n/10.95 (-20) Transport|  
 []


Overfull \hbox (5.56862pt too wide) detected at line 720
[]\OT1/antt/m/n/10.95 (-20) Transport|  
 []


Overfull \hbox (1.16557pt too wide) detected at line 720
[]\OT1/antt/m/n/10.95 (+20) Transport, 
 []


Overfull \hbox (16.90146pt too wide) in alignment at lines 713--722
 [] [] [] [] [] [] [] [] [] [] [] 
 []


Underfull \hbox (badness 10000) in paragraph at lines 725--727

 []

[40

]
Underfull \hbox (badness 10000) in paragraph at lines 741--743

 []


Underfull \hbox (badness 10000) in paragraph at lines 741--743

 []


Package caption Warning: The option `hypcap=true' will be ignored for this
(caption)                particular \caption on input line 747.
See the caption package documentation for explanation.


Overfull \hbox (1.11966pt too wide) in paragraph at lines 754--754
 []|\OT1/antt/b/n/10.95 Mov| 
 []


Overfull \hbox (1.11966pt too wide) in paragraph at lines 754--754
 []|\OT1/antt/b/n/10.95 Mov| 
 []


Overfull \hbox (1.93906pt too wide) in paragraph at lines 754--754
 []\OT1/antt/b/n/10.95 ATK| 
 []


Overfull \hbox (1.35109pt too wide) in paragraph at lines 754--754
 []\OT1/antt/b/n/10.95 WP| 
 []


Overfull \hbox (2.08908pt too wide) in paragraph at lines 754--754
 [][]\OT1/antt/m/n/10.95 (-20) 3[][](+1)[]| 
 []


Overfull \hbox (2.08908pt too wide) in paragraph at lines 754--754
 [][]\OT1/antt/m/n/10.95 (-20) 3[][](+1)[]| 
 []

[41]
Underfull \hbox (badness 10000) in paragraph at lines 759--760

 []


Underfull \hbox (badness 1137) in paragraph at lines 759--760
\OT1/antt/m/it/10.95 (+20) Bertha's Equip-ment: Light Ar-mor, Heavy Weapon Trai
n-ing, As-sault Ri-fle -
 []


Underfull \hbox (badness 10000) in paragraph at lines 759--760

 []


Package caption Warning: The option `hypcap=true' will be ignored for this
(caption)                particular \caption on input line 765.
See the caption package documentation for explanation.


Overfull \hbox (1.01552pt too wide) in paragraph at lines 782--783
[][] 
 []

[42] [43]
Underfull \hbox (badness 10000) in paragraph at lines 793--794

 []


Underfull \hbox (badness 10000) in paragraph at lines 793--794

 []


Package caption Warning: The option `hypcap=true' will be ignored for this
(caption)                particular \caption on input line 798.
See the caption package documentation for explanation.


Overfull \hbox (2.19963pt too wide) in paragraph at lines 802--802
[]\OT1/antt/b/n/10.95 Mov|  
 []


Overfull \hbox (2.19963pt too wide) detected at line 802
[]\OT1/antt/b/n/10.95 Mov|  
 []


Overfull \hbox (4.05414pt too wide) in paragraph at lines 802--802
[]\OT1/antt/b/n/10.95 FP|  
 []


Overfull \hbox (4.05414pt too wide) detected at line 802
[]\OT1/antt/b/n/10.95 FP|  
 []


Overfull \hbox (3.6928pt too wide) in paragraph at lines 802--802
[]\OT1/antt/b/n/10.95 SP|  
 []


Overfull \hbox (3.6928pt too wide) detected at line 802
[]\OT1/antt/b/n/10.95 SP|  
 []


Overfull \hbox (5.17105pt too wide) in paragraph at lines 802--802
[]\OT1/antt/b/n/10.95 BP|  
 []


Overfull \hbox (5.17105pt too wide) detected at line 802
[]\OT1/antt/b/n/10.95 BP|  
 []


Overfull \hbox (6.25508pt too wide) in paragraph at lines 802--802
[]\OT1/antt/b/n/10.95 HP|  
 []


Overfull \hbox (6.25508pt too wide) detected at line 802
[]\OT1/antt/b/n/10.95 HP|  
 []


Package caption Warning: The option `hypcap=true' will be ignored for this
(caption)                particular \caption on input line 808.
See the caption package documentation for explanation.


Overfull \hbox (1.11966pt too wide) in paragraph at lines 815--815
 []|\OT1/antt/b/n/10.95 Mov| 
 []


Overfull \hbox (1.11966pt too wide) in paragraph at lines 815--815
 []|\OT1/antt/b/n/10.95 Mov| 
 []


Overfull \hbox (1.93906pt too wide) in paragraph at lines 815--815
 []\OT1/antt/b/n/10.95 ATK| 
 []


Overfull \hbox (1.35109pt too wide) in paragraph at lines 815--815
 []\OT1/antt/b/n/10.95 WP| 
 []


Overfull \hbox (2.08908pt too wide) in paragraph at lines 815--815
 [][]\OT1/antt/m/n/10.95 (-20) 3[][](+1)[]| 
 []


Overfull \hbox (2.08908pt too wide) in paragraph at lines 815--815
 [][]\OT1/antt/m/n/10.95 (-20) 3[][](+1)[]| 
 []


Underfull \hbox (badness 10000) in paragraph at lines 817--829

 []


Underfull \hbox (badness 10000) in paragraph at lines 817--829

 []


Underfull \hbox (badness 10000) in paragraph at lines 817--829

 []

[44] [45]
Underfull \hbox (badness 10000) in paragraph at lines 850--853

 []


Underfull \hbox (badness 10000) in paragraph at lines 850--853

 []


Underfull \hbox (badness 10000) in paragraph at lines 855--861

 []


Underfull \hbox (badness 10000) in paragraph at lines 855--861

 []


Underfull \hbox (badness 10000) in paragraph at lines 855--861

 []

[46] [47]
*geometry* verbose mode - [ newgeometry ] result:
* driver: pdftex
* paper: a4paper
* layout: <same size as paper>
* layoutoffset:(h,v)=(0.0pt,0.0pt)
* modes: 
* h-part:(L,W,R)=(17.07164pt, 563.3646pt, 17.07164pt)
* v-part:(T,H,B)=(14.22636pt, 813.74884pt, 17.07164pt)
* \paperwidth=597.50787pt
* \paperheight=845.04684pt
* \textwidth=563.3646pt
* \textheight=813.74884pt
* \oddsidemargin=-55.19835pt
* \evensidemargin=-55.19835pt
* \topmargin=-95.04362pt
* \headheight=12.0pt
* \headsep=25.0pt
* \topskip=11.0pt
* \footskip=30.0pt
* \marginparwidth=59.0pt
* \marginparsep=10.0pt
* \columnsep=10.0pt
* \skip\footins=10.0pt plus 4.0pt minus 2.0pt
* \hoffset=0.0pt
* \voffset=0.0pt
* \mag=1000
* \@twocolumnfalse
* \@twosidefalse
* \@mparswitchfalse
* \@reversemarginfalse
* (1in=72.27pt=25.4mm, 1cm=28.453pt)

 <fire-explosion.png, id=502, 441.65pt x 441.65pt>
File: fire-explosion.png Graphic file (type png)

<use fire-explosion.png>
Package pdftex.def Info: fire-explosion.png used on input line 869.
(pdftex.def)             Requested size: 170.71652pt x 170.71304pt.
LaTeX Font Info:    Try loading font information for U+futs on input line 870.

("C:\Program Files (x86)\MiKTeX 2.9\tex\latex\fourier\ufuts.fd"
File: ufuts.fd 2004/03/26 Fontinst v1.926 font definitions for U/futs.
)
File: fire-explosion.png Graphic file (type png)

<use fire-explosion.png>
Package pdftex.def Info: fire-explosion.png used on input line 877.
(pdftex.def)             Requested size: 170.71652pt x 170.71304pt.
File: fire-explosion.png Graphic file (type png)
 <use fire-explosion.png>
Package pdftex.def Info: fire-explosion.png used on input line 885.
(pdftex.def)             Requested size: 170.71652pt x 170.71304pt.
File: fire-explosion.png Graphic file (type png)
 <use fire-explosion.png>
Package pdftex.def Info: fire-explosion.png used on input line 893.
(pdftex.def)             Requested size: 170.71652pt x 170.71304pt.
File: fire-explosion.png Graphic file (type png)

<use fire-explosion.png>
Package pdftex.def Info: fire-explosion.png used on input line 901.
(pdftex.def)             Requested size: 170.71652pt x 170.71304pt.
File: fire-explosion.png Graphic file (type png)
 <use fire-explosion.png>
Package pdftex.def Info: fire-explosion.png used on input line 909.
(pdftex.def)             Requested size: 170.71652pt x 170.71304pt.
File: fire-explosion.png Graphic file (type png)
 <use fire-explosion.png>
Package pdftex.def Info: fire-explosion.png used on input line 918.
(pdftex.def)             Requested size: 170.71652pt x 170.71304pt.
File: fire-explosion.png Graphic file (type png)

<use fire-explosion.png>
Package pdftex.def Info: fire-explosion.png used on input line 926.
(pdftex.def)             Requested size: 170.71652pt x 170.71304pt.
File: fire-explosion.png Graphic file (type png)
 <use fire-explosion.png>
Package pdftex.def Info: fire-explosion.png used on input line 934.
(pdftex.def)             Requested size: 170.71652pt x 170.71304pt.
File: fire-explosion.png Graphic file (type png)
 <use fire-explosion.png>
Package pdftex.def Info: fire-explosion.png used on input line 942.
(pdftex.def)             Requested size: 170.71652pt x 170.71304pt.
File: fire-explosion.png Graphic file (type png)

<use fire-explosion.png>
Package pdftex.def Info: fire-explosion.png used on input line 950.
(pdftex.def)             Requested size: 170.71652pt x 170.71304pt.
File: fire-explosion.png Graphic file (type png)
 <use fire-explosion.png>
Package pdftex.def Info: fire-explosion.png used on input line 958.
(pdftex.def)             Requested size: 170.71652pt x 170.71304pt.
File: fire-explosion.png Graphic file (type png)
 <use fire-explosion.png>
Package pdftex.def Info: fire-explosion.png used on input line 966.
(pdftex.def)             Requested size: 170.71652pt x 170.71304pt.
File: fire-explosion.png Graphic file (type png)

<use fire-explosion.png>
Package pdftex.def Info: fire-explosion.png used on input line 974.
(pdftex.def)             Requested size: 170.71652pt x 170.71304pt.
File: fire-explosion.png Graphic file (type png)
 <use fire-explosion.png>
Package pdftex.def Info: fire-explosion.png used on input line 982.
(pdftex.def)             Requested size: 170.71652pt x 170.71304pt.
File: fire-explosion.png Graphic file (type png)
 <use fire-explosion.png>
Package pdftex.def Info: fire-explosion.png used on input line 990.
(pdftex.def)             Requested size: 170.71652pt x 170.71304pt.
File: fire-explosion.png Graphic file (type png)

<use fire-explosion.png>
Package pdftex.def Info: fire-explosion.png used on input line 998.
(pdftex.def)             Requested size: 170.71652pt x 170.71304pt.
File: fire-explosion.png Graphic file (type png)
 <use fire-explosion.png>
Package pdftex.def Info: fire-explosion.png used on input line 1006.
(pdftex.def)             Requested size: 170.71652pt x 170.71304pt.
File: fire-explosion.png Graphic file (type png)
 <use fire-explosion.png>
Package pdftex.def Info: fire-explosion.png used on input line 1014.
(pdftex.def)             Requested size: 170.71652pt x 170.71304pt.
File: fire-explosion.png Graphic file (type png)

<use fire-explosion.png>
Package pdftex.def Info: fire-explosion.png used on input line 1022.
(pdftex.def)             Requested size: 170.71652pt x 170.71304pt.
File: fire-explosion.png Graphic file (type png)
 <use fire-explosion.png>
Package pdftex.def Info: fire-explosion.png used on input line 1030.
(pdftex.def)             Requested size: 170.71652pt x 170.71304pt.
File: fire-explosion.png Graphic file (type png)
 <use fire-explosion.png>
Package pdftex.def Info: fire-explosion.png used on input line 1038.
(pdftex.def)             Requested size: 170.71652pt x 170.71304pt.
File: fire-explosion.png Graphic file (type png)

<use fire-explosion.png>
Package pdftex.def Info: fire-explosion.png used on input line 1046.
(pdftex.def)             Requested size: 170.71652pt x 170.71304pt.
File: fire-explosion.png Graphic file (type png)
 <use fire-explosion.png>
Package pdftex.def Info: fire-explosion.png used on input line 1054.
(pdftex.def)             Requested size: 170.71652pt x 170.71304pt.
File: fire-explosion.png Graphic file (type png)
 <use fire-explosion.png>
Package pdftex.def Info: fire-explosion.png used on input line 1063.
(pdftex.def)             Requested size: 170.71652pt x 170.71304pt.
File: fire-explosion.png Graphic file (type png)

<use fire-explosion.png>
Package pdftex.def Info: fire-explosion.png used on input line 1071.
(pdftex.def)             Requested size: 170.71652pt x 170.71304pt.
File: fire-explosion.png Graphic file (type png)
 <use fire-explosion.png>
Package pdftex.def Info: fire-explosion.png used on input line 1079.
(pdftex.def)             Requested size: 170.71652pt x 170.71304pt.
File: fire-explosion.png Graphic file (type png)
 <use fire-explosion.png>
Package pdftex.def Info: fire-explosion.png used on input line 1087.
(pdftex.def)             Requested size: 170.71652pt x 170.71304pt.
File: fire-explosion.png Graphic file (type png)

<use fire-explosion.png>
Package pdftex.def Info: fire-explosion.png used on input line 1095.
(pdftex.def)             Requested size: 170.71652pt x 170.71304pt.
File: fire-explosion.png Graphic file (type png)
 <use fire-explosion.png>
Package pdftex.def Info: fire-explosion.png used on input line 1103.
(pdftex.def)             Requested size: 170.71652pt x 170.71304pt.
File: fire-explosion.png Graphic file (type png)
 <use fire-explosion.png>
Package pdftex.def Info: fire-explosion.png used on input line 1111.
(pdftex.def)             Requested size: 170.71652pt x 170.71304pt.
File: fire-explosion.png Graphic file (type png)

<use fire-explosion.png>
Package pdftex.def Info: fire-explosion.png used on input line 1119.
(pdftex.def)             Requested size: 170.71652pt x 170.71304pt.
File: fire-explosion.png Graphic file (type png)
 <use fire-explosion.png>
Package pdftex.def Info: fire-explosion.png used on input line 1127.
(pdftex.def)             Requested size: 170.71652pt x 170.71304pt.
File: fire-explosion.png Graphic file (type png)
 <use fire-explosion.png>
Package pdftex.def Info: fire-explosion.png used on input line 1135.
(pdftex.def)             Requested size: 170.71652pt x 170.71304pt.
File: fire-explosion.png Graphic file (type png)

<use fire-explosion.png>
Package pdftex.def Info: fire-explosion.png used on input line 1143.
(pdftex.def)             Requested size: 170.71652pt x 170.71304pt.
File: fire-explosion.png Graphic file (type png)
 <use fire-explosion.png>
Package pdftex.def Info: fire-explosion.png used on input line 1151.
(pdftex.def)             Requested size: 170.71652pt x 170.71304pt.

Underfull \hbox (badness 10000) in paragraph at lines 875--1158
[] [] []
 []


Underfull \hbox (badness 10000) in paragraph at lines 875--1158
[] [] []
 []


Underfull \hbox (badness 10000) in paragraph at lines 875--1158
[] [] []
 []


Underfull \hbox (badness 10000) in paragraph at lines 875--1158
[] [] []
 []


Underfull \hbox (badness 10000) in paragraph at lines 875--1158
[] [] []
 []


Underfull \hbox (badness 10000) in paragraph at lines 875--1158
[] [] []
 []


Underfull \hbox (badness 10000) in paragraph at lines 875--1158
[] [] []
 []


Underfull \hbox (badness 10000) in paragraph at lines 875--1158
[] [] []
 []


Underfull \hbox (badness 10000) in paragraph at lines 875--1158
[] [] []
 []


Underfull \hbox (badness 10000) in paragraph at lines 875--1158
[] [] []
 []


Underfull \hbox (badness 10000) in paragraph at lines 875--1158
[] [] []
 []

[48

 <./fire-explosion.png>] [49] [50] [51] [52


] [53

] [54] [55

]
Underfull \hbox (badness 10000) in paragraph at lines 1219--1223

 []

[56

]
Underfull \hbox (badness 10000) in paragraph at lines 1224--1230

 []


Underfull \hbox (badness 10000) in paragraph at lines 1224--1230

 []


Underfull \hbox (badness 10000) in paragraph at lines 1224--1230

 []


Underfull \hbox (badness 10000) in paragraph at lines 1224--1230

 []

<arrows.png, id=548, 916.42375pt x 832.10875pt>
File: arrows.png Graphic file (type png)
 <use arrows.png>
Package pdftex.def Info: arrows.png used on input line 1233.
(pdftex.def)             Requested size: 170.71652pt x 155.00424pt.
File: arrows.png Graphic file (type png)

<use arrows.png>
Package pdftex.def Info: arrows.png used on input line 1241.
(pdftex.def)             Requested size: 170.71652pt x 155.00424pt.
File: arrows.png Graphic file (type png)
 <use arrows.png>
Package pdftex.def Info: arrows.png used on input line 1249.
(pdftex.def)             Requested size: 170.71652pt x 155.00424pt.
File: arrows.png Graphic file (type png)
 <use arrows.png>
Package pdftex.def Info: arrows.png used on input line 1257.
(pdftex.def)             Requested size: 170.71652pt x 155.00424pt.
File: arrows.png Graphic file (type png)
 <use arrows.png>
Package pdftex.def Info: arrows.png used on input line 1265.
(pdftex.def)             Requested size: 170.71652pt x 155.00424pt.
File: arrows.png Graphic file (type png)

<use arrows.png>
Package pdftex.def Info: arrows.png used on input line 1273.
(pdftex.def)             Requested size: 170.71652pt x 155.00424pt.
File: arrows.png Graphic file (type png)
 <use arrows.png>
Package pdftex.def Info: arrows.png used on input line 1281.
(pdftex.def)             Requested size: 170.71652pt x 155.00424pt.
File: arrows.png Graphic file (type png)
 <use arrows.png>
Package pdftex.def Info: arrows.png used on input line 1289.
(pdftex.def)             Requested size: 170.71652pt x 155.00424pt.
File: arrows.png Graphic file (type png)
 <use arrows.png>
Package pdftex.def Info: arrows.png used on input line 1297.
(pdftex.def)             Requested size: 170.71652pt x 155.00424pt.
File: arrows.png Graphic file (type png)

<use arrows.png>
Package pdftex.def Info: arrows.png used on input line 1305.
(pdftex.def)             Requested size: 170.71652pt x 155.00424pt.
File: arrows.png Graphic file (type png)
 <use arrows.png>
Package pdftex.def Info: arrows.png used on input line 1313.
(pdftex.def)             Requested size: 170.71652pt x 155.00424pt.
File: arrows.png Graphic file (type png)
 <use arrows.png>
Package pdftex.def Info: arrows.png used on input line 1321.
(pdftex.def)             Requested size: 170.71652pt x 155.00424pt.

Underfull \hbox (badness 10000) in paragraph at lines 1239--1328
[][] []
 []


Underfull \hbox (badness 10000) in paragraph at lines 1239--1328
[] []
 []


Underfull \hbox (badness 10000) in paragraph at lines 1239--1328
[] []
 []


Underfull \hbox (badness 10000) in paragraph at lines 1239--1328
[] []
 []


Underfull \hbox (badness 10000) in paragraph at lines 1239--1328
[] []
 []

[57] [58 <./arrows.png>] [59] [60]

Package caption Warning: The option `hypcap=true' will be ignored for this
(caption)                particular \caption on input line 1332.
See the caption package documentation for explanation.


Overfull \hbox (21.32625pt too wide) in alignment at lines 1334--1352
 [] [] [] [] 
 []


Underfull \vbox (badness 10000) detected at line 1352
 []

[61]
Underfull \hbox (badness 10000) in paragraph at lines 1369--1370

 []


Package caption Warning: The option `hypcap=true' will be ignored for this
(caption)                particular \caption on input line 1376.
See the caption package documentation for explanation.


Overfull \hbox (1.11966pt too wide) in paragraph at lines 1384--1384
 []|\OT1/antt/b/n/10.95 Mov| 
 []


Overfull \hbox (1.11966pt too wide) in paragraph at lines 1384--1384
 []|\OT1/antt/b/n/10.95 Mov| 
 []


Overfull \hbox (4.59949pt too wide) in paragraph at lines 1384--1384
 []\OT1/antt/b/n/10.95 ATK| 
 []


Overfull \hbox (3.56792pt too wide) in paragraph at lines 1384--1384
 []\OT1/antt/b/n/10.95 WP| 
 []

[62

]

Package caption Warning: The option `hypcap=true' will be ignored for this
(caption)                particular \caption on input line 1407.
See the caption package documentation for explanation.


Overfull \hbox (1.11966pt too wide) in paragraph at lines 1415--1415
 []|\OT1/antt/b/n/10.95 Mov| 
 []


Overfull \hbox (1.11966pt too wide) in paragraph at lines 1415--1415
 []|\OT1/antt/b/n/10.95 Mov| 
 []


Overfull \hbox (4.59949pt too wide) in paragraph at lines 1415--1415
 []\OT1/antt/b/n/10.95 ATK| 
 []


Overfull \hbox (3.56792pt too wide) in paragraph at lines 1415--1415
 []\OT1/antt/b/n/10.95 WP| 
 []


Package caption Warning: The option `hypcap=true' will be ignored for this
(caption)                particular \caption on input line 1419.
See the caption package documentation for explanation.


Overfull \hbox (1.11966pt too wide) in paragraph at lines 1427--1427
 []|\OT1/antt/b/n/10.95 Mov| 
 []


Overfull \hbox (1.11966pt too wide) in paragraph at lines 1427--1427
 []|\OT1/antt/b/n/10.95 Mov| 
 []


Overfull \hbox (4.59949pt too wide) in paragraph at lines 1427--1427
 []\OT1/antt/b/n/10.95 ATK| 
 []


Overfull \hbox (3.56792pt too wide) in paragraph at lines 1427--1427
 []\OT1/antt/b/n/10.95 WP| 
 []

[63] [64]
Package atveryend Info: Empty hook `BeforeClearDocument' on input line 1434.
Package atveryend Info: Empty hook `AfterLastShipout' on input line 1434.
 (BetweenTwoSuns.aux)
Package atveryend Info: Executing hook `AtVeryEndDocument' on input line 1434.
Package atveryend Info: Empty hook `AtEndAfterFileList' on input line 1434.
Package atveryend Info: Empty hook `AtVeryVeryEnd' on input line 1434.
 ) 
Here is how much of TeX's memory you used:
 21434 strings out of 493335
 393386 string characters out of 3136684
 828999 words of memory out of 3000000
 24199 multiletter control sequences out of 15000+200000
 58733 words of font info for 114 fonts, out of 3000000 for 9000
 1141 hyphenation exceptions out of 8191
 64i,9n,78p,650b,776s stack positions out of 5000i,500n,10000p,200000b,50000s
{C:/Program Files (x86)/MiKTeX 2.9/fonts/enc/dvips/antt/antt-qx.enc}{C:/Progr
am Files (x86)/MiKTeX 2.9/fonts/enc/dvips/antt/antt-sy.enc}{C:/Program Files (x
86)/MiKTeX 2.9/fonts/enc/dvips/antt/anttcap-qx.enc}<C:/Program Files (x86)/MiKT
eX 2.9/fonts/type1/public/antt/anttb.pfb><C:/Program Files (x86)/MiKTeX 2.9/fon
ts/type1/public/antt/anttbi.pfb><C:/Program Files (x86)/MiKTeX 2.9/fonts/type1/
public/antt/anttr.pfb><C:/Program Files (x86)/MiKTeX 2.9/fonts/type1/public/ant
t/anttri.pfb><C:/Program Files (x86)/MiKTeX 2.9/fonts/type1/public/fourier/four
ier-orns.pfb>
Output written on BetweenTwoSuns.pdf (64 pages, 14078924 bytes).
PDF statistics:
 927 PDF objects out of 1000 (max. 8388607)
 206 named destinations out of 1000 (max. 500000)
 15172 words of extra memory for PDF output out of 17280 (max. 10000000)

