This is pdfTeX, Version 3.1415926-2.5-1.40.14 (MiKTeX 2.9 64-bit) (preloaded format=pdflatex 2015.7.24)  1 APR 2016 18:30
entering extended mode
**BetweenTwoSuns.tex
("C:\Users\Masgroth\Documents\Between two Suns Latex\BetweenTwoSuns.tex"
LaTeX2e <2011/06/27>
Babel <v3.8m> and hyphenation patterns for english, afrikaans, ancientgreek, ar
abic, armenian, assamese, basque, bengali, bokmal, bulgarian, catalan, coptic, 
croatian, czech, danish, dutch, esperanto, estonian, farsi, finnish, french, ga
lician, german, german-x-2013-05-26, greek, gujarati, hindi, hungarian, iceland
ic, indonesian, interlingua, irish, italian, kannada, kurmanji, latin, latvian,
 lithuanian, malayalam, marathi, mongolian, mongolianlmc, monogreek, ngerman, n
german-x-2013-05-26, nynorsk, oriya, panjabi, pinyin, polish, portuguese, roman
ian, russian, sanskrit, serbian, slovak, slovenian, spanish, swedish, swissgerm
an, tamil, telugu, turkish, turkmen, ukenglish, ukrainian, uppersorbian, usengl
ishmax, welsh, loaded.
("C:\Program Files\MiKTeX 2.9\tex\latex\base\article.cls"
Document Class: article 2007/10/19 v1.4h Standard LaTeX document class
("C:\Program Files\MiKTeX 2.9\tex\latex\base\size11.clo"
File: size11.clo 2007/10/19 v1.4h Standard LaTeX file (size option)
)
\c@part=\count79
\c@section=\count80
\c@subsection=\count81
\c@subsubsection=\count82
\c@paragraph=\count83
\c@subparagraph=\count84
\c@figure=\count85
\c@table=\count86
\abovecaptionskip=\skip41
\belowcaptionskip=\skip42
\bibindent=\dimen102
)
("C:\Program Files\MiKTeX 2.9\tex\latex\tools\array.sty"
Package: array 2008/09/09 v2.4c Tabular extension package (FMi)
\col@sep=\dimen103
\extrarowheight=\dimen104
\NC@list=\toks14
\extratabsurround=\skip43
\backup@length=\skip44
)
("C:\Program Files\MiKTeX 2.9\tex\latex\ltxmisc\varwidth.sty"
Package: varwidth 2009/03/30 ver 0.92;  Variable-width minipages
\@vwid@box=\box26
\sift@deathcycles=\count87
\@vwid@loff=\dimen105
\@vwid@roff=\dimen106
)
("C:\Program Files\MiKTeX 2.9\tex\latex\caption\caption.sty"
Package: caption 2013/05/02 v3.3-89 Customizing captions (AR)

("C:\Program Files\MiKTeX 2.9\tex\latex\caption\caption3.sty"
Package: caption3 2013/05/02 v1.6-88 caption3 kernel (AR)
Package caption3 Info: TeX engine: e-TeX on input line 57.

("C:\Program Files\MiKTeX 2.9\tex\latex\graphics\keyval.sty"
Package: keyval 1999/03/16 v1.13 key=value parser (DPC)
\KV@toks@=\toks15
)
\captionmargin=\dimen107
\captionmargin@=\dimen108
\captionwidth=\dimen109
\caption@tempdima=\dimen110
\caption@indent=\dimen111
\caption@parindent=\dimen112
\caption@hangindent=\dimen113
)
\c@ContinuedFloat=\count88
)
("C:\Program Files\MiKTeX 2.9\tex\latex\adjustbox\adjustbox.sty"
Package: adjustbox 2012/05/21 v1.0 Adjusting TeX boxes (trim, clip, ...)

("C:\Program Files\MiKTeX 2.9\tex\latex\xkeyval\xkeyval.sty"
Package: xkeyval 2012/10/14 v2.6b package option processing (HA)

("C:\Program Files\MiKTeX 2.9\tex\generic\xkeyval\xkeyval.tex"
\XKV@toks=\toks16
\XKV@tempa@toks=\toks17
\XKV@depth=\count89
File: xkeyval.tex 2012/10/14 v2.6b key=value parser (HA)
))
("C:\Program Files\MiKTeX 2.9\tex\latex\adjustbox\adjcalc.sty"
Package: adjcalc 2012/05/16 v1.1 Provides advanced setlength with multiple back
-ends (calc, etex, pgfmath)
)
("C:\Program Files\MiKTeX 2.9\tex\latex\adjustbox\trimclip.sty"
Package: trimclip 2012/05/16 v1.0 Trim and clip general TeX material

("C:\Program Files\MiKTeX 2.9\tex\latex\graphics\graphicx.sty"
Package: graphicx 1999/02/16 v1.0f Enhanced LaTeX Graphics (DPC,SPQR)

("C:\Program Files\MiKTeX 2.9\tex\latex\graphics\graphics.sty"
Package: graphics 2009/02/05 v1.0o Standard LaTeX Graphics (DPC,SPQR)

("C:\Program Files\MiKTeX 2.9\tex\latex\graphics\trig.sty"
Package: trig 1999/03/16 v1.09 sin cos tan (DPC)
)
("C:\Program Files\MiKTeX 2.9\tex\latex\00miktex\graphics.cfg"
File: graphics.cfg 2007/01/18 v1.5 graphics configuration of teTeX/TeXLive
)
Package graphics Info: Driver file: pdftex.def on input line 91.

("C:\Program Files\MiKTeX 2.9\tex\latex\pdftex-def\pdftex.def"
File: pdftex.def 2011/05/27 v0.06d Graphics/color for pdfTeX

("C:\Program Files\MiKTeX 2.9\tex\generic\oberdiek\infwarerr.sty"
Package: infwarerr 2010/04/08 v1.3 Providing info/warning/error messages (HO)
)
("C:\Program Files\MiKTeX 2.9\tex\generic\oberdiek\ltxcmds.sty"
Package: ltxcmds 2011/11/09 v1.22 LaTeX kernel commands for general use (HO)
)
\Gread@gobject=\count90
))
\Gin@req@height=\dimen114
\Gin@req@width=\dimen115
)
("C:\Program Files\MiKTeX 2.9\tex\latex\collectbox\collectbox.sty"
Package: collectbox 2012/05/17 v0.4b Collect macro arguments as boxes
\collectedbox=\box27
)
\tc@llx=\dimen116
\tc@lly=\dimen117
\tc@urx=\dimen118
\tc@ury=\dimen119
Package trimclip Info: Using driver 'tc-pdftex.def'.

("C:\Program Files\MiKTeX 2.9\tex\latex\adjustbox\tc-pdftex.def"
File: tc-pdftex.def 2012/05/13 v1.0 Clipping driver for pdftex
))
\adjbox@Width=\dimen120
\adjbox@Height=\dimen121
\adjbox@Depth=\dimen122
\adjbox@Totalheight=\dimen123

("C:\Program Files\MiKTeX 2.9\tex\latex\ifoddpage\ifoddpage.sty"
Package: ifoddpage 2011/09/13 v1.0 Conditionals for odd/even page detection
\c@checkoddpage=\count91
))
("C:\Program Files\MiKTeX 2.9\tex\latex\tools\longtable.sty"
Package: longtable 2004/02/01 v4.11 Multi-page Table package (DPC)
\LTleft=\skip45
\LTright=\skip46
\LTpre=\skip47
\LTpost=\skip48
\LTchunksize=\count92
\LTcapwidth=\dimen124
\LT@head=\box28
\LT@firsthead=\box29
\LT@foot=\box30
\LT@lastfoot=\box31
\LT@cols=\count93
\LT@rows=\count94
\c@LT@tables=\count95
\c@LT@chunks=\count96
\LT@p@ftn=\toks18
)
("C:\Program Files\MiKTeX 2.9\tex\latex\tabulary\tabulary.sty"
Package: tabulary 2014/06/11 v0.10 tabulary package (DPC)
\TY@count=\count97
\TY@linewidth=\dimen125
\tymin=\dimen126
\tymax=\dimen127
\TY@tablewidth=\dimen128
)
("C:\Program Files\MiKTeX 2.9\tex\latex\geometry\geometry.sty"
Package: geometry 2010/09/12 v5.6 Page Geometry

("C:\Program Files\MiKTeX 2.9\tex\generic\oberdiek\ifpdf.sty"
Package: ifpdf 2011/01/30 v2.3 Provides the ifpdf switch (HO)
Package ifpdf Info: pdfTeX in PDF mode is detected.
)
("C:\Program Files\MiKTeX 2.9\tex\generic\oberdiek\ifvtex.sty"
Package: ifvtex 2010/03/01 v1.5 Detect VTeX and its facilities (HO)
Package ifvtex Info: VTeX not detected.
)
("C:\Program Files\MiKTeX 2.9\tex\generic\ifxetex\ifxetex.sty"
Package: ifxetex 2010/09/12 v0.6 Provides ifxetex conditional
)
\Gm@cnth=\count98
\Gm@cntv=\count99
\c@Gm@tempcnt=\count100
\Gm@bindingoffset=\dimen129
\Gm@wd@mp=\dimen130
\Gm@odd@mp=\dimen131
\Gm@even@mp=\dimen132
\Gm@layoutwidth=\dimen133
\Gm@layoutheight=\dimen134
\Gm@layouthoffset=\dimen135
\Gm@layoutvoffset=\dimen136
\Gm@dimlist=\toks19

("C:\Program Files\MiKTeX 2.9\tex\latex\geometry\geometry.cfg"))
("C:\Program Files\MiKTeX 2.9\tex\latex\xcolor\xcolor.sty"
Package: xcolor 2007/01/21 v2.11 LaTeX color extensions (UK)

("C:\Program Files\MiKTeX 2.9\tex\latex\00miktex\color.cfg"
File: color.cfg 2007/01/18 v1.5 color configuration of teTeX/TeXLive
)
Package xcolor Info: Driver file: pdftex.def on input line 225.

("C:\Program Files\MiKTeX 2.9\tex\latex\colortbl\colortbl.sty"
Package: colortbl 2012/02/13 v1.0a Color table columns (DPC)
\everycr=\toks20
\minrowclearance=\skip49
)
\rownum=\count101
Package xcolor Info: Model `cmy' substituted by `cmy0' on input line 1337.
Package xcolor Info: Model `hsb' substituted by `rgb' on input line 1341.
Package xcolor Info: Model `RGB' extended on input line 1353.
Package xcolor Info: Model `HTML' substituted by `rgb' on input line 1355.
Package xcolor Info: Model `Hsb' substituted by `hsb' on input line 1356.
Package xcolor Info: Model `tHsb' substituted by `hsb' on input line 1357.
Package xcolor Info: Model `HSB' substituted by `hsb' on input line 1358.
Package xcolor Info: Model `Gray' substituted by `gray' on input line 1359.
Package xcolor Info: Model `wave' substituted by `hsb' on input line 1360.

("C:\Program Files\MiKTeX 2.9\tex\latex\graphics\dvipsnam.def"
File: dvipsnam.def 1999/02/16 v3.0i Driver-dependant file (DPC,SPQR)
))
("C:\Program Files\MiKTeX 2.9\tex\latex\hyperref\hyperref.sty"
Package: hyperref 2012/11/06 v6.83m Hypertext links for LaTeX

("C:\Program Files\MiKTeX 2.9\tex\generic\oberdiek\hobsub-hyperref.sty"
Package: hobsub-hyperref 2012/04/25 v1.12 Bundle oberdiek, subset hyperref (HO)


("C:\Program Files\MiKTeX 2.9\tex\generic\oberdiek\hobsub-generic.sty"
Package: hobsub-generic 2012/04/25 v1.12 Bundle oberdiek, subset generic (HO)
Package: hobsub 2012/04/25 v1.12 Construct package bundles (HO)
Package hobsub Info: Skipping package `infwarerr' (already loaded).
Package hobsub Info: Skipping package `ltxcmds' (already loaded).
Package: ifluatex 2010/03/01 v1.3 Provides the ifluatex switch (HO)
Package ifluatex Info: LuaTeX not detected.
Package hobsub Info: Skipping package `ifvtex' (already loaded).
Package: intcalc 2007/09/27 v1.1 Expandable calculations with integers (HO)
Package hobsub Info: Skipping package `ifpdf' (already loaded).
Package: etexcmds 2011/02/16 v1.5 Avoid name clashes with e-TeX commands (HO)
Package etexcmds Info: Could not find \expanded.
(etexcmds)             That can mean that you are not using pdfTeX 1.50 or
(etexcmds)             that some package has redefined \expanded.
(etexcmds)             In the latter case, load this package earlier.
Package: kvsetkeys 2012/04/25 v1.16 Key value parser (HO)
Package: kvdefinekeys 2011/04/07 v1.3 Define keys (HO)
Package: pdftexcmds 2011/11/29 v0.20 Utility functions of pdfTeX for LuaTeX (HO
)
Package pdftexcmds Info: LuaTeX not detected.
Package pdftexcmds Info: \pdf@primitive is available.
Package pdftexcmds Info: \pdf@ifprimitive is available.
Package pdftexcmds Info: \pdfdraftmode found.
Package: pdfescape 2011/11/25 v1.13 Implements pdfTeX's escape features (HO)
Package: bigintcalc 2012/04/08 v1.3 Expandable calculations on big integers (HO
)
Package: bitset 2011/01/30 v1.1 Handle bit-vector datatype (HO)
Package: uniquecounter 2011/01/30 v1.2 Provide unlimited unique counter (HO)
)
Package hobsub Info: Skipping package `hobsub' (already loaded).
Package: letltxmacro 2010/09/02 v1.4 Let assignment for LaTeX macros (HO)
Package: hopatch 2011/06/24 v1.1 Wrapper for package hooks (HO)
Package: xcolor-patch 2011/01/30 xcolor patch
Package: atveryend 2011/06/30 v1.8 Hooks at the very end of document (HO)
Package atveryend Info: \enddocument detected (standard20110627).
Package: atbegshi 2011/10/05 v1.16 At begin shipout hook (HO)
Package: refcount 2011/10/16 v3.4 Data extraction from label references (HO)
Package: hycolor 2011/01/30 v1.7 Color options for hyperref/bookmark (HO)
)
("C:\Program Files\MiKTeX 2.9\tex\latex\oberdiek\auxhook.sty"
Package: auxhook 2011/03/04 v1.3 Hooks for auxiliary files (HO)
)
("C:\Program Files\MiKTeX 2.9\tex\latex\oberdiek\kvoptions.sty"
Package: kvoptions 2011/06/30 v3.11 Key value format for package options (HO)
)
\@linkdim=\dimen137
\Hy@linkcounter=\count102
\Hy@pagecounter=\count103

("C:\Program Files\MiKTeX 2.9\tex\latex\hyperref\pd1enc.def"
File: pd1enc.def 2012/11/06 v6.83m Hyperref: PDFDocEncoding definition (HO)
)
\Hy@SavedSpaceFactor=\count104

("C:\Program Files\MiKTeX 2.9\tex\latex\00miktex\hyperref.cfg"
File: hyperref.cfg 2002/06/06 v1.2 hyperref configuration of TeXLive
)
Package hyperref Info: Option `colorlinks' set `true' on input line 4319.
Package hyperref Info: Option `bookmarks' set `true' on input line 4319.
Package hyperref Info: Hyper figures OFF on input line 4443.
Package hyperref Info: Link nesting OFF on input line 4448.
Package hyperref Info: Hyper index ON on input line 4451.
Package hyperref Info: Plain pages OFF on input line 4458.
Package hyperref Info: Backreferencing OFF on input line 4463.
Package hyperref Info: Implicit mode ON; LaTeX internals redefined.
Package hyperref Info: Bookmarks ON on input line 4688.
\c@Hy@tempcnt=\count105

("C:\Program Files\MiKTeX 2.9\tex\latex\url\url.sty"
\Urlmuskip=\muskip10
Package: url 2013/09/16  ver 3.4  Verb mode for urls, etc.
)
LaTeX Info: Redefining \url on input line 5041.
\XeTeXLinkMargin=\dimen138
\Fld@menulength=\count106
\Field@Width=\dimen139
\Fld@charsize=\dimen140
Package hyperref Info: Hyper figures OFF on input line 6295.
Package hyperref Info: Link nesting OFF on input line 6300.
Package hyperref Info: Hyper index ON on input line 6303.
Package hyperref Info: backreferencing OFF on input line 6310.
Package hyperref Info: Link coloring ON on input line 6313.
Package hyperref Info: Link coloring with OCG OFF on input line 6320.
Package hyperref Info: PDF/A mode OFF on input line 6325.
LaTeX Info: Redefining \ref on input line 6365.
LaTeX Info: Redefining \pageref on input line 6369.
\Hy@abspage=\count107
\c@Item=\count108
\c@Hfootnote=\count109
)

Package hyperref Message: Driver (autodetected): hpdftex.

("C:\Program Files\MiKTeX 2.9\tex\latex\hyperref\hpdftex.def"
File: hpdftex.def 2012/11/06 v6.83m Hyperref driver for pdfTeX
\Fld@listcount=\count110
\c@bookmark@seq@number=\count111

("C:\Program Files\MiKTeX 2.9\tex\latex\oberdiek\rerunfilecheck.sty"
Package: rerunfilecheck 2011/04/15 v1.7 Rerun checks for auxiliary files (HO)
Package uniquecounter Info: New unique counter `rerunfilecheck' on input line 2
82.
)
\Hy@SectionHShift=\skip50
)
("C:\Program Files\MiKTeX 2.9\tex\latex\oberdiek\bookmark.sty"
Package: bookmark 2011/12/02 v1.24 PDF bookmarks (HO)

("C:\Program Files\MiKTeX 2.9\tex\latex\oberdiek\bkm-pdftex.def"
File: bkm-pdftex.def 2011/12/02 v1.24 bookmark driver for pdfTeX (HO)
\BKM@id=\count112
))
("C:\Program Files\MiKTeX 2.9\tex\latex\background\background.sty"
Package: background 2014/03/04 v2.1 background material

("C:\Program Files\MiKTeX 2.9\tex\latex\pgf\frontendlayer\tikz.sty"
("C:\Program Files\MiKTeX 2.9\tex\latex\pgf\basiclayer\pgf.sty"
("C:\Program Files\MiKTeX 2.9\tex\latex\pgf\utilities\pgfrcs.sty"
("C:\Program Files\MiKTeX 2.9\tex\generic\pgf\utilities\pgfutil-common.tex"
\pgfutil@everybye=\toks21
\pgfutil@tempdima=\dimen141
\pgfutil@tempdimb=\dimen142

("C:\Program Files\MiKTeX 2.9\tex\generic\pgf\utilities\pgfutil-common-lists.te
x")) ("C:\Program Files\MiKTeX 2.9\tex\generic\pgf\utilities\pgfutil-latex.def"
\pgfutil@abb=\box32
("C:\Program Files\MiKTeX 2.9\tex\latex\ms\everyshi.sty"
Package: everyshi 2001/05/15 v3.00 EveryShipout Package (MS)
))
("C:\Program Files\MiKTeX 2.9\tex\generic\pgf\utilities\pgfrcs.code.tex"
Package: pgfrcs 2013/12/20 v3.0.0 (rcs-revision 1.28)
))
Package: pgf 2013/12/18 v3.0.0 (rcs-revision 1.14)

("C:\Program Files\MiKTeX 2.9\tex\latex\pgf\basiclayer\pgfcore.sty"
("C:\Program Files\MiKTeX 2.9\tex\latex\pgf\systemlayer\pgfsys.sty"
("C:\Program Files\MiKTeX 2.9\tex\generic\pgf\systemlayer\pgfsys.code.tex"
Package: pgfsys 2013/11/30 v3.0.0 (rcs-revision 1.47)

("C:\Program Files\MiKTeX 2.9\tex\generic\pgf\utilities\pgfkeys.code.tex"
\pgfkeys@pathtoks=\toks22
\pgfkeys@temptoks=\toks23

("C:\Program Files\MiKTeX 2.9\tex\generic\pgf\utilities\pgfkeysfiltered.code.te
x"
\pgfkeys@tmptoks=\toks24
))
\pgf@x=\dimen143
\pgf@y=\dimen144
\pgf@xa=\dimen145
\pgf@ya=\dimen146
\pgf@xb=\dimen147
\pgf@yb=\dimen148
\pgf@xc=\dimen149
\pgf@yc=\dimen150
\w@pgf@writea=\write3
\r@pgf@reada=\read1
\c@pgf@counta=\count113
\c@pgf@countb=\count114
\c@pgf@countc=\count115
\c@pgf@countd=\count116
\t@pgf@toka=\toks25
\t@pgf@tokb=\toks26
\t@pgf@tokc=\toks27
 ("C:\Program Files\MiKTeX 2.9\tex\generic\pgf\systemlayer\pgf.cfg"
File: pgf.cfg 2008/05/14  (rcs-revision 1.7)
)
Driver file for pgf: pgfsys-pdftex.def

("C:\Program Files\MiKTeX 2.9\tex\generic\pgf\systemlayer\pgfsys-pdftex.def"
File: pgfsys-pdftex.def 2013/07/18  (rcs-revision 1.33)

("C:\Program Files\MiKTeX 2.9\tex\generic\pgf\systemlayer\pgfsys-common-pdf.def
"
File: pgfsys-common-pdf.def 2013/10/10  (rcs-revision 1.13)
)))
("C:\Program Files\MiKTeX 2.9\tex\generic\pgf\systemlayer\pgfsyssoftpath.code.t
ex"
File: pgfsyssoftpath.code.tex 2013/09/09  (rcs-revision 1.9)
\pgfsyssoftpath@smallbuffer@items=\count117
\pgfsyssoftpath@bigbuffer@items=\count118
)
("C:\Program Files\MiKTeX 2.9\tex\generic\pgf\systemlayer\pgfsysprotocol.code.t
ex"
File: pgfsysprotocol.code.tex 2006/10/16  (rcs-revision 1.4)
)) ("C:\Program Files\MiKTeX 2.9\tex\generic\pgf\basiclayer\pgfcore.code.tex"
Package: pgfcore 2010/04/11 v3.0.0 (rcs-revision 1.7)
 ("C:\Program Files\MiKTeX 2.9\tex\generic\pgf\math\pgfmath.code.tex"
("C:\Program Files\MiKTeX 2.9\tex\generic\pgf\math\pgfmathcalc.code.tex"
("C:\Program Files\MiKTeX 2.9\tex\generic\pgf\math\pgfmathutil.code.tex")
("C:\Program Files\MiKTeX 2.9\tex\generic\pgf\math\pgfmathparser.code.tex"
\pgfmath@dimen=\dimen151
\pgfmath@count=\count119
\pgfmath@box=\box33
\pgfmath@toks=\toks28
\pgfmath@stack@operand=\toks29
\pgfmath@stack@operation=\toks30
)
("C:\Program Files\MiKTeX 2.9\tex\generic\pgf\math\pgfmathfunctions.code.tex"
("C:\Program Files\MiKTeX 2.9\tex\generic\pgf\math\pgfmathfunctions.basic.code.
tex")
("C:\Program Files\MiKTeX 2.9\tex\generic\pgf\math\pgfmathfunctions.trigonometr
ic.code.tex")
("C:\Program Files\MiKTeX 2.9\tex\generic\pgf\math\pgfmathfunctions.random.code
.tex")
("C:\Program Files\MiKTeX 2.9\tex\generic\pgf\math\pgfmathfunctions.comparison.
code.tex")
("C:\Program Files\MiKTeX 2.9\tex\generic\pgf\math\pgfmathfunctions.base.code.t
ex")
("C:\Program Files\MiKTeX 2.9\tex\generic\pgf\math\pgfmathfunctions.round.code.
tex")
("C:\Program Files\MiKTeX 2.9\tex\generic\pgf\math\pgfmathfunctions.misc.code.t
ex")
("C:\Program Files\MiKTeX 2.9\tex\generic\pgf\math\pgfmathfunctions.integerarit
hmetics.code.tex")))
("C:\Program Files\MiKTeX 2.9\tex\generic\pgf\math\pgfmathfloat.code.tex"
\c@pgfmathroundto@lastzeros=\count120
))
("C:\Program Files\MiKTeX 2.9\tex\generic\pgf\basiclayer\pgfcorepoints.code.tex
"
File: pgfcorepoints.code.tex 2013/10/07  (rcs-revision 1.27)
\pgf@picminx=\dimen152
\pgf@picmaxx=\dimen153
\pgf@picminy=\dimen154
\pgf@picmaxy=\dimen155
\pgf@pathminx=\dimen156
\pgf@pathmaxx=\dimen157
\pgf@pathminy=\dimen158
\pgf@pathmaxy=\dimen159
\pgf@xx=\dimen160
\pgf@xy=\dimen161
\pgf@yx=\dimen162
\pgf@yy=\dimen163
\pgf@zx=\dimen164
\pgf@zy=\dimen165
)
("C:\Program Files\MiKTeX 2.9\tex\generic\pgf\basiclayer\pgfcorepathconstruct.c
ode.tex"
File: pgfcorepathconstruct.code.tex 2013/10/07  (rcs-revision 1.29)
\pgf@path@lastx=\dimen166
\pgf@path@lasty=\dimen167
)
("C:\Program Files\MiKTeX 2.9\tex\generic\pgf\basiclayer\pgfcorepathusage.code.
tex"
File: pgfcorepathusage.code.tex 2013/12/13  (rcs-revision 1.23)
\pgf@shorten@end@additional=\dimen168
\pgf@shorten@start@additional=\dimen169
)
("C:\Program Files\MiKTeX 2.9\tex\generic\pgf\basiclayer\pgfcorescopes.code.tex
"
File: pgfcorescopes.code.tex 2013/10/09  (rcs-revision 1.44)
\pgfpic=\box34
\pgf@hbox=\box35
\pgf@layerbox@main=\box36
\pgf@picture@serial@count=\count121
)
("C:\Program Files\MiKTeX 2.9\tex\generic\pgf\basiclayer\pgfcoregraphicstate.co
de.tex"
File: pgfcoregraphicstate.code.tex 2013/09/19  (rcs-revision 1.11)
\pgflinewidth=\dimen170
)
("C:\Program Files\MiKTeX 2.9\tex\generic\pgf\basiclayer\pgfcoretransformations
.code.tex"
File: pgfcoretransformations.code.tex 2013/10/10  (rcs-revision 1.17)
\pgf@pt@x=\dimen171
\pgf@pt@y=\dimen172
\pgf@pt@temp=\dimen173
)
("C:\Program Files\MiKTeX 2.9\tex\generic\pgf\basiclayer\pgfcorequick.code.tex"
File: pgfcorequick.code.tex 2008/10/09  (rcs-revision 1.3)
)
("C:\Program Files\MiKTeX 2.9\tex\generic\pgf\basiclayer\pgfcoreobjects.code.te
x"
File: pgfcoreobjects.code.tex 2006/10/11  (rcs-revision 1.2)
)
("C:\Program Files\MiKTeX 2.9\tex\generic\pgf\basiclayer\pgfcorepathprocessing.
code.tex"
File: pgfcorepathprocessing.code.tex 2013/09/09  (rcs-revision 1.9)
)
("C:\Program Files\MiKTeX 2.9\tex\generic\pgf\basiclayer\pgfcorearrows.code.tex
"
File: pgfcorearrows.code.tex 2013/11/07  (rcs-revision 1.40)
\pgfarrowsep=\dimen174
)
("C:\Program Files\MiKTeX 2.9\tex\generic\pgf\basiclayer\pgfcoreshade.code.tex"
File: pgfcoreshade.code.tex 2013/07/15  (rcs-revision 1.15)
\pgf@max=\dimen175
\pgf@sys@shading@range@num=\count122
) ("C:\Program Files\MiKTeX 2.9\tex\generic\pgf\basiclayer\pgfcoreimage.code.te
x"
File: pgfcoreimage.code.tex 2013/07/15  (rcs-revision 1.18)

("C:\Program Files\MiKTeX 2.9\tex\generic\pgf\basiclayer\pgfcoreexternal.code.t
ex"
File: pgfcoreexternal.code.tex 2013/07/15  (rcs-revision 1.20)
\pgfexternal@startupbox=\box37
))
("C:\Program Files\MiKTeX 2.9\tex\generic\pgf\basiclayer\pgfcorelayers.code.tex
"
File: pgfcorelayers.code.tex 2013/07/18  (rcs-revision 1.7)
)
("C:\Program Files\MiKTeX 2.9\tex\generic\pgf\basiclayer\pgfcoretransparency.co
de.tex"
File: pgfcoretransparency.code.tex 2013/09/30  (rcs-revision 1.5)
)
("C:\Program Files\MiKTeX 2.9\tex\generic\pgf\basiclayer\pgfcorepatterns.code.t
ex"
File: pgfcorepatterns.code.tex 2013/11/07  (rcs-revision 1.5)
)))
("C:\Program Files\MiKTeX 2.9\tex\generic\pgf\modules\pgfmoduleshapes.code.tex"
File: pgfmoduleshapes.code.tex 2013/10/31  (rcs-revision 1.34)
\pgfnodeparttextbox=\box38
) ("C:\Program Files\MiKTeX 2.9\tex\generic\pgf\modules\pgfmoduleplot.code.tex"
File: pgfmoduleplot.code.tex 2013/07/31  (rcs-revision 1.12)
)
("C:\Program Files\MiKTeX 2.9\tex\latex\pgf\compatibility\pgfcomp-version-0-65.
sty"
Package: pgfcomp-version-0-65 2007/07/03 v3.0.0 (rcs-revision 1.7)
\pgf@nodesepstart=\dimen176
\pgf@nodesepend=\dimen177
)
("C:\Program Files\MiKTeX 2.9\tex\latex\pgf\compatibility\pgfcomp-version-1-18.
sty"
Package: pgfcomp-version-1-18 2007/07/23 v3.0.0 (rcs-revision 1.1)
)) ("C:\Program Files\MiKTeX 2.9\tex\latex\pgf\utilities\pgffor.sty"
("C:\Program Files\MiKTeX 2.9\tex\latex\pgf\utilities\pgfkeys.sty"
("C:\Program Files\MiKTeX 2.9\tex\generic\pgf\utilities\pgfkeys.code.tex"))
("C:\Program Files\MiKTeX 2.9\tex\latex\pgf\math\pgfmath.sty"
("C:\Program Files\MiKTeX 2.9\tex\generic\pgf\math\pgfmath.code.tex"))
("C:\Program Files\MiKTeX 2.9\tex\generic\pgf\utilities\pgffor.code.tex"
Package: pgffor 2013/12/13 v3.0.0 (rcs-revision 1.25)

("C:\Program Files\MiKTeX 2.9\tex\generic\pgf\math\pgfmath.code.tex")
\pgffor@iter=\dimen178
\pgffor@skip=\dimen179
\pgffor@stack=\toks31
\pgffor@toks=\toks32
))
("C:\Program Files\MiKTeX 2.9\tex\generic\pgf\frontendlayer\tikz\tikz.code.tex"
Package: tikz 2013/12/13 v3.0.0 (rcs-revision 1.142)

("C:\Program Files\MiKTeX 2.9\tex\generic\pgf\libraries\pgflibraryplothandlers.
code.tex"
File: pgflibraryplothandlers.code.tex 2013/08/31 v3.0.0 (rcs-revision 1.20)
\pgf@plot@mark@count=\count123
\pgfplotmarksize=\dimen180
)
\tikz@lastx=\dimen181
\tikz@lasty=\dimen182
\tikz@lastxsaved=\dimen183
\tikz@lastysaved=\dimen184
\tikzleveldistance=\dimen185
\tikzsiblingdistance=\dimen186
\tikz@figbox=\box39
\tikz@figbox@bg=\box40
\tikz@tempbox=\box41
\tikz@tempbox@bg=\box42
\tikztreelevel=\count124
\tikznumberofchildren=\count125
\tikznumberofcurrentchild=\count126
\tikz@fig@count=\count127

("C:\Program Files\MiKTeX 2.9\tex\generic\pgf\modules\pgfmodulematrix.code.tex"
File: pgfmodulematrix.code.tex 2013/09/17  (rcs-revision 1.8)
\pgfmatrixcurrentrow=\count128
\pgfmatrixcurrentcolumn=\count129
\pgf@matrix@numberofcolumns=\count130
)
\tikz@expandcount=\count131

("C:\Program Files\MiKTeX 2.9\tex\generic\pgf\frontendlayer\tikz\libraries\tikz
librarytopaths.code.tex"
File: tikzlibrarytopaths.code.tex 2008/06/17 v3.0.0 (rcs-revision 1.2)
)))
("C:\Program Files\MiKTeX 2.9\tex\latex\everypage\everypage.sty"
Package: everypage 2007/06/20 1.1 Hooks to run on every page
)
("C:\Program Files\MiKTeX 2.9\tex\latex\tools\afterpage.sty"
Package: afterpage 1995/10/27 v1.08 After-Page Package (DPC)
\AP@output=\toks33
\AP@partial=\box43
\AP@footins=\box44
))
("C:\Users\Masgroth\Documents\Between two Suns Latex\libs.tex"
("C:\Program Files\MiKTeX 2.9\tex\latex\antt\anttor.sty"
Package: anttor 2005/10/03 v.1.2 anttor (Antykwa Torunska) package (MW)
)
("C:\Program Files\MiKTeX 2.9\tex\latex\base\inputenc.sty"
Package: inputenc 2008/03/30 v1.1d Input encoding file
\inpenc@prehook=\toks34
\inpenc@posthook=\toks35

("C:\Program Files\MiKTeX 2.9\tex\latex\base\utf8.def"
File: utf8.def 2008/04/05 v1.1m UTF-8 support for inputenc
Now handling font encoding OML ...
... no UTF-8 mapping file for font encoding OML
Now handling font encoding T1 ...
... processing UTF-8 mapping file for font encoding T1

("C:\Program Files\MiKTeX 2.9\tex\latex\base\t1enc.dfu"
File: t1enc.dfu 2008/04/05 v1.1m UTF-8 support for inputenc
   defining Unicode char U+00A1 (decimal 161)
   defining Unicode char U+00A3 (decimal 163)
   defining Unicode char U+00AB (decimal 171)
   defining Unicode char U+00BB (decimal 187)
   defining Unicode char U+00BF (decimal 191)
   defining Unicode char U+00C0 (decimal 192)
   defining Unicode char U+00C1 (decimal 193)
   defining Unicode char U+00C2 (decimal 194)
   defining Unicode char U+00C3 (decimal 195)
   defining Unicode char U+00C4 (decimal 196)
   defining Unicode char U+00C5 (decimal 197)
   defining Unicode char U+00C6 (decimal 198)
   defining Unicode char U+00C7 (decimal 199)
   defining Unicode char U+00C8 (decimal 200)
   defining Unicode char U+00C9 (decimal 201)
   defining Unicode char U+00CA (decimal 202)
   defining Unicode char U+00CB (decimal 203)
   defining Unicode char U+00CC (decimal 204)
   defining Unicode char U+00CD (decimal 205)
   defining Unicode char U+00CE (decimal 206)
   defining Unicode char U+00CF (decimal 207)
   defining Unicode char U+00D0 (decimal 208)
   defining Unicode char U+00D1 (decimal 209)
   defining Unicode char U+00D2 (decimal 210)
   defining Unicode char U+00D3 (decimal 211)
   defining Unicode char U+00D4 (decimal 212)
   defining Unicode char U+00D5 (decimal 213)
   defining Unicode char U+00D6 (decimal 214)
   defining Unicode char U+00D8 (decimal 216)
   defining Unicode char U+00D9 (decimal 217)
   defining Unicode char U+00DA (decimal 218)
   defining Unicode char U+00DB (decimal 219)
   defining Unicode char U+00DC (decimal 220)
   defining Unicode char U+00DD (decimal 221)
   defining Unicode char U+00DE (decimal 222)
   defining Unicode char U+00DF (decimal 223)
   defining Unicode char U+00E0 (decimal 224)
   defining Unicode char U+00E1 (decimal 225)
   defining Unicode char U+00E2 (decimal 226)
   defining Unicode char U+00E3 (decimal 227)
   defining Unicode char U+00E4 (decimal 228)
   defining Unicode char U+00E5 (decimal 229)
   defining Unicode char U+00E6 (decimal 230)
   defining Unicode char U+00E7 (decimal 231)
   defining Unicode char U+00E8 (decimal 232)
   defining Unicode char U+00E9 (decimal 233)
   defining Unicode char U+00EA (decimal 234)
   defining Unicode char U+00EB (decimal 235)
   defining Unicode char U+00EC (decimal 236)
   defining Unicode char U+00ED (decimal 237)
   defining Unicode char U+00EE (decimal 238)
   defining Unicode char U+00EF (decimal 239)
   defining Unicode char U+00F0 (decimal 240)
   defining Unicode char U+00F1 (decimal 241)
   defining Unicode char U+00F2 (decimal 242)
   defining Unicode char U+00F3 (decimal 243)
   defining Unicode char U+00F4 (decimal 244)
   defining Unicode char U+00F5 (decimal 245)
   defining Unicode char U+00F6 (decimal 246)
   defining Unicode char U+00F8 (decimal 248)
   defining Unicode char U+00F9 (decimal 249)
   defining Unicode char U+00FA (decimal 250)
   defining Unicode char U+00FB (decimal 251)
   defining Unicode char U+00FC (decimal 252)
   defining Unicode char U+00FD (decimal 253)
   defining Unicode char U+00FE (decimal 254)
   defining Unicode char U+00FF (decimal 255)
   defining Unicode char U+0102 (decimal 258)
   defining Unicode char U+0103 (decimal 259)
   defining Unicode char U+0104 (decimal 260)
   defining Unicode char U+0105 (decimal 261)
   defining Unicode char U+0106 (decimal 262)
   defining Unicode char U+0107 (decimal 263)
   defining Unicode char U+010C (decimal 268)
   defining Unicode char U+010D (decimal 269)
   defining Unicode char U+010E (decimal 270)
   defining Unicode char U+010F (decimal 271)
   defining Unicode char U+0110 (decimal 272)
   defining Unicode char U+0111 (decimal 273)
   defining Unicode char U+0118 (decimal 280)
   defining Unicode char U+0119 (decimal 281)
   defining Unicode char U+011A (decimal 282)
   defining Unicode char U+011B (decimal 283)
   defining Unicode char U+011E (decimal 286)
   defining Unicode char U+011F (decimal 287)
   defining Unicode char U+0130 (decimal 304)
   defining Unicode char U+0131 (decimal 305)
   defining Unicode char U+0132 (decimal 306)
   defining Unicode char U+0133 (decimal 307)
   defining Unicode char U+0139 (decimal 313)
   defining Unicode char U+013A (decimal 314)
   defining Unicode char U+013D (decimal 317)
   defining Unicode char U+013E (decimal 318)
   defining Unicode char U+0141 (decimal 321)
   defining Unicode char U+0142 (decimal 322)
   defining Unicode char U+0143 (decimal 323)
   defining Unicode char U+0144 (decimal 324)
   defining Unicode char U+0147 (decimal 327)
   defining Unicode char U+0148 (decimal 328)
   defining Unicode char U+014A (decimal 330)
   defining Unicode char U+014B (decimal 331)
   defining Unicode char U+0150 (decimal 336)
   defining Unicode char U+0151 (decimal 337)
   defining Unicode char U+0152 (decimal 338)
   defining Unicode char U+0153 (decimal 339)
   defining Unicode char U+0154 (decimal 340)
   defining Unicode char U+0155 (decimal 341)
   defining Unicode char U+0158 (decimal 344)
   defining Unicode char U+0159 (decimal 345)
   defining Unicode char U+015A (decimal 346)
   defining Unicode char U+015B (decimal 347)
   defining Unicode char U+015E (decimal 350)
   defining Unicode char U+015F (decimal 351)
   defining Unicode char U+0160 (decimal 352)
   defining Unicode char U+0161 (decimal 353)
   defining Unicode char U+0162 (decimal 354)
   defining Unicode char U+0163 (decimal 355)
   defining Unicode char U+0164 (decimal 356)
   defining Unicode char U+0165 (decimal 357)
   defining Unicode char U+016E (decimal 366)
   defining Unicode char U+016F (decimal 367)
   defining Unicode char U+0170 (decimal 368)
   defining Unicode char U+0171 (decimal 369)
   defining Unicode char U+0178 (decimal 376)
   defining Unicode char U+0179 (decimal 377)
   defining Unicode char U+017A (decimal 378)
   defining Unicode char U+017B (decimal 379)
   defining Unicode char U+017C (decimal 380)
   defining Unicode char U+017D (decimal 381)
   defining Unicode char U+017E (decimal 382)
   defining Unicode char U+200C (decimal 8204)
   defining Unicode char U+2013 (decimal 8211)
   defining Unicode char U+2014 (decimal 8212)
   defining Unicode char U+2018 (decimal 8216)
   defining Unicode char U+2019 (decimal 8217)
   defining Unicode char U+201A (decimal 8218)
   defining Unicode char U+201C (decimal 8220)
   defining Unicode char U+201D (decimal 8221)
   defining Unicode char U+201E (decimal 8222)
   defining Unicode char U+2030 (decimal 8240)
   defining Unicode char U+2031 (decimal 8241)
   defining Unicode char U+2039 (decimal 8249)
   defining Unicode char U+203A (decimal 8250)
   defining Unicode char U+2423 (decimal 9251)
)
Now handling font encoding OT1 ...
... processing UTF-8 mapping file for font encoding OT1

("C:\Program Files\MiKTeX 2.9\tex\latex\base\ot1enc.dfu"
File: ot1enc.dfu 2008/04/05 v1.1m UTF-8 support for inputenc
   defining Unicode char U+00A1 (decimal 161)
   defining Unicode char U+00A3 (decimal 163)
   defining Unicode char U+00B8 (decimal 184)
   defining Unicode char U+00BF (decimal 191)
   defining Unicode char U+00C5 (decimal 197)
   defining Unicode char U+00C6 (decimal 198)
   defining Unicode char U+00D8 (decimal 216)
   defining Unicode char U+00DF (decimal 223)
   defining Unicode char U+00E6 (decimal 230)
   defining Unicode char U+00EC (decimal 236)
   defining Unicode char U+00ED (decimal 237)
   defining Unicode char U+00EE (decimal 238)
   defining Unicode char U+00EF (decimal 239)
   defining Unicode char U+00F8 (decimal 248)
   defining Unicode char U+0131 (decimal 305)
   defining Unicode char U+0141 (decimal 321)
   defining Unicode char U+0142 (decimal 322)
   defining Unicode char U+0152 (decimal 338)
   defining Unicode char U+0153 (decimal 339)
   defining Unicode char U+2013 (decimal 8211)
   defining Unicode char U+2014 (decimal 8212)
   defining Unicode char U+2018 (decimal 8216)
   defining Unicode char U+2019 (decimal 8217)
   defining Unicode char U+201C (decimal 8220)
   defining Unicode char U+201D (decimal 8221)
)
Now handling font encoding OMS ...
... processing UTF-8 mapping file for font encoding OMS

("C:\Program Files\MiKTeX 2.9\tex\latex\base\omsenc.dfu"
File: omsenc.dfu 2008/04/05 v1.1m UTF-8 support for inputenc
   defining Unicode char U+00A7 (decimal 167)
   defining Unicode char U+00B6 (decimal 182)
   defining Unicode char U+00B7 (decimal 183)
   defining Unicode char U+2020 (decimal 8224)
   defining Unicode char U+2021 (decimal 8225)
   defining Unicode char U+2022 (decimal 8226)
)
Now handling font encoding OMX ...
... no UTF-8 mapping file for font encoding OMX
Now handling font encoding U ...
... no UTF-8 mapping file for font encoding U
Now handling font encoding PD1 ...
... no UTF-8 mapping file for font encoding PD1
   defining Unicode char U+00A9 (decimal 169)
   defining Unicode char U+00AA (decimal 170)
   defining Unicode char U+00AE (decimal 174)
   defining Unicode char U+00BA (decimal 186)
   defining Unicode char U+02C6 (decimal 710)
   defining Unicode char U+02DC (decimal 732)
   defining Unicode char U+200C (decimal 8204)
   defining Unicode char U+2026 (decimal 8230)
   defining Unicode char U+2122 (decimal 8482)
   defining Unicode char U+2423 (decimal 9251)
))
("C:\Program Files\MiKTeX 2.9\tex\generic\babel\babel.sty"
Package: babel 2008/07/08 v3.8m The Babel package

*************************************
* Local config file bblopts.cfg used
*
("C:\Program Files\MiKTeX 2.9\tex\latex\00miktex\bblopts.cfg"
File: bblopts.cfg 2006/07/31 v1.0 MiKTeX 'babel' configuration
)
("C:\Program Files\MiKTeX 2.9\tex\generic\babel\germanb.ldf"
Language: germanb 2008/06/01 v2.6m German support from the babel system

("C:\Program Files\MiKTeX 2.9\tex\generic\babel\babel.def"
File: babel.def 2008/07/08 v3.8m Babel common definitions
\babel@savecnt=\count132
\U@D=\dimen187
)
\l@austrian = a dialect from \language\l@german 
Package babel Info: Making " an active character on input line 102.
))
("C:\Program Files\MiKTeX 2.9\tex\latex\microtype\microtype.sty"
Package: microtype 2013/05/23 v2.5a Micro-typographical refinements (RS)
\MT@toks=\toks36
\MT@count=\count133
LaTeX Info: Redefining \textls on input line 766.
\MT@outer@kern=\dimen188
LaTeX Info: Redefining \textmicrotypecontext on input line 1285.
\MT@listname@count=\count134

("C:\Program Files\MiKTeX 2.9\tex\latex\microtype\microtype-pdftex.def"
File: microtype-pdftex.def 2013/05/23 v2.5a Definitions specific to pdftex (RS)

LaTeX Info: Redefining \lsstyle on input line 915.
LaTeX Info: Redefining \lslig on input line 915.
\MT@outer@space=\skip51
)
Package microtype Info: Loading configuration file microtype.cfg.

("C:\Program Files\MiKTeX 2.9\tex\latex\microtype\microtype.cfg"
File: microtype.cfg 2013/05/23 v2.5a microtype main configuration file (RS)
))
("C:\Program Files\MiKTeX 2.9\tex\generic\pgf\frontendlayer\tikz\libraries\tikz
librarypatterns.code.tex"
File: tikzlibrarypatterns.code.tex 2008/01/15 v3.0.0 (rcs-revision 1.2)

("C:\Program Files\MiKTeX 2.9\tex\generic\pgf\libraries\pgflibrarypatterns.code
.tex"
File: pgflibrarypatterns.code.tex 2008/03/03 v3.0.0 (rcs-revision 1.13)
LaTeX Font Info:    Try loading font information for OT1+antt on input line 21.

 ("C:\Program Files\MiKTeX 2.9\tex\latex\antt\ot1antt.fd"
File: ot1antt.fd 2005/10/05 v1.2 font definition file for OT1/antt (MW)
)))
("C:\Program Files\MiKTeX 2.9\tex\generic\pgf\frontendlayer\tikz\libraries\tikz
libraryshadows.code.tex"
File: tikzlibraryshadows.code.tex 2008/01/13 v3.0.0 (rcs-revision 1.3)

("C:\Program Files\MiKTeX 2.9\tex\generic\pgf\frontendlayer\tikz\libraries\tikz
libraryfadings.code.tex"
File: tikzlibraryfadings.code.tex 2009/11/15 v3.0.0 (rcs-revision 1.2)

("C:\Program Files\MiKTeX 2.9\tex\generic\pgf\libraries\pgflibraryfadings.code.
tex"
File: pgflibraryfadings.code.tex 2008/02/07 v3.0.0 (rcs-revision 1.3)
))) ("C:\Program Files\MiKTeX 2.9\tex\latex\psnfss\pifont.sty"
Package: pifont 2005/04/12 PSNFSS-v9.2a Pi font support (SPQR) 
LaTeX Font Info:    Try loading font information for U+pzd on input line 63.

("C:\Program Files\MiKTeX 2.9\tex\latex\psnfss\upzd.fd"
File: upzd.fd 2001/06/04 font definitions for U/pzd.
)
LaTeX Font Info:    Try loading font information for U+psy on input line 64.

("C:\Program Files\MiKTeX 2.9\tex\latex\psnfss\upsy.fd"
File: upsy.fd 2001/06/04 font definitions for U/psy.
)))
("C:\Program Files\MiKTeX 2.9\tex\latex\fourier\fourier-orns.sty"
Package: fourier-orns 2004/01/30 1.1 fourier-ornaments package
)
("C:\Users\Masgroth\Documents\Between two Suns Latex\colors.tex")
("C:\Users\Masgroth\Documents\Between two Suns Latex\tikzcards.tex")

LaTeX Warning: Unused global option(s):
    [toc=bibliography].

("C:\Users\Masgroth\Documents\Between two Suns Latex\BetweenTwoSuns.aux")
LaTeX Font Info:    Checking defaults for OML/cmm/m/it on input line 48.
LaTeX Font Info:    ... okay on input line 48.
LaTeX Font Info:    Checking defaults for T1/cmr/m/n on input line 48.
LaTeX Font Info:    ... okay on input line 48.
LaTeX Font Info:    Checking defaults for OT1/cmr/m/n on input line 48.
LaTeX Font Info:    ... okay on input line 48.
LaTeX Font Info:    Checking defaults for OMS/cmsy/m/n on input line 48.
LaTeX Font Info:    ... okay on input line 48.
LaTeX Font Info:    Checking defaults for OMX/cmex/m/n on input line 48.
LaTeX Font Info:    ... okay on input line 48.
LaTeX Font Info:    Checking defaults for U/cmr/m/n on input line 48.
LaTeX Font Info:    ... okay on input line 48.
LaTeX Font Info:    Checking defaults for PD1/pdf/m/n on input line 48.
LaTeX Font Info:    ... okay on input line 48.
Package caption Info: Begin \AtBeginDocument code.
Package caption Info: hyperref package is loaded.
Package caption Info: longtable package is loaded.

("C:\Program Files\MiKTeX 2.9\tex\latex\caption\ltcaption.sty"
Package: ltcaption 2013/02/03 v1.3-62 longtable captions (AR)
)
Package caption Info: End \AtBeginDocument code.

("C:\Program Files\MiKTeX 2.9\tex\context\base\supp-pdf.mkii"
[Loading MPS to PDF converter (version 2006.09.02).]
\scratchcounter=\count135
\scratchdimen=\dimen189
\scratchbox=\box45
\nofMPsegments=\count136
\nofMParguments=\count137
\everyMPshowfont=\toks37
\MPscratchCnt=\count138
\MPscratchDim=\dimen190
\MPnumerator=\count139
\makeMPintoPDFobject=\count140
\everyMPtoPDFconversion=\toks38
)
*geometry* driver: auto-detecting
*geometry* detected driver: pdftex
*geometry* verbose mode - [ preamble ] result:
* driver: pdftex
* paper: a4paper
* layout: <same size as paper>
* layoutoffset:(h,v)=(0.0pt,0.0pt)
* modes: 
* h-part:(L,W,R)=(81.94394pt, 433.62pt, 81.94394pt)
* v-part:(T,H,B)=(106.75473pt, 578.15999pt, 160.13213pt)
* \paperwidth=597.50787pt
* \paperheight=845.04684pt
* \textwidth=433.62pt
* \textheight=578.15999pt
* \oddsidemargin=9.67395pt
* \evensidemargin=9.67395pt
* \topmargin=-2.51526pt
* \headheight=12.0pt
* \headsep=25.0pt
* \topskip=11.0pt
* \footskip=30.0pt
* \marginparwidth=59.0pt
* \marginparsep=10.0pt
* \columnsep=10.0pt
* \skip\footins=10.0pt plus 4.0pt minus 2.0pt
* \hoffset=0.0pt
* \voffset=0.0pt
* \mag=1000
* \@twocolumnfalse
* \@twosidefalse
* \@mparswitchfalse
* \@reversemarginfalse
* (1in=72.27pt=25.4mm, 1cm=28.453pt)

\AtBeginShipoutBox=\box46
Package hyperref Info: Link coloring ON on input line 48.
("C:\Program Files\MiKTeX 2.9\tex\latex\hyperref\nameref.sty"
Package: nameref 2012/10/27 v2.43 Cross-referencing by name of section

("C:\Program Files\MiKTeX 2.9\tex\generic\oberdiek\gettitlestring.sty"
Package: gettitlestring 2010/12/03 v1.4 Cleanup title references (HO)
)
\c@section@level=\count141
)
LaTeX Info: Redefining \ref on input line 48.
LaTeX Info: Redefining \pageref on input line 48.
LaTeX Info: Redefining \nameref on input line 48.

ABD: EveryShipout initializing macros
LaTeX Info: Redefining \microtypecontext on input line 48.
Package microtype Info: Generating PDF output.
Package microtype Info: Character protrusion enabled (level 2).
Package microtype Info: Using default protrusion set `alltext'.
Package microtype Info: Automatic font expansion enabled (level 2),
(microtype)             stretch: 20, shrink: 20, step: 1, non-selected.
Package microtype Info: Using default expansion set `basictext'.
Package microtype Info: No adjustment of tracking.
Package microtype Info: No adjustment of interword spacing.
Package microtype Info: No adjustment of character kerning.
Package microtype Info: Loading generic settings for font family
(microtype)             `antt' (encoding: OT1).
(microtype)             For optimal results, create family-specific settings.
(microtype)             See the microtype manual for details.

("C:\Program Files\MiKTeX 2.9\tex\latex\microtype\mt-cmr.cfg"
File: mt-cmr.cfg 2013/05/19 v2.2 microtype config. file: Computer Modern Roman 
(RS)
)
LaTeX Font Info:    External font `cmex10' loaded for size
(Font)              <12> on input line 55.
LaTeX Font Info:    External font `cmex10' loaded for size
(Font)              <8> on input line 55.
LaTeX Font Info:    External font `cmex10' loaded for size
(Font)              <6> on input line 55.


LaTeX Warning: No \author given.

<Background2.png, id=30, 597.432pt x 845.0772pt>
File: Background2.png Graphic file (type png)
 <use Background2.png>
Package pdftex.def Info: Background2.png used on input line 56.
(pdftex.def)             Requested size: 597.55817pt x 845.04933pt.
 [1

{C:/ProgramData/MiKTeX/2.9/pdftex/config/pdftex.map} <C:/Users/Masgroth/Documen
ts/Between two Suns Latex/Background2.png>]
("C:\Users\Masgroth\Documents\Between two Suns Latex\BetweenTwoSuns.toc"
LaTeX Font Info:    External font `cmex10' loaded for size
(Font)              <10.95> on input line 5.

[2

] [3])
\tf@toc=\write4
 [4]

Package caption Warning: \captionsetup{type*=...} or \captionof
(caption)                outside box or environment on input line 61.
See the caption package documentation for explanation.


Package caption Warning: The option `hypcap=true' will be ignored for this
(caption)                particular \caption on input line 61.
See the caption package documentation for explanation.

[5] [6]
LaTeX Font Info:    Try loading font information for OMS+antt on input line 88.

 ("C:\Program Files\MiKTeX 2.9\tex\latex\antt\omsantt.fd"
File: omsantt.fd 2005/10/05 v1.2 font definition file for OMS/antt (MW)
)
Underfull \hbox (badness 10000) in paragraph at lines 108--110

 []

[7]

Package caption Warning: The option `hypcap=true' will be ignored for this
(caption)                particular \caption on input line 114.
See the caption package documentation for explanation.


Underfull \hbox (badness 10000) in paragraph at lines 131--134

 []


Underfull \hbox (badness 10000) in paragraph at lines 131--134

 []

[8]
Underfull \hbox (badness 10000) in paragraph at lines 136--139

 []


Underfull \hbox (badness 10000) in paragraph at lines 136--139

 []


Package caption Warning: The option `hypcap=true' will be ignored for this
(caption)                particular \caption on input line 149.
See the caption package documentation for explanation.

[9]
Underfull \hbox (badness 10000) in paragraph at lines 167--171

 []

[10]

Package caption Warning: The option `hypcap=true' will be ignored for this
(caption)                particular \caption on input line 187.
See the caption package documentation for explanation.


Overfull \hbox (9.98384pt too wide) in alignment at lines 189--201
 [] [] [] 
 []

[11]
Underfull \hbox (badness 10000) in paragraph at lines 204--205

 []


Underfull \hbox (badness 10000) in paragraph at lines 204--205

 []


Underfull \hbox (badness 10000) in paragraph at lines 209--231

 []


Underfull \hbox (badness 10000) in paragraph at lines 209--231

 []


Underfull \hbox (badness 1043) in paragraph at lines 209--231
\OT1/antt/m/n/10.95 (+20) The at-tacking mo-del will \OT1/antt/m/it/10.95 (+20)
 set the le-vel \OT1/antt/m/n/10.95 (+20) of each at-tack and de-fen-ding mo-de
ls
 []


Underfull \hbox (badness 10000) in paragraph at lines 209--231

 []


Underfull \hbox (badness 10000) in paragraph at lines 209--231

 []


Underfull \hbox (badness 10000) in paragraph at lines 209--231

 []


Underfull \hbox (badness 10000) in paragraph at lines 209--231

 []


Underfull \hbox (badness 10000) in paragraph at lines 209--231

 []


Underfull \hbox (badness 10000) in paragraph at lines 209--231

 []

[12] [13]
Underfull \hbox (badness 10000) in paragraph at lines 243--245

 []


Underfull \hbox (badness 10000) in paragraph at lines 248--250

 []


Underfull \hbox (badness 10000) in paragraph at lines 252--254

 []

[14]
Underfull \hbox (badness 10000) in paragraph at lines 256--258

 []


Underfull \hbox (badness 10000) in paragraph at lines 274--279

 []


Underfull \hbox (badness 10000) in paragraph at lines 274--279

 []


Underfull \hbox (badness 10000) in paragraph at lines 282--291

 []


Underfull \hbox (badness 10000) in paragraph at lines 282--291

 []


Underfull \hbox (badness 10000) in paragraph at lines 282--291

 []

[15]
Underfull \hbox (badness 10000) in paragraph at lines 293--307

 []


Underfull \hbox (badness 10000) in paragraph at lines 293--307

 []


Underfull \hbox (badness 10000) in paragraph at lines 293--307

 []


Underfull \hbox (badness 10000) in paragraph at lines 293--307

 []


Underfull \hbox (badness 10000) in paragraph at lines 293--307

 []


Underfull \hbox (badness 10000) in paragraph at lines 293--307

 []


Underfull \hbox (badness 10000) in paragraph at lines 293--307

 []

[16]

Package caption Warning: The option `hypcap=true' will be ignored for this
(caption)                particular \caption on input line 319.
See the caption package documentation for explanation.


Overfull \hbox (3.21655pt too wide) in paragraph at lines 323--324
[]\OT1/antt/b/n/10.95 Training|  
 []


Overfull \hbox (3.58885pt too wide) detected at line 324
[]\OT1/antt/b/n/10.95 Training|  
 []


Underfull \hbox (badness 1014) in paragraph at lines 325--326
[]\OT1/antt/m/n/10.95 (+20) 0|  
 []


Underfull \hbox (badness 1033) in paragraph at lines 326--327
[]\OT1/antt/m/n/10.95 (+20) 1|  
 []


Underfull \hbox (badness 1014) in paragraph at lines 327--328
[]\OT1/antt/m/n/10.95 (+20) 2|  
 []


Underfull \hbox (badness 1014) in paragraph at lines 328--329
[]\OT1/antt/m/n/10.95 (+20) 3|  
 []


Underfull \hbox (badness 1014) in paragraph at lines 329--330
[]\OT1/antt/m/n/10.95 (+20) 0|  
 []


Underfull \hbox (badness 1014) in paragraph at lines 330--331
[]\OT1/antt/m/n/10.95 (+20) 0|  
 []

[17]

Package caption Warning: The option `hypcap=true' will be ignored for this
(caption)                particular \caption on input line 338.
See the caption package documentation for explanation.


Overfull \hbox (1.11966pt too wide) in paragraph at lines 346--346
 []|\OT1/antt/b/n/10.95 Mov| 
 []


Overfull \hbox (1.11966pt too wide) in paragraph at lines 346--346
 []|\OT1/antt/b/n/10.95 Mov| 
 []


Overfull \hbox (4.59949pt too wide) in paragraph at lines 346--346
 []\OT1/antt/b/n/10.95 ATK| 
 []


Overfull \hbox (3.56792pt too wide) in paragraph at lines 346--346
 []\OT1/antt/b/n/10.95 WP| 
 []


Package caption Warning: The option `hypcap=true' will be ignored for this
(caption)                particular \caption on input line 357.
See the caption package documentation for explanation.


Underfull \hbox (badness 10000) in paragraph at lines 354--357

 []

[18]
Overfull \hbox (1.11966pt too wide) in paragraph at lines 366--366
 []|\OT1/antt/b/n/10.95 Mov| 
 []


Overfull \hbox (1.11966pt too wide) in paragraph at lines 366--366
 []|\OT1/antt/b/n/10.95 Mov| 
 []


Overfull \hbox (4.59949pt too wide) in paragraph at lines 366--366
 []\OT1/antt/b/n/10.95 ATK| 
 []


Overfull \hbox (3.56792pt too wide) in paragraph at lines 366--366
 []\OT1/antt/b/n/10.95 WP| 
 []


Package caption Warning: The option `hypcap=true' will be ignored for this
(caption)                particular \caption on input line 374.
See the caption package documentation for explanation.


Overfull \hbox (1.11966pt too wide) in paragraph at lines 383--383
 []|\OT1/antt/b/n/10.95 Mov| 
 []


Overfull \hbox (1.11966pt too wide) in paragraph at lines 383--383
 []|\OT1/antt/b/n/10.95 Mov| 
 []


Overfull \hbox (4.59949pt too wide) in paragraph at lines 383--383
 []\OT1/antt/b/n/10.95 ATK| 
 []


Overfull \hbox (3.56792pt too wide) in paragraph at lines 383--383
 []\OT1/antt/b/n/10.95 WP| 
 []

[19]
Underfull \hbox (badness 10000) in paragraph at lines 388--389

 []


Underfull \hbox (badness 10000) in paragraph at lines 392--393

 []


Underfull \hbox (badness 10000) in paragraph at lines 392--393

 []


Package caption Warning: The option `hypcap=true' will be ignored for this
(caption)                particular \caption on input line 398.
See the caption package documentation for explanation.


Underfull \hbox (badness 1082) in paragraph at lines 402--403
[]\OT1/antt/b/n/10.95 Rules|  
 []

[20] [21]
Underfull \hbox (badness 10000) in paragraph at lines 424--427

 []


Underfull \hbox (badness 1072) in paragraph at lines 424--427
\OT1/antt/m/n/10.95 (+20) His/Her most im-port-ant abili-ty is that he/she al-l
ows you to free-ly split your
 []


Underfull \hbox (badness 10000) in paragraph at lines 424--427

 []


Underfull \hbox (badness 10000) in paragraph at lines 424--427

 []


Underfull \hbox (badness 10000) in paragraph at lines 428--429

 []


Package caption Warning: The option `hypcap=true' will be ignored for this
(caption)                particular \caption on input line 433.
See the caption package documentation for explanation.


Overfull \hbox (1.11966pt too wide) in paragraph at lines 440--440
 []|\OT1/antt/b/n/10.95 Mov| 
 []


Overfull \hbox (1.11966pt too wide) in paragraph at lines 440--440
 []|\OT1/antt/b/n/10.95 Mov| 
 []


Overfull \hbox (4.59949pt too wide) in paragraph at lines 440--440
 []\OT1/antt/b/n/10.95 ATK| 
 []


Overfull \hbox (3.56792pt too wide) in paragraph at lines 440--440
 []\OT1/antt/b/n/10.95 WP| 
 []


Underfull \hbox (badness 10000) in paragraph at lines 440--444
[][]
 []


Underfull \hbox (badness 10000) in paragraph at lines 440--444

 []


Underfull \hbox (badness 10000) in paragraph at lines 440--444

 []

[22]
Underfull \hbox (badness 10000) in paragraph at lines 446--447

 []


Underfull \hbox (badness 10000) in paragraph at lines 450--451

 []


Underfull \hbox (badness 10000) in paragraph at lines 450--451

 []

[23]

Package caption Warning: The option `hypcap=true' will be ignored for this
(caption)                particular \caption on input line 461.
See the caption package documentation for explanation.


Overfull \hbox (1.11966pt too wide) in paragraph at lines 469--469
 []|\OT1/antt/b/n/10.95 Mov| 
 []


Overfull \hbox (3.46696pt too wide) in paragraph at lines 469--469
[]|\OT1/antt/m/n/10.95 (-20) Squadleader|  
 []


Overfull \hbox (1.11966pt too wide) in paragraph at lines 469--469
 []|\OT1/antt/b/n/10.95 Mov| 
 []


Overfull \hbox (1.93906pt too wide) in paragraph at lines 469--469
 []\OT1/antt/b/n/10.95 ATK| 
 []


Overfull \hbox (1.35109pt too wide) in paragraph at lines 469--469
 []\OT1/antt/b/n/10.95 WP| 
 []


Overfull \hbox (3.46696pt too wide) in paragraph at lines 469--469
[]|\OT1/antt/m/n/10.95 (-20) Squadleader|  
 []


Overfull \hbox (2.08908pt too wide) in paragraph at lines 469--469
 [][]\OT1/antt/m/n/10.95 (-20) 3[][](+1)[]| 
 []


Overfull \hbox (2.08908pt too wide) in paragraph at lines 469--469
 [][]\OT1/antt/m/n/10.95 (-20) 3[][](+1)[]| 
 []

[24]

Package caption Warning: The option `hypcap=true' will be ignored for this
(caption)                particular \caption on input line 496.
See the caption package documentation for explanation.


Overfull \hbox (5.9494pt too wide) in paragraph at lines 511--512
[] 
 []

[25]

Package caption Warning: The option `hypcap=true' will be ignored for this
(caption)                particular \caption on input line 516.
See the caption package documentation for explanation.


Overfull \hbox (6.61197pt too wide) in paragraph at lines 530--530
 []|\OT1/antt/m/n/10.95 (-20) 4+/5+/6+| 
 []


Overfull \hbox (2.59196pt too wide) in paragraph at lines 530--530
 []|\OT1/antt/m/n/10.95 (-20) Reflex| 
 []


Overfull \hbox (2.59196pt too wide) in paragraph at lines 530--530
 []|\OT1/antt/m/n/10.95 (-20) Reflex| 
 []


Overfull \hbox (2.59196pt too wide) in paragraph at lines 530--530
 []|\OT1/antt/m/n/10.95 (-20) Reflex| 
 []


Overfull \hbox (1.94807pt too wide) in paragraph at lines 530--530
 []|\OT1/antt/m/n/10.95 (-20) Shield| 
 []


Overfull \hbox (1.94807pt too wide) in paragraph at lines 530--530
 []|\OT1/antt/m/n/10.95 (-20) Shield| 
 []


Overfull \hbox (1.94807pt too wide) in paragraph at lines 530--530
 []|\OT1/antt/m/n/10.95 (-20) Shield| 
 []


Overfull \hbox (6.61197pt too wide) in paragraph at lines 530--530
 []|\OT1/antt/m/n/10.95 (-20) 6+/5+/4+| 
 []


Overfull \hbox (6.61197pt too wide) in paragraph at lines 530--530
 []|\OT1/antt/m/n/10.95 (-20) 4+/5+/6+| 
 []


Overfull \hbox (2.59196pt too wide) in paragraph at lines 530--530
 []|\OT1/antt/m/n/10.95 (-20) Reflex| 
 []


Overfull \hbox (2.59196pt too wide) in paragraph at lines 530--530
 []|\OT1/antt/m/n/10.95 (-20) Reflex| 
 []


Overfull \hbox (2.59196pt too wide) in paragraph at lines 530--530
 []|\OT1/antt/m/n/10.95 (-20) Reflex| 
 []


Overfull \hbox (1.94807pt too wide) in paragraph at lines 530--530
 []|\OT1/antt/m/n/10.95 (-20) Shield| 
 []


Overfull \hbox (1.94807pt too wide) in paragraph at lines 530--530
 []|\OT1/antt/m/n/10.95 (-20) Shield| 
 []


Overfull \hbox (1.94807pt too wide) in paragraph at lines 530--530
 []|\OT1/antt/m/n/10.95 (-20) Shield| 
 []


Overfull \hbox (6.61197pt too wide) in paragraph at lines 530--530
 []|\OT1/antt/m/n/10.95 (-20) 6+/5+/4+| 
 []


Overfull \hbox (28.83774pt too wide) in paragraph at lines 530--531
[] 
 []

[26]

Package caption Warning: The option `hypcap=true' will be ignored for this
(caption)                particular \caption on input line 559.
See the caption package documentation for explanation.


Overfull \hbox (5.755pt too wide) in paragraph at lines 568--568
 []|\OT1/antt/b/n/10.95 Range| 
 []


Overfull \hbox (5.755pt too wide) in paragraph at lines 568--568
 []|\OT1/antt/b/n/10.95 Range| 
 []


Overfull \hbox (3.54698pt too wide) in paragraph at lines 568--568
 []\OT1/antt/b/n/10.95 DP| 
 []


Overfull \hbox (3.26648pt too wide) in paragraph at lines 568--568
 []\OT1/antt/b/n/10.95 SN| 
 []


Overfull \hbox (6.2107pt too wide) in paragraph at lines 568--568
 []\OT1/antt/b/n/10.95 Shots| 
 []


Overfull \hbox (22.18327pt too wide) in paragraph at lines 568--569
[][] 
 []

[27] [28] [29]

Package caption Warning: The option `hypcap=true' will be ignored for this
(caption)                particular \caption on input line 592.
See the caption package documentation for explanation.


Overfull \hbox (5.755pt too wide) in paragraph at lines 605--605
 []|\OT1/antt/b/n/10.95 Range| 
 []


Overfull \hbox (5.755pt too wide) in paragraph at lines 605--605
 []|\OT1/antt/b/n/10.95 Range| 
 []


Overfull \hbox (2.80205pt too wide) in paragraph at lines 605--605
 []\OT1/antt/b/n/10.95 DP| 
 []


Overfull \hbox (2.58046pt too wide) in paragraph at lines 605--605
 []\OT1/antt/b/n/10.95 SN| 
 []


Overfull \hbox (4.90633pt too wide) in paragraph at lines 605--605
 []\OT1/antt/b/n/10.95 Shots| 
 []


Overfull \hbox (12.05579pt too wide) in paragraph at lines 605--606
[] 
 []


Package caption Warning: The option `hypcap=true' will be ignored for this
(caption)                particular \caption on input line 617.
See the caption package documentation for explanation.

[30]
Overfull \hbox (5.755pt too wide) in paragraph at lines 631--631
 []|\OT1/antt/b/n/10.95 Range| 
 []


Overfull \hbox (5.755pt too wide) in paragraph at lines 631--631
 []|\OT1/antt/b/n/10.95 Range| 
 []


Overfull \hbox (3.98361pt too wide) in paragraph at lines 631--631
 []\OT1/antt/b/n/10.95 DP| 
 []


Overfull \hbox (3.66856pt too wide) in paragraph at lines 631--631
 []\OT1/antt/b/n/10.95 SN| 
 []


Overfull \hbox (6.97522pt too wide) in paragraph at lines 631--631
 []\OT1/antt/b/n/10.95 Shots| 
 []


Overfull \hbox (28.12712pt too wide) in paragraph at lines 631--632
[][] 
 []

[31] [32]

Package caption Warning: The option `hypcap=true' will be ignored for this
(caption)                particular \caption on input line 676.
See the caption package documentation for explanation.


Overfull \hbox (2.08678pt too wide) in paragraph at lines 686--686
 []|\OT1/antt/b/n/10.95 Mel.S 
 []


Overfull \hbox (2.08678pt too wide) in paragraph at lines 686--686
 []|\OT1/antt/b/n/10.95 Mel.S 
 []


Overfull \hbox (4.49489pt too wide) in paragraph at lines 686--686
 []\OT1/antt/b/n/10.95 DP| 
 []


Overfull \hbox (4.13942pt too wide) in paragraph at lines 686--686
 []\OT1/antt/b/n/10.95 SN| 
 []


Overfull \hbox (5.79324pt too wide) in paragraph at lines 686--686
 []\OT1/antt/m/n/10.95 (-20) User| 
 []


Overfull \hbox (5.79324pt too wide) in paragraph at lines 686--686
 []\OT1/antt/m/n/10.95 (-20) User| 
 []


Overfull \hbox (5.79324pt too wide) in paragraph at lines 686--686
 []\OT1/antt/m/n/10.95 (-20) User| 
 []


Overfull \hbox (5.79324pt too wide) in paragraph at lines 686--686
 []\OT1/antt/m/n/10.95 (-20) User| 
 []


Overfull \hbox (35.05916pt too wide) in paragraph at lines 686--687
[] 
 []

[33]

Package caption Warning: The option `hypcap=true' will be ignored for this
(caption)                particular \caption on input line 698.
See the caption package documentation for explanation.


Overfull \hbox (9.1637pt too wide) in paragraph at lines 709--710
[][] 
 []


Package caption Warning: The option `hypcap=true' will be ignored for this
(caption)                particular \caption on input line 715.
See the caption package documentation for explanation.

[34] [35]

Package caption Warning: The option `hypcap=true' will be ignored for this
(caption)                particular \caption on input line 741.
See the caption package documentation for explanation.


Overfull \hbox (2.19963pt too wide) in paragraph at lines 745--745
[]\OT1/antt/b/n/10.95 Mov|  
 []


Overfull \hbox (2.19963pt too wide) detected at line 745
[]\OT1/antt/b/n/10.95 Mov|  
 []


Overfull \hbox (4.05414pt too wide) in paragraph at lines 745--745
[]\OT1/antt/b/n/10.95 FP|  
 []


Overfull \hbox (4.05414pt too wide) detected at line 745
[]\OT1/antt/b/n/10.95 FP|  
 []


Overfull \hbox (3.6928pt too wide) in paragraph at lines 745--745
[]\OT1/antt/b/n/10.95 SP|  
 []


Overfull \hbox (3.6928pt too wide) detected at line 745
[]\OT1/antt/b/n/10.95 SP|  
 []


Overfull \hbox (5.17105pt too wide) in paragraph at lines 745--745
[]\OT1/antt/b/n/10.95 BP|  
 []


Overfull \hbox (5.17105pt too wide) detected at line 745
[]\OT1/antt/b/n/10.95 BP|  
 []


Overfull \hbox (6.25508pt too wide) in paragraph at lines 745--745
[]\OT1/antt/b/n/10.95 HP|  
 []


Overfull \hbox (6.25508pt too wide) detected at line 745
[]\OT1/antt/b/n/10.95 HP|  
 []


Overfull \hbox (2.84564pt too wide) in paragraph at lines 745--746
[]\OT1/antt/b/n/10.95 Cost|  
 []


Overfull \hbox (2.84564pt too wide) detected at line 746
[]\OT1/antt/b/n/10.95 Cost|  
 []


Overfull \hbox (5.21822pt too wide) in paragraph at lines 750--750
[]\OT1/antt/m/n/10.95 (-20) Transport|  
 []


Overfull \hbox (5.56862pt too wide) detected at line 750
[]\OT1/antt/m/n/10.95 (-20) Transport|  
 []


Overfull \hbox (1.16557pt too wide) detected at line 750
[]\OT1/antt/m/n/10.95 (+20) Transport, 
 []


Overfull \hbox (16.90146pt too wide) in alignment at lines 743--752
 [] [] [] [] [] [] [] [] [] [] [] 
 []


Underfull \hbox (badness 10000) in paragraph at lines 755--757

 []

[36]
Underfull \hbox (badness 10000) in paragraph at lines 771--773

 []


Underfull \hbox (badness 10000) in paragraph at lines 771--773

 []


Package caption Warning: The option `hypcap=true' will be ignored for this
(caption)                particular \caption on input line 777.
See the caption package documentation for explanation.


Overfull \hbox (1.11966pt too wide) in paragraph at lines 784--784
 []|\OT1/antt/b/n/10.95 Mov| 
 []


Overfull \hbox (1.11966pt too wide) in paragraph at lines 784--784
 []|\OT1/antt/b/n/10.95 Mov| 
 []


Overfull \hbox (1.93906pt too wide) in paragraph at lines 784--784
 []\OT1/antt/b/n/10.95 ATK| 
 []


Overfull \hbox (1.35109pt too wide) in paragraph at lines 784--784
 []\OT1/antt/b/n/10.95 WP| 
 []


Overfull \hbox (2.08908pt too wide) in paragraph at lines 784--784
 [][]\OT1/antt/m/n/10.95 (-20) 3[][](+1)[]| 
 []


Overfull \hbox (2.08908pt too wide) in paragraph at lines 784--784
 [][]\OT1/antt/m/n/10.95 (-20) 3[][](+1)[]| 
 []


Underfull \hbox (badness 10000) in paragraph at lines 789--790

 []


Underfull \hbox (badness 10000) in paragraph at lines 789--790

 []

[37]

Package caption Warning: The option `hypcap=true' will be ignored for this
(caption)                particular \caption on input line 795.
See the caption package documentation for explanation.


Overfull \hbox (1.01552pt too wide) in paragraph at lines 812--813
[][] 
 []

[38] [39]
Underfull \hbox (badness 10000) in paragraph at lines 823--824

 []


Underfull \hbox (badness 10000) in paragraph at lines 823--824

 []


Package caption Warning: The option `hypcap=true' will be ignored for this
(caption)                particular \caption on input line 828.
See the caption package documentation for explanation.


Overfull \hbox (2.19963pt too wide) in paragraph at lines 832--832
[]\OT1/antt/b/n/10.95 Mov|  
 []


Overfull \hbox (2.19963pt too wide) detected at line 832
[]\OT1/antt/b/n/10.95 Mov|  
 []


Overfull \hbox (4.05414pt too wide) in paragraph at lines 832--832
[]\OT1/antt/b/n/10.95 FP|  
 []


Overfull \hbox (4.05414pt too wide) detected at line 832
[]\OT1/antt/b/n/10.95 FP|  
 []


Overfull \hbox (3.6928pt too wide) in paragraph at lines 832--832
[]\OT1/antt/b/n/10.95 SP|  
 []


Overfull \hbox (3.6928pt too wide) detected at line 832
[]\OT1/antt/b/n/10.95 SP|  
 []


Overfull \hbox (5.17105pt too wide) in paragraph at lines 832--832
[]\OT1/antt/b/n/10.95 BP|  
 []


Overfull \hbox (5.17105pt too wide) detected at line 832
[]\OT1/antt/b/n/10.95 BP|  
 []


Overfull \hbox (6.25508pt too wide) in paragraph at lines 832--832
[]\OT1/antt/b/n/10.95 HP|  
 []


Overfull \hbox (6.25508pt too wide) detected at line 832
[]\OT1/antt/b/n/10.95 HP|  
 []


Package caption Warning: The option `hypcap=true' will be ignored for this
(caption)                particular \caption on input line 838.
See the caption package documentation for explanation.


Overfull \hbox (1.11966pt too wide) in paragraph at lines 845--845
 []|\OT1/antt/b/n/10.95 Mov| 
 []


Overfull \hbox (1.11966pt too wide) in paragraph at lines 845--845
 []|\OT1/antt/b/n/10.95 Mov| 
 []


Overfull \hbox (1.93906pt too wide) in paragraph at lines 845--845
 []\OT1/antt/b/n/10.95 ATK| 
 []


Overfull \hbox (1.35109pt too wide) in paragraph at lines 845--845
 []\OT1/antt/b/n/10.95 WP| 
 []


Overfull \hbox (2.08908pt too wide) in paragraph at lines 845--845
 [][]\OT1/antt/m/n/10.95 (-20) 3[][](+1)[]| 
 []


Overfull \hbox (2.08908pt too wide) in paragraph at lines 845--845
 [][]\OT1/antt/m/n/10.95 (-20) 3[][](+1)[]| 
 []


Underfull \hbox (badness 10000) in paragraph at lines 847--859

 []


Underfull \hbox (badness 10000) in paragraph at lines 847--859

 []


Underfull \hbox (badness 10000) in paragraph at lines 847--859

 []

[40] [41]
Underfull \hbox (badness 10000) in paragraph at lines 880--883

 []


Underfull \hbox (badness 10000) in paragraph at lines 880--883

 []


Underfull \hbox (badness 10000) in paragraph at lines 885--891

 []


Underfull \hbox (badness 10000) in paragraph at lines 885--891

 []


Underfull \hbox (badness 10000) in paragraph at lines 885--891

 []

[42] [43]
*geometry* verbose mode - [ newgeometry ] result:
* driver: pdftex
* paper: a4paper
* layout: <same size as paper>
* layoutoffset:(h,v)=(0.0pt,0.0pt)
* modes: 
* h-part:(L,W,R)=(17.07164pt, 563.3646pt, 17.07164pt)
* v-part:(T,H,B)=(14.22636pt, 813.74884pt, 17.07164pt)
* \paperwidth=597.50787pt
* \paperheight=845.04684pt
* \textwidth=563.3646pt
* \textheight=813.74884pt
* \oddsidemargin=-55.19835pt
* \evensidemargin=-55.19835pt
* \topmargin=-95.04362pt
* \headheight=12.0pt
* \headsep=25.0pt
* \topskip=11.0pt
* \footskip=30.0pt
* \marginparwidth=59.0pt
* \marginparsep=10.0pt
* \columnsep=10.0pt
* \skip\footins=10.0pt plus 4.0pt minus 2.0pt
* \hoffset=0.0pt
* \voffset=0.0pt
* \mag=1000
* \@twocolumnfalse
* \@twosidefalse
* \@mparswitchfalse
* \@reversemarginfalse
* (1in=72.27pt=25.4mm, 1cm=28.453pt)

 <fire-explosion.png, id=534, 441.65pt x 441.65pt>
File: fire-explosion.png Graphic file (type png)

<use fire-explosion.png>
Package pdftex.def Info: fire-explosion.png used on input line 899.
(pdftex.def)             Requested size: 170.71652pt x 170.71304pt.
LaTeX Font Info:    Try loading font information for U+futs on input line 900.

("C:\Program Files\MiKTeX 2.9\tex\latex\fourier\ufuts.fd"
File: ufuts.fd 2004/03/26 Fontinst v1.926 font definitions for U/futs.
)
File: fire-explosion.png Graphic file (type png)

<use fire-explosion.png>
Package pdftex.def Info: fire-explosion.png used on input line 907.
(pdftex.def)             Requested size: 170.71652pt x 170.71304pt.
File: fire-explosion.png Graphic file (type png)
 <use fire-explosion.png>
Package pdftex.def Info: fire-explosion.png used on input line 915.
(pdftex.def)             Requested size: 170.71652pt x 170.71304pt.
File: fire-explosion.png Graphic file (type png)
 <use fire-explosion.png>
Package pdftex.def Info: fire-explosion.png used on input line 923.
(pdftex.def)             Requested size: 170.71652pt x 170.71304pt.
File: fire-explosion.png Graphic file (type png)

<use fire-explosion.png>
Package pdftex.def Info: fire-explosion.png used on input line 931.
(pdftex.def)             Requested size: 170.71652pt x 170.71304pt.
File: fire-explosion.png Graphic file (type png)
 <use fire-explosion.png>
Package pdftex.def Info: fire-explosion.png used on input line 939.
(pdftex.def)             Requested size: 170.71652pt x 170.71304pt.
File: fire-explosion.png Graphic file (type png)
 <use fire-explosion.png>
Package pdftex.def Info: fire-explosion.png used on input line 948.
(pdftex.def)             Requested size: 170.71652pt x 170.71304pt.
File: fire-explosion.png Graphic file (type png)

<use fire-explosion.png>
Package pdftex.def Info: fire-explosion.png used on input line 956.
(pdftex.def)             Requested size: 170.71652pt x 170.71304pt.
File: fire-explosion.png Graphic file (type png)
 <use fire-explosion.png>
Package pdftex.def Info: fire-explosion.png used on input line 964.
(pdftex.def)             Requested size: 170.71652pt x 170.71304pt.
File: fire-explosion.png Graphic file (type png)
 <use fire-explosion.png>
Package pdftex.def Info: fire-explosion.png used on input line 972.
(pdftex.def)             Requested size: 170.71652pt x 170.71304pt.
File: fire-explosion.png Graphic file (type png)

<use fire-explosion.png>
Package pdftex.def Info: fire-explosion.png used on input line 980.
(pdftex.def)             Requested size: 170.71652pt x 170.71304pt.
File: fire-explosion.png Graphic file (type png)
 <use fire-explosion.png>
Package pdftex.def Info: fire-explosion.png used on input line 988.
(pdftex.def)             Requested size: 170.71652pt x 170.71304pt.
File: fire-explosion.png Graphic file (type png)
 <use fire-explosion.png>
Package pdftex.def Info: fire-explosion.png used on input line 996.
(pdftex.def)             Requested size: 170.71652pt x 170.71304pt.
File: fire-explosion.png Graphic file (type png)

<use fire-explosion.png>
Package pdftex.def Info: fire-explosion.png used on input line 1004.
(pdftex.def)             Requested size: 170.71652pt x 170.71304pt.
File: fire-explosion.png Graphic file (type png)
 <use fire-explosion.png>
Package pdftex.def Info: fire-explosion.png used on input line 1012.
(pdftex.def)             Requested size: 170.71652pt x 170.71304pt.
File: fire-explosion.png Graphic file (type png)
 <use fire-explosion.png>
Package pdftex.def Info: fire-explosion.png used on input line 1020.
(pdftex.def)             Requested size: 170.71652pt x 170.71304pt.
File: fire-explosion.png Graphic file (type png)

<use fire-explosion.png>
Package pdftex.def Info: fire-explosion.png used on input line 1028.
(pdftex.def)             Requested size: 170.71652pt x 170.71304pt.
File: fire-explosion.png Graphic file (type png)
 <use fire-explosion.png>
Package pdftex.def Info: fire-explosion.png used on input line 1036.
(pdftex.def)             Requested size: 170.71652pt x 170.71304pt.
File: fire-explosion.png Graphic file (type png)
 <use fire-explosion.png>
Package pdftex.def Info: fire-explosion.png used on input line 1044.
(pdftex.def)             Requested size: 170.71652pt x 170.71304pt.
File: fire-explosion.png Graphic file (type png)

<use fire-explosion.png>
Package pdftex.def Info: fire-explosion.png used on input line 1052.
(pdftex.def)             Requested size: 170.71652pt x 170.71304pt.
File: fire-explosion.png Graphic file (type png)
 <use fire-explosion.png>
Package pdftex.def Info: fire-explosion.png used on input line 1060.
(pdftex.def)             Requested size: 170.71652pt x 170.71304pt.
File: fire-explosion.png Graphic file (type png)
 <use fire-explosion.png>
Package pdftex.def Info: fire-explosion.png used on input line 1068.
(pdftex.def)             Requested size: 170.71652pt x 170.71304pt.
File: fire-explosion.png Graphic file (type png)

<use fire-explosion.png>
Package pdftex.def Info: fire-explosion.png used on input line 1076.
(pdftex.def)             Requested size: 170.71652pt x 170.71304pt.
File: fire-explosion.png Graphic file (type png)
 <use fire-explosion.png>
Package pdftex.def Info: fire-explosion.png used on input line 1084.
(pdftex.def)             Requested size: 170.71652pt x 170.71304pt.
File: fire-explosion.png Graphic file (type png)
 <use fire-explosion.png>
Package pdftex.def Info: fire-explosion.png used on input line 1093.
(pdftex.def)             Requested size: 170.71652pt x 170.71304pt.
File: fire-explosion.png Graphic file (type png)

<use fire-explosion.png>
Package pdftex.def Info: fire-explosion.png used on input line 1101.
(pdftex.def)             Requested size: 170.71652pt x 170.71304pt.
File: fire-explosion.png Graphic file (type png)
 <use fire-explosion.png>
Package pdftex.def Info: fire-explosion.png used on input line 1109.
(pdftex.def)             Requested size: 170.71652pt x 170.71304pt.
File: fire-explosion.png Graphic file (type png)
 <use fire-explosion.png>
Package pdftex.def Info: fire-explosion.png used on input line 1117.
(pdftex.def)             Requested size: 170.71652pt x 170.71304pt.
File: fire-explosion.png Graphic file (type png)

<use fire-explosion.png>
Package pdftex.def Info: fire-explosion.png used on input line 1125.
(pdftex.def)             Requested size: 170.71652pt x 170.71304pt.
File: fire-explosion.png Graphic file (type png)
 <use fire-explosion.png>
Package pdftex.def Info: fire-explosion.png used on input line 1133.
(pdftex.def)             Requested size: 170.71652pt x 170.71304pt.
File: fire-explosion.png Graphic file (type png)
 <use fire-explosion.png>
Package pdftex.def Info: fire-explosion.png used on input line 1141.
(pdftex.def)             Requested size: 170.71652pt x 170.71304pt.
File: fire-explosion.png Graphic file (type png)

<use fire-explosion.png>
Package pdftex.def Info: fire-explosion.png used on input line 1149.
(pdftex.def)             Requested size: 170.71652pt x 170.71304pt.
File: fire-explosion.png Graphic file (type png)
 <use fire-explosion.png>
Package pdftex.def Info: fire-explosion.png used on input line 1157.
(pdftex.def)             Requested size: 170.71652pt x 170.71304pt.
File: fire-explosion.png Graphic file (type png)
 <use fire-explosion.png>
Package pdftex.def Info: fire-explosion.png used on input line 1165.
(pdftex.def)             Requested size: 170.71652pt x 170.71304pt.
File: fire-explosion.png Graphic file (type png)

<use fire-explosion.png>
Package pdftex.def Info: fire-explosion.png used on input line 1173.
(pdftex.def)             Requested size: 170.71652pt x 170.71304pt.
File: fire-explosion.png Graphic file (type png)
 <use fire-explosion.png>
Package pdftex.def Info: fire-explosion.png used on input line 1181.
(pdftex.def)             Requested size: 170.71652pt x 170.71304pt.

Underfull \hbox (badness 10000) in paragraph at lines 905--1188
[] [] []
 []


Underfull \hbox (badness 10000) in paragraph at lines 905--1188
[] [] []
 []


Underfull \hbox (badness 10000) in paragraph at lines 905--1188
[] [] []
 []


Underfull \hbox (badness 10000) in paragraph at lines 905--1188
[] [] []
 []


Underfull \hbox (badness 10000) in paragraph at lines 905--1188
[] [] []
 []


Underfull \hbox (badness 10000) in paragraph at lines 905--1188
[] [] []
 []


Underfull \hbox (badness 10000) in paragraph at lines 905--1188
[] [] []
 []


Underfull \hbox (badness 10000) in paragraph at lines 905--1188
[] [] []
 []


Underfull \hbox (badness 10000) in paragraph at lines 905--1188
[] [] []
 []


Underfull \hbox (badness 10000) in paragraph at lines 905--1188
[] [] []
 []


Underfull \hbox (badness 10000) in paragraph at lines 905--1188
[] [] []
 []

[44

 <C:/Users/Masgroth/Documents/Between two Suns Latex/fire-explosion.png>]
[45] [46] [47] [48

] [49] [50]
Underfull \hbox (badness 10000) in paragraph at lines 1249--1253

 []


Underfull \hbox (badness 10000) in paragraph at lines 1254--1260

 []


Underfull \hbox (badness 10000) in paragraph at lines 1254--1260

 []


Underfull \hbox (badness 10000) in paragraph at lines 1254--1260

 []


Underfull \hbox (badness 10000) in paragraph at lines 1254--1260

 []

<arrows.png, id=571, 916.42375pt x 832.10875pt>
File: arrows.png Graphic file (type png)
 <use arrows.png>
Package pdftex.def Info: arrows.png used on input line 1263.
(pdftex.def)             Requested size: 170.71652pt x 155.00424pt.
File: arrows.png Graphic file (type png)

<use arrows.png>
Package pdftex.def Info: arrows.png used on input line 1271.
(pdftex.def)             Requested size: 170.71652pt x 155.00424pt.
File: arrows.png Graphic file (type png)
 <use arrows.png>
Package pdftex.def Info: arrows.png used on input line 1279.
(pdftex.def)             Requested size: 170.71652pt x 155.00424pt.
File: arrows.png Graphic file (type png)
 <use arrows.png>
Package pdftex.def Info: arrows.png used on input line 1287.
(pdftex.def)             Requested size: 170.71652pt x 155.00424pt.
File: arrows.png Graphic file (type png)
 <use arrows.png>
Package pdftex.def Info: arrows.png used on input line 1295.
(pdftex.def)             Requested size: 170.71652pt x 155.00424pt.
File: arrows.png Graphic file (type png)

<use arrows.png>
Package pdftex.def Info: arrows.png used on input line 1303.
(pdftex.def)             Requested size: 170.71652pt x 155.00424pt.
File: arrows.png Graphic file (type png)
 <use arrows.png>
Package pdftex.def Info: arrows.png used on input line 1311.
(pdftex.def)             Requested size: 170.71652pt x 155.00424pt.
File: arrows.png Graphic file (type png)
 <use arrows.png>
Package pdftex.def Info: arrows.png used on input line 1319.
(pdftex.def)             Requested size: 170.71652pt x 155.00424pt.
File: arrows.png Graphic file (type png)
 <use arrows.png>
Package pdftex.def Info: arrows.png used on input line 1327.
(pdftex.def)             Requested size: 170.71652pt x 155.00424pt.
File: arrows.png Graphic file (type png)

<use arrows.png>
Package pdftex.def Info: arrows.png used on input line 1335.
(pdftex.def)             Requested size: 170.71652pt x 155.00424pt.
File: arrows.png Graphic file (type png)
 <use arrows.png>
Package pdftex.def Info: arrows.png used on input line 1343.
(pdftex.def)             Requested size: 170.71652pt x 155.00424pt.
File: arrows.png Graphic file (type png)
 <use arrows.png>
Package pdftex.def Info: arrows.png used on input line 1351.
(pdftex.def)             Requested size: 170.71652pt x 155.00424pt.

Underfull \hbox (badness 1028) in paragraph at lines 1354--1354
[][][][][]\OT1/antt/m/it/10.95 (+20) Don't let them 
 []


Underfull \hbox (badness 10000) in paragraph at lines 1269--1358
[] []
 []


Underfull \hbox (badness 10000) in paragraph at lines 1269--1358
[] []
 []


Underfull \hbox (badness 10000) in paragraph at lines 1269--1358
[] []
 []


Underfull \hbox (badness 10000) in paragraph at lines 1269--1358
[] []
 []


Underfull \hbox (badness 10000) in paragraph at lines 1269--1358
[] []
 []

[51] [52 <C:/Users/Masgroth/Documents/Between two Suns Latex/arrows.png>]
[53] [54]

Package caption Warning: The option `hypcap=true' will be ignored for this
(caption)                particular \caption on input line 1362.
See the caption package documentation for explanation.


Overfull \hbox (21.32625pt too wide) in alignment at lines 1364--1382
 [] [] [] [] 
 []


Underfull \vbox (badness 10000) detected at line 1382
 []

[55]
Underfull \hbox (badness 10000) in paragraph at lines 1399--1400

 []


Package caption Warning: The option `hypcap=true' will be ignored for this
(caption)                particular \caption on input line 1406.
See the caption package documentation for explanation.


Overfull \hbox (1.11966pt too wide) in paragraph at lines 1414--1414
 []|\OT1/antt/b/n/10.95 Mov| 
 []


Overfull \hbox (1.11966pt too wide) in paragraph at lines 1414--1414
 []|\OT1/antt/b/n/10.95 Mov| 
 []


Overfull \hbox (4.59949pt too wide) in paragraph at lines 1414--1414
 []\OT1/antt/b/n/10.95 ATK| 
 []


Overfull \hbox (3.56792pt too wide) in paragraph at lines 1414--1414
 []\OT1/antt/b/n/10.95 WP| 
 []


Package caption Warning: The option `hypcap=true' will be ignored for this
(caption)                particular \caption on input line 1437.
See the caption package documentation for explanation.

[56]
Overfull \hbox (1.11966pt too wide) in paragraph at lines 1445--1445
 []|\OT1/antt/b/n/10.95 Mov| 
 []


Overfull \hbox (1.11966pt too wide) in paragraph at lines 1445--1445
 []|\OT1/antt/b/n/10.95 Mov| 
 []


Overfull \hbox (4.59949pt too wide) in paragraph at lines 1445--1445
 []\OT1/antt/b/n/10.95 ATK| 
 []


Overfull \hbox (3.56792pt too wide) in paragraph at lines 1445--1445
 []\OT1/antt/b/n/10.95 WP| 
 []


Package caption Warning: The option `hypcap=true' will be ignored for this
(caption)                particular \caption on input line 1449.
See the caption package documentation for explanation.


Overfull \hbox (1.11966pt too wide) in paragraph at lines 1457--1457
 []|\OT1/antt/b/n/10.95 Mov| 
 []


Overfull \hbox (1.11966pt too wide) in paragraph at lines 1457--1457
 []|\OT1/antt/b/n/10.95 Mov| 
 []


Overfull \hbox (4.59949pt too wide) in paragraph at lines 1457--1457
 []\OT1/antt/b/n/10.95 ATK| 
 []


Overfull \hbox (3.56792pt too wide) in paragraph at lines 1457--1457
 []\OT1/antt/b/n/10.95 WP| 
 []

[57]
Package atveryend Info: Empty hook `BeforeClearDocument' on input line 1464.
Package atveryend Info: Empty hook `AfterLastShipout' on input line 1464.
 ("C:\Users\Masgroth\Documents\Between two Suns Latex\BetweenTwoSuns.aux")
Package atveryend Info: Executing hook `AtVeryEndDocument' on input line 1464.
Package atveryend Info: Empty hook `AtEndAfterFileList' on input line 1464.
Package atveryend Info: Empty hook `AtVeryVeryEnd' on input line 1464.
 ) 
Here is how much of TeX's memory you used:
 20784 strings out of 493921
 381369 string characters out of 3147273
 807911 words of memory out of 3000000
 23297 multiletter control sequences out of 15000+200000
 52544 words of font info for 108 fonts, out of 3000000 for 9000
 841 hyphenation exceptions out of 8191
 62i,9n,78p,648b,778s stack positions out of 5000i,500n,10000p,200000b,50000s
{C:/Program Files/MiKTeX 2.9/fonts/enc/dvips/antt/antt-qx.enc}{C:/Program Fil
es/MiKTeX 2.9/fonts/enc/dvips/antt/antt-sy.enc}<C:/Program Files/MiKTeX 2.9/fon
ts/type1/public/antt/anttb.pfb><C:/Program Files/MiKTeX 2.9/fonts/type1/public/
antt/anttbi.pfb><C:/Program Files/MiKTeX 2.9/fonts/type1/public/antt/anttr.pfb>
<C:/Program Files/MiKTeX 2.9/fonts/type1/public/antt/anttri.pfb><C:/Program Fil
es/MiKTeX 2.9/fonts/type1/public/fourier/fourier-orns.pfb>
Output written on BetweenTwoSuns.pdf (57 pages, 14071360 bytes).
PDF statistics:
 954 PDF objects out of 1000 (max. 8388607)
 248 named destinations out of 1000 (max. 500000)
 12612 words of extra memory for PDF output out of 14400 (max. 10000000)

